CRITICAL - 2022-09-13 11:45:56 --> pg_query(): Query failed: ERROR:  no existe la relación «entrega_turno»
LINE 1: SELECT * FROM entrega_turno ORDER BY id ASC
                      ^
in SYSTEMPATH\Database\Postgre\Connection.php on line 135.
 1 [internal function]: CodeIgniter\Debug\Exceptions->errorHandler(2, 'pg_query(): Query failed: ERROR:  no existe la relación «entrega_turno»
LINE 1: SELECT * FROM entrega_turno ORDER BY id ASC
                      ^', 'SYSTEMPATH\\Database\\Postgre\\Connection.php', 135)
 2 SYSTEMPATH\Database\Postgre\Connection.php(135): pg_query(Object(PgSql\Connection), 'SELECT * FROM entrega_turno ORDER BY id ASC')
 3 SYSTEMPATH\Database\BaseConnection.php(695): CodeIgniter\Database\Postgre\Connection->execute('SELECT * FROM entrega_turno ORDER BY id ASC')
 4 SYSTEMPATH\Database\BaseConnection.php(609): CodeIgniter\Database\BaseConnection->simpleQuery('SELECT * FROM entrega_turno ORDER BY id ASC')
 5 APPPATH\Models\EntregaTurnoModel.php(27): CodeIgniter\Database\BaseConnection->query('SELECT * FROM entrega_turno ORDER BY id ASC')
 6 APPPATH\Controllers\EntregaTurno.php(27): App\Models\EntregaTurnoModel->obtenerDatos()
 7 SYSTEMPATH\CodeIgniter.php(896): App\Controllers\EntregaTurno->obtenerTablaDatos()
 8 SYSTEMPATH\CodeIgniter.php(466): CodeIgniter\CodeIgniter->runController(Object(App\Controllers\EntregaTurno))
 9 SYSTEMPATH\CodeIgniter.php(349): CodeIgniter\CodeIgniter->handleRequest(null, Object(Config\Cache), false)
10 FCPATH\index.php(55): CodeIgniter\CodeIgniter->run()
CRITICAL - 2022-09-13 12:32:32 --> pg_query(): Query failed: ERROR:  no existe la relación «entrega_turno»
LINE 1: SELECT * FROM entrega_turno ORDER BY id ASC
                      ^
in SYSTEMPATH\Database\Postgre\Connection.php on line 135.
 1 [internal function]: CodeIgniter\Debug\Exceptions->errorHandler(2, 'pg_query(): Query failed: ERROR:  no existe la relación «entrega_turno»
LINE 1: SELECT * FROM entrega_turno ORDER BY id ASC
                      ^', 'SYSTEMPATH\\Database\\Postgre\\Connection.php', 135)
 2 SYSTEMPATH\Database\Postgre\Connection.php(135): pg_query(Object(PgSql\Connection), 'SELECT * FROM entrega_turno ORDER BY id ASC')
 3 SYSTEMPATH\Database\BaseConnection.php(695): CodeIgniter\Database\Postgre\Connection->execute('SELECT * FROM entrega_turno ORDER BY id ASC')
 4 SYSTEMPATH\Database\BaseConnection.php(609): CodeIgniter\Database\BaseConnection->simpleQuery('SELECT * FROM entrega_turno ORDER BY id ASC')
 5 APPPATH\Models\EntregaTurnoModel.php(27): CodeIgniter\Database\BaseConnection->query('SELECT * FROM entrega_turno ORDER BY id ASC')
 6 APPPATH\Controllers\EntregaTurno.php(27): App\Models\EntregaTurnoModel->obtenerDatos()
 7 SYSTEMPATH\CodeIgniter.php(896): App\Controllers\EntregaTurno->obtenerTablaDatos()
 8 SYSTEMPATH\CodeIgniter.php(466): CodeIgniter\CodeIgniter->runController(Object(App\Controllers\EntregaTurno))
 9 SYSTEMPATH\CodeIgniter.php(349): CodeIgniter\CodeIgniter->handleRequest(null, Object(Config\Cache), false)
10 FCPATH\index.php(55): CodeIgniter\CodeIgniter->run()
CRITICAL - 2022-09-13 14:59:59 --> Class "App\Models\ESDotacionPerfilModel" not found
in APPPATH\Controllers\IniPageController.php on line 18.
 1 SYSTEMPATH\CodeIgniter.php(858): App\Controllers\IniPageController->__construct()
 2 SYSTEMPATH\CodeIgniter.php(457): CodeIgniter\CodeIgniter->createController()
 3 SYSTEMPATH\CodeIgniter.php(349): CodeIgniter\CodeIgniter->handleRequest(null, Object(Config\Cache), false)
 4 FCPATH\index.php(55): CodeIgniter\CodeIgniter->run()
CRITICAL - 2022-09-13 15:00:56 --> Class "App\Models\ESDotacionPerfilModel" not found
in APPPATH\Controllers\IniPageController.php on line 18.
 1 SYSTEMPATH\CodeIgniter.php(858): App\Controllers\IniPageController->__construct()
 2 SYSTEMPATH\CodeIgniter.php(457): CodeIgniter\CodeIgniter->createController()
 3 SYSTEMPATH\CodeIgniter.php(349): CodeIgniter\CodeIgniter->handleRequest(null, Object(Config\Cache), false)
 4 FCPATH\index.php(55): CodeIgniter\CodeIgniter->run()
CRITICAL - 2022-09-13 15:01:04 --> Class "App\Models\ESDotacionPerfilModel" not found
in APPPATH\Controllers\IniPageController.php on line 18.
 1 SYSTEMPATH\CodeIgniter.php(858): App\Controllers\IniPageController->__construct()
 2 SYSTEMPATH\CodeIgniter.php(457): CodeIgniter\CodeIgniter->createController()
 3 SYSTEMPATH\CodeIgniter.php(349): CodeIgniter\CodeIgniter->handleRequest(null, Object(Config\Cache), false)
 4 FCPATH\index.php(55): CodeIgniter\CodeIgniter->run()
CRITICAL - 2022-09-13 15:02:50 --> pg_query(): Query failed: ERROR:  no existe la relación «GRL_dotacion»
LINE 2: FROM &quot;GRL_dotacion&quot;
             ^
in SYSTEMPATH\Database\Postgre\Connection.php on line 135.
 1 [internal function]: CodeIgniter\Debug\Exceptions->errorHandler(2, 'pg_query(): Query failed: ERROR:  no existe la relación «GRL_dotacion»
LINE 2: FROM &quot;GRL_dotacion&quot;
             ^', 'SYSTEMPATH\\Database\\Postgre\\Connection.php', 135)
 2 SYSTEMPATH\Database\Postgre\Connection.php(135): pg_query(Object(PgSql\Connection), 'SELECT *
FROM "GRL_dotacion"
WHERE "id" = \'1\'')
 3 SYSTEMPATH\Database\BaseConnection.php(695): CodeIgniter\Database\Postgre\Connection->execute('SELECT *
FROM "GRL_dotacion"
WHERE "id" = \'1\'')
 4 SYSTEMPATH\Database\BaseConnection.php(609): CodeIgniter\Database\BaseConnection->simpleQuery('SELECT *
FROM "GRL_dotacion"
WHERE "id" = \'1\'')
 5 SYSTEMPATH\Database\BaseBuilder.php(1585): CodeIgniter\Database\BaseConnection->query('SELECT *
FROM "GRL_dotacion"
WHERE "id" = :id:', [...], false)
 6 SYSTEMPATH\Model.php(222): CodeIgniter\Database\BaseBuilder->get()
 7 SYSTEMPATH\BaseModel.php(584): CodeIgniter\Model->doFindAll(0, 0)
 8 APPPATH\Models\GRLDotacionModel.php(36): CodeIgniter\BaseModel->findAll()
 9 APPPATH\Controllers\IniPageController.php(42): App\Models\GRLDotacionModel->obtenerDotacionPorId('1')
10 SYSTEMPATH\CodeIgniter.php(896): App\Controllers\IniPageController->ObtenerDatosUsuarioLogeado()
11 SYSTEMPATH\CodeIgniter.php(466): CodeIgniter\CodeIgniter->runController(Object(App\Controllers\IniPageController))
12 SYSTEMPATH\CodeIgniter.php(349): CodeIgniter\CodeIgniter->handleRequest(null, Object(Config\Cache), false)
13 FCPATH\index.php(55): CodeIgniter\CodeIgniter->run()
CRITICAL - 2022-09-13 15:03:09 --> pg_query(): Query failed: ERROR:  no existe la relación «GRL_dotacion»
LINE 2: FROM &quot;GRL_dotacion&quot;
             ^
in SYSTEMPATH\Database\Postgre\Connection.php on line 135.
 1 [internal function]: CodeIgniter\Debug\Exceptions->errorHandler(2, 'pg_query(): Query failed: ERROR:  no existe la relación «GRL_dotacion»
LINE 2: FROM &quot;GRL_dotacion&quot;
             ^', 'SYSTEMPATH\\Database\\Postgre\\Connection.php', 135)
 2 SYSTEMPATH\Database\Postgre\Connection.php(135): pg_query(Object(PgSql\Connection), 'SELECT *
FROM "GRL_dotacion"
WHERE "id" = \'1\'')
 3 SYSTEMPATH\Database\BaseConnection.php(695): CodeIgniter\Database\Postgre\Connection->execute('SELECT *
FROM "GRL_dotacion"
WHERE "id" = \'1\'')
 4 SYSTEMPATH\Database\BaseConnection.php(609): CodeIgniter\Database\BaseConnection->simpleQuery('SELECT *
FROM "GRL_dotacion"
WHERE "id" = \'1\'')
 5 SYSTEMPATH\Database\BaseBuilder.php(1585): CodeIgniter\Database\BaseConnection->query('SELECT *
FROM "GRL_dotacion"
WHERE "id" = :id:', [...], false)
 6 SYSTEMPATH\Model.php(222): CodeIgniter\Database\BaseBuilder->get()
 7 SYSTEMPATH\BaseModel.php(584): CodeIgniter\Model->doFindAll(0, 0)
 8 APPPATH\Models\GRLDotacionModel.php(36): CodeIgniter\BaseModel->findAll()
 9 APPPATH\Controllers\IniPageController.php(42): App\Models\GRLDotacionModel->obtenerDotacionPorId('1')
10 SYSTEMPATH\CodeIgniter.php(896): App\Controllers\IniPageController->ObtenerDatosUsuarioLogeado()
11 SYSTEMPATH\CodeIgniter.php(466): CodeIgniter\CodeIgniter->runController(Object(App\Controllers\IniPageController))
12 SYSTEMPATH\CodeIgniter.php(349): CodeIgniter\CodeIgniter->handleRequest(null, Object(Config\Cache), false)
13 FCPATH\index.php(55): CodeIgniter\CodeIgniter->run()
CRITICAL - 2022-09-13 15:03:14 --> pg_query(): Query failed: ERROR:  no existe la relación «GRL_dotacion»
LINE 2: FROM &quot;GRL_dotacion&quot;
             ^
in SYSTEMPATH\Database\Postgre\Connection.php on line 135.
 1 [internal function]: CodeIgniter\Debug\Exceptions->errorHandler(2, 'pg_query(): Query failed: ERROR:  no existe la relación «GRL_dotacion»
LINE 2: FROM &quot;GRL_dotacion&quot;
             ^', 'SYSTEMPATH\\Database\\Postgre\\Connection.php', 135)
 2 SYSTEMPATH\Database\Postgre\Connection.php(135): pg_query(Object(PgSql\Connection), 'SELECT *
FROM "GRL_dotacion"
WHERE "id" = \'1\'')
 3 SYSTEMPATH\Database\BaseConnection.php(695): CodeIgniter\Database\Postgre\Connection->execute('SELECT *
FROM "GRL_dotacion"
WHERE "id" = \'1\'')
 4 SYSTEMPATH\Database\BaseConnection.php(609): CodeIgniter\Database\BaseConnection->simpleQuery('SELECT *
FROM "GRL_dotacion"
WHERE "id" = \'1\'')
 5 SYSTEMPATH\Database\BaseBuilder.php(1585): CodeIgniter\Database\BaseConnection->query('SELECT *
FROM "GRL_dotacion"
WHERE "id" = :id:', [...], false)
 6 SYSTEMPATH\Model.php(222): CodeIgniter\Database\BaseBuilder->get()
 7 SYSTEMPATH\BaseModel.php(584): CodeIgniter\Model->doFindAll(0, 0)
 8 APPPATH\Models\GRLDotacionModel.php(36): CodeIgniter\BaseModel->findAll()
 9 APPPATH\Controllers\IniPageController.php(42): App\Models\GRLDotacionModel->obtenerDotacionPorId('1')
10 SYSTEMPATH\CodeIgniter.php(896): App\Controllers\IniPageController->ObtenerDatosUsuarioLogeado()
11 SYSTEMPATH\CodeIgniter.php(466): CodeIgniter\CodeIgniter->runController(Object(App\Controllers\IniPageController))
12 SYSTEMPATH\CodeIgniter.php(349): CodeIgniter\CodeIgniter->handleRequest(null, Object(Config\Cache), false)
13 FCPATH\index.php(55): CodeIgniter\CodeIgniter->run()
CRITICAL - 2022-09-13 15:04:27 --> pg_query(): Query failed: ERROR:  no existe la relación «GRL_dotacion»
LINE 2: FROM &quot;GRL_dotacion&quot;
             ^
in SYSTEMPATH\Database\Postgre\Connection.php on line 135.
 1 [internal function]: CodeIgniter\Debug\Exceptions->errorHandler(2, 'pg_query(): Query failed: ERROR:  no existe la relación «GRL_dotacion»
LINE 2: FROM &quot;GRL_dotacion&quot;
             ^', 'SYSTEMPATH\\Database\\Postgre\\Connection.php', 135)
 2 SYSTEMPATH\Database\Postgre\Connection.php(135): pg_query(Object(PgSql\Connection), 'SELECT *
FROM "GRL_dotacion"
WHERE "id" = \'1\'')
 3 SYSTEMPATH\Database\BaseConnection.php(695): CodeIgniter\Database\Postgre\Connection->execute('SELECT *
FROM "GRL_dotacion"
WHERE "id" = \'1\'')
 4 SYSTEMPATH\Database\BaseConnection.php(609): CodeIgniter\Database\BaseConnection->simpleQuery('SELECT *
FROM "GRL_dotacion"
WHERE "id" = \'1\'')
 5 SYSTEMPATH\Database\BaseBuilder.php(1585): CodeIgniter\Database\BaseConnection->query('SELECT *
FROM "GRL_dotacion"
WHERE "id" = :id:', [...], false)
 6 SYSTEMPATH\Model.php(222): CodeIgniter\Database\BaseBuilder->get()
 7 SYSTEMPATH\BaseModel.php(584): CodeIgniter\Model->doFindAll(0, 0)
 8 APPPATH\Models\GRLDotacionModel.php(36): CodeIgniter\BaseModel->findAll()
 9 APPPATH\Controllers\IniPageController.php(42): App\Models\GRLDotacionModel->obtenerDotacionPorId('1')
10 SYSTEMPATH\CodeIgniter.php(896): App\Controllers\IniPageController->ObtenerDatosUsuarioLogeado()
11 SYSTEMPATH\CodeIgniter.php(466): CodeIgniter\CodeIgniter->runController(Object(App\Controllers\IniPageController))
12 SYSTEMPATH\CodeIgniter.php(349): CodeIgniter\CodeIgniter->handleRequest(null, Object(Config\Cache), false)
13 FCPATH\index.php(55): CodeIgniter\CodeIgniter->run()
CRITICAL - 2022-09-13 15:04:36 --> pg_query(): Query failed: ERROR:  no existe la relación «GRL_dotacion»
LINE 2: FROM &quot;GRL_dotacion&quot;
             ^
in SYSTEMPATH\Database\Postgre\Connection.php on line 135.
 1 [internal function]: CodeIgniter\Debug\Exceptions->errorHandler(2, 'pg_query(): Query failed: ERROR:  no existe la relación «GRL_dotacion»
LINE 2: FROM &quot;GRL_dotacion&quot;
             ^', 'SYSTEMPATH\\Database\\Postgre\\Connection.php', 135)
 2 SYSTEMPATH\Database\Postgre\Connection.php(135): pg_query(Object(PgSql\Connection), 'SELECT *
FROM "GRL_dotacion"
WHERE "id" = \'1\'')
 3 SYSTEMPATH\Database\BaseConnection.php(695): CodeIgniter\Database\Postgre\Connection->execute('SELECT *
FROM "GRL_dotacion"
WHERE "id" = \'1\'')
 4 SYSTEMPATH\Database\BaseConnection.php(609): CodeIgniter\Database\BaseConnection->simpleQuery('SELECT *
FROM "GRL_dotacion"
WHERE "id" = \'1\'')
 5 SYSTEMPATH\Database\BaseBuilder.php(1585): CodeIgniter\Database\BaseConnection->query('SELECT *
FROM "GRL_dotacion"
WHERE "id" = :id:', [...], false)
 6 SYSTEMPATH\Model.php(222): CodeIgniter\Database\BaseBuilder->get()
 7 SYSTEMPATH\BaseModel.php(584): CodeIgniter\Model->doFindAll(0, 0)
 8 APPPATH\Models\GRLDotacionModel.php(36): CodeIgniter\BaseModel->findAll()
 9 APPPATH\Controllers\IniPageController.php(42): App\Models\GRLDotacionModel->obtenerDotacionPorId('1')
10 SYSTEMPATH\CodeIgniter.php(896): App\Controllers\IniPageController->ObtenerDatosUsuarioLogeado()
11 SYSTEMPATH\CodeIgniter.php(466): CodeIgniter\CodeIgniter->runController(Object(App\Controllers\IniPageController))
12 SYSTEMPATH\CodeIgniter.php(349): CodeIgniter\CodeIgniter->handleRequest(null, Object(Config\Cache), false)
13 FCPATH\index.php(55): CodeIgniter\CodeIgniter->run()
CRITICAL - 2022-09-13 15:05:33 --> pg_query(): Query failed: ERROR:  no existe la relación «GRL_dotacion»
LINE 2: FROM &quot;GRL_dotacion&quot;
             ^
in SYSTEMPATH\Database\Postgre\Connection.php on line 135.
 1 [internal function]: CodeIgniter\Debug\Exceptions->errorHandler(2, 'pg_query(): Query failed: ERROR:  no existe la relación «GRL_dotacion»
LINE 2: FROM &quot;GRL_dotacion&quot;
             ^', 'SYSTEMPATH\\Database\\Postgre\\Connection.php', 135)
 2 SYSTEMPATH\Database\Postgre\Connection.php(135): pg_query(Object(PgSql\Connection), 'SELECT *
FROM "GRL_dotacion"
WHERE "id" = \'1\'')
 3 SYSTEMPATH\Database\BaseConnection.php(695): CodeIgniter\Database\Postgre\Connection->execute('SELECT *
FROM "GRL_dotacion"
WHERE "id" = \'1\'')
 4 SYSTEMPATH\Database\BaseConnection.php(609): CodeIgniter\Database\BaseConnection->simpleQuery('SELECT *
FROM "GRL_dotacion"
WHERE "id" = \'1\'')
 5 SYSTEMPATH\Database\BaseBuilder.php(1585): CodeIgniter\Database\BaseConnection->query('SELECT *
FROM "GRL_dotacion"
WHERE "id" = :id:', [...], false)
 6 SYSTEMPATH\Model.php(222): CodeIgniter\Database\BaseBuilder->get()
 7 SYSTEMPATH\BaseModel.php(584): CodeIgniter\Model->doFindAll(0, 0)
 8 APPPATH\Models\GRLDotacionModel.php(36): CodeIgniter\BaseModel->findAll()
 9 APPPATH\Controllers\IniPageController.php(42): App\Models\GRLDotacionModel->obtenerDotacionPorId('1')
10 SYSTEMPATH\CodeIgniter.php(896): App\Controllers\IniPageController->ObtenerDatosUsuarioLogeado()
11 SYSTEMPATH\CodeIgniter.php(466): CodeIgniter\CodeIgniter->runController(Object(App\Controllers\IniPageController))
12 SYSTEMPATH\CodeIgniter.php(349): CodeIgniter\CodeIgniter->handleRequest(null, Object(Config\Cache), false)
13 FCPATH\index.php(55): CodeIgniter\CodeIgniter->run()
CRITICAL - 2022-09-13 15:05:55 --> pg_query(): Query failed: ERROR:  no existe la relación «GRL_dotacion»
LINE 2: FROM &quot;GRL_dotacion&quot;
             ^
in SYSTEMPATH\Database\Postgre\Connection.php on line 135.
 1 [internal function]: CodeIgniter\Debug\Exceptions->errorHandler(2, 'pg_query(): Query failed: ERROR:  no existe la relación «GRL_dotacion»
LINE 2: FROM &quot;GRL_dotacion&quot;
             ^', 'SYSTEMPATH\\Database\\Postgre\\Connection.php', 135)
 2 SYSTEMPATH\Database\Postgre\Connection.php(135): pg_query(Object(PgSql\Connection), 'SELECT *
FROM "GRL_dotacion"
WHERE "id" IS NULL')
 3 SYSTEMPATH\Database\BaseConnection.php(695): CodeIgniter\Database\Postgre\Connection->execute('SELECT *
FROM "GRL_dotacion"
WHERE "id" IS NULL')
 4 SYSTEMPATH\Database\BaseConnection.php(609): CodeIgniter\Database\BaseConnection->simpleQuery('SELECT *
FROM "GRL_dotacion"
WHERE "id" IS NULL')
 5 SYSTEMPATH\Database\BaseBuilder.php(1585): CodeIgniter\Database\BaseConnection->query('SELECT *
FROM "GRL_dotacion"
WHERE "id" IS NULL', [], false)
 6 SYSTEMPATH\Model.php(222): CodeIgniter\Database\BaseBuilder->get()
 7 SYSTEMPATH\BaseModel.php(584): CodeIgniter\Model->doFindAll(0, 0)
 8 APPPATH\Models\GRLDotacionModel.php(36): CodeIgniter\BaseModel->findAll()
 9 APPPATH\Controllers\IniPageController.php(42): App\Models\GRLDotacionModel->obtenerDotacionPorId(null)
10 SYSTEMPATH\CodeIgniter.php(896): App\Controllers\IniPageController->ObtenerDatosUsuarioLogeado()
11 SYSTEMPATH\CodeIgniter.php(466): CodeIgniter\CodeIgniter->runController(Object(App\Controllers\IniPageController))
12 SYSTEMPATH\CodeIgniter.php(349): CodeIgniter\CodeIgniter->handleRequest(null, Object(Config\Cache), false)
13 FCPATH\index.php(55): CodeIgniter\CodeIgniter->run()
CRITICAL - 2022-09-13 15:06:21 --> pg_query(): Query failed: ERROR:  no existe la relación «GRL_dotacion»
LINE 2: FROM &quot;GRL_dotacion&quot;
             ^
in SYSTEMPATH\Database\Postgre\Connection.php on line 135.
 1 [internal function]: CodeIgniter\Debug\Exceptions->errorHandler(2, 'pg_query(): Query failed: ERROR:  no existe la relación «GRL_dotacion»
LINE 2: FROM &quot;GRL_dotacion&quot;
             ^', 'SYSTEMPATH\\Database\\Postgre\\Connection.php', 135)
 2 SYSTEMPATH\Database\Postgre\Connection.php(135): pg_query(Object(PgSql\Connection), 'SELECT *
FROM "GRL_dotacion"
WHERE "id" IS NULL')
 3 SYSTEMPATH\Database\BaseConnection.php(695): CodeIgniter\Database\Postgre\Connection->execute('SELECT *
FROM "GRL_dotacion"
WHERE "id" IS NULL')
 4 SYSTEMPATH\Database\BaseConnection.php(609): CodeIgniter\Database\BaseConnection->simpleQuery('SELECT *
FROM "GRL_dotacion"
WHERE "id" IS NULL')
 5 SYSTEMPATH\Database\BaseBuilder.php(1585): CodeIgniter\Database\BaseConnection->query('SELECT *
FROM "GRL_dotacion"
WHERE "id" IS NULL', [], false)
 6 SYSTEMPATH\Model.php(222): CodeIgniter\Database\BaseBuilder->get()
 7 SYSTEMPATH\BaseModel.php(584): CodeIgniter\Model->doFindAll(0, 0)
 8 APPPATH\Models\GRLDotacionModel.php(36): CodeIgniter\BaseModel->findAll()
 9 APPPATH\Controllers\IniPageController.php(42): App\Models\GRLDotacionModel->obtenerDotacionPorId(null)
10 SYSTEMPATH\CodeIgniter.php(896): App\Controllers\IniPageController->ObtenerDatosUsuarioLogeado()
11 SYSTEMPATH\CodeIgniter.php(466): CodeIgniter\CodeIgniter->runController(Object(App\Controllers\IniPageController))
12 SYSTEMPATH\CodeIgniter.php(349): CodeIgniter\CodeIgniter->handleRequest(null, Object(Config\Cache), false)
13 FCPATH\index.php(55): CodeIgniter\CodeIgniter->run()
CRITICAL - 2022-09-13 15:17:37 --> pg_query(): Query failed: ERROR:  no existe la relación «ss_usuarios»
LINE 1: SELECT * FROM ss_usuarios ORDER BY &quot;ApellidoPaterno&quot;, &quot;Apell...
                      ^
in SYSTEMPATH\Database\Postgre\Connection.php on line 135.
 1 [internal function]: CodeIgniter\Debug\Exceptions->errorHandler(2, 'pg_query(): Query failed: ERROR:  no existe la relación «ss_usuarios»
LINE 1: SELECT * FROM ss_usuarios ORDER BY &quot;ApellidoPaterno&quot;, &quot;Apell...
                      ^', 'SYSTEMPATH\\Database\\Postgre\\Connection.php', 135)
 2 SYSTEMPATH\Database\Postgre\Connection.php(135): pg_query(Object(PgSql\Connection), 'SELECT * FROM ss_usuarios ORDER BY "ApellidoPaterno", "ApellidoMaterno" ASC')
 3 SYSTEMPATH\Database\BaseConnection.php(695): CodeIgniter\Database\Postgre\Connection->execute('SELECT * FROM ss_usuarios ORDER BY "ApellidoPaterno", "ApellidoMaterno" ASC')
 4 SYSTEMPATH\Database\BaseConnection.php(609): CodeIgniter\Database\BaseConnection->simpleQuery('SELECT * FROM ss_usuarios ORDER BY "ApellidoPaterno", "ApellidoMaterno" ASC')
 5 APPPATH\Models\UsuariosModel.php(28): CodeIgniter\Database\BaseConnection->query('SELECT * FROM ss_usuarios ORDER BY "ApellidoPaterno", "ApellidoMaterno" ASC')
 6 APPPATH\Controllers\Usuarios.php(26): App\Models\UsuariosModel->obtenerUsuarios()
 7 SYSTEMPATH\CodeIgniter.php(896): App\Controllers\Usuarios->obtenerTablaUsuarios()
 8 SYSTEMPATH\CodeIgniter.php(466): CodeIgniter\CodeIgniter->runController(Object(App\Controllers\Usuarios))
 9 SYSTEMPATH\CodeIgniter.php(349): CodeIgniter\CodeIgniter->handleRequest(null, Object(Config\Cache), false)
10 FCPATH\index.php(55): CodeIgniter\CodeIgniter->run()
CRITICAL - 2022-09-13 15:20:16 --> Undefined variable $menu_usuario_logeado
in APPPATH\Views\partials\sidebar.php on line 11.
 1 APPPATH\Views\partials\sidebar.php(11): CodeIgniter\Debug\Exceptions->errorHandler(2, 'Undefined variable $menu_usuario_logeado', 'APPPATH\\Views\\partials\\sidebar.php', 11)
 2 SYSTEMPATH\View\View.php(213): include('APPPATH\\Views\\partials\\sidebar.php')
 3 SYSTEMPATH\View\View.php(216): CodeIgniter\View\View->CodeIgniter\View\{closure}()
 4 SYSTEMPATH\View\View.php(429): CodeIgniter\View\View->render('partials/sidebar', null, true)
 5 APPPATH\Views\partials\menu.php(2): CodeIgniter\View\View->include('partials/sidebar')
 6 SYSTEMPATH\View\View.php(213): include('APPPATH\\Views\\partials\\menu.php')
 7 SYSTEMPATH\View\View.php(216): CodeIgniter\View\View->CodeIgniter\View\{closure}()
 8 SYSTEMPATH\View\View.php(429): CodeIgniter\View\View->render('partials/menu', null, true)
 9 APPPATH\Views\Usuarios\index.php(18): CodeIgniter\View\View->include('partials/menu')
10 SYSTEMPATH\View\View.php(213): include('APPPATH\\Views\\Usuarios\\index.php')
11 SYSTEMPATH\View\View.php(216): CodeIgniter\View\View->CodeIgniter\View\{closure}()
12 SYSTEMPATH\Common.php(1135): CodeIgniter\View\View->render('Usuarios/index', [], true)
13 APPPATH\Controllers\Usuarios.php(21): view('Usuarios/index', [...])
14 SYSTEMPATH\CodeIgniter.php(896): App\Controllers\Usuarios->index()
15 SYSTEMPATH\CodeIgniter.php(466): CodeIgniter\CodeIgniter->runController(Object(App\Controllers\Usuarios))
16 SYSTEMPATH\CodeIgniter.php(349): CodeIgniter\CodeIgniter->handleRequest(null, Object(Config\Cache), false)
17 FCPATH\index.php(55): CodeIgniter\CodeIgniter->run()
CRITICAL - 2022-09-13 16:32:50 --> Undefined variable $menu_usuario_logeado
in APPPATH\Views\partials\sidebar.php on line 11.
 1 APPPATH\Views\partials\sidebar.php(11): CodeIgniter\Debug\Exceptions->errorHandler(2, 'Undefined variable $menu_usuario_logeado', 'APPPATH\\Views\\partials\\sidebar.php', 11)
 2 SYSTEMPATH\View\View.php(213): include('APPPATH\\Views\\partials\\sidebar.php')
 3 SYSTEMPATH\View\View.php(216): CodeIgniter\View\View->CodeIgniter\View\{closure}()
 4 SYSTEMPATH\View\View.php(429): CodeIgniter\View\View->render('partials/sidebar', null, true)
 5 APPPATH\Views\partials\menu.php(2): CodeIgniter\View\View->include('partials/sidebar')
 6 SYSTEMPATH\View\View.php(213): include('APPPATH\\Views\\partials\\menu.php')
 7 SYSTEMPATH\View\View.php(216): CodeIgniter\View\View->CodeIgniter\View\{closure}()
 8 SYSTEMPATH\View\View.php(429): CodeIgniter\View\View->render('partials/menu', null, true)
 9 APPPATH\Views\MantenedorDemo\index.php(18): CodeIgniter\View\View->include('partials/menu')
10 SYSTEMPATH\View\View.php(213): include('APPPATH\\Views\\MantenedorDemo\\index.php')
11 SYSTEMPATH\View\View.php(216): CodeIgniter\View\View->CodeIgniter\View\{closure}()
12 SYSTEMPATH\Common.php(1135): CodeIgniter\View\View->render('MantenedorDemo/index', [], true)
13 APPPATH\Controllers\MantenedorDemo.php(21): view('MantenedorDemo/index', [...])
14 SYSTEMPATH\CodeIgniter.php(896): App\Controllers\MantenedorDemo->index()
15 SYSTEMPATH\CodeIgniter.php(466): CodeIgniter\CodeIgniter->runController(Object(App\Controllers\MantenedorDemo))
16 SYSTEMPATH\CodeIgniter.php(349): CodeIgniter\CodeIgniter->handleRequest(null, Object(Config\Cache), false)
17 FCPATH\index.php(55): CodeIgniter\CodeIgniter->run()
CRITICAL - 2022-09-13 16:35:58 --> Undefined variable $menu_usuario_logeado
in APPPATH\Views\partials\sidebar.php on line 11.
 1 APPPATH\Views\partials\sidebar.php(11): CodeIgniter\Debug\Exceptions->errorHandler(2, 'Undefined variable $menu_usuario_logeado', 'APPPATH\\Views\\partials\\sidebar.php', 11)
 2 SYSTEMPATH\View\View.php(213): include('APPPATH\\Views\\partials\\sidebar.php')
 3 SYSTEMPATH\View\View.php(216): CodeIgniter\View\View->CodeIgniter\View\{closure}()
 4 SYSTEMPATH\View\View.php(429): CodeIgniter\View\View->render('partials/sidebar', null, true)
 5 APPPATH\Views\partials\menu.php(2): CodeIgniter\View\View->include('partials/sidebar')
 6 SYSTEMPATH\View\View.php(213): include('APPPATH\\Views\\partials\\menu.php')
 7 SYSTEMPATH\View\View.php(216): CodeIgniter\View\View->CodeIgniter\View\{closure}()
 8 SYSTEMPATH\View\View.php(429): CodeIgniter\View\View->render('partials/menu', null, true)
 9 APPPATH\Views\MantenedorDemo\index.php(18): CodeIgniter\View\View->include('partials/menu')
10 SYSTEMPATH\View\View.php(213): include('APPPATH\\Views\\MantenedorDemo\\index.php')
11 SYSTEMPATH\View\View.php(216): CodeIgniter\View\View->CodeIgniter\View\{closure}()
12 SYSTEMPATH\Common.php(1135): CodeIgniter\View\View->render('MantenedorDemo/index', [], true)
13 APPPATH\Controllers\MantenedorDemo.php(25): view('MantenedorDemo/index', [...])
14 SYSTEMPATH\CodeIgniter.php(896): App\Controllers\MantenedorDemo->index()
15 SYSTEMPATH\CodeIgniter.php(466): CodeIgniter\CodeIgniter->runController(Object(App\Controllers\MantenedorDemo))
16 SYSTEMPATH\CodeIgniter.php(349): CodeIgniter\CodeIgniter->handleRequest(null, Object(Config\Cache), false)
17 FCPATH\index.php(55): CodeIgniter\CodeIgniter->run()
CRITICAL - 2022-09-13 16:36:01 --> Undefined variable $menu_usuario_logeado
in APPPATH\Views\partials\sidebar.php on line 11.
 1 APPPATH\Views\partials\sidebar.php(11): CodeIgniter\Debug\Exceptions->errorHandler(2, 'Undefined variable $menu_usuario_logeado', 'APPPATH\\Views\\partials\\sidebar.php', 11)
 2 SYSTEMPATH\View\View.php(213): include('APPPATH\\Views\\partials\\sidebar.php')
 3 SYSTEMPATH\View\View.php(216): CodeIgniter\View\View->CodeIgniter\View\{closure}()
 4 SYSTEMPATH\View\View.php(429): CodeIgniter\View\View->render('partials/sidebar', null, true)
 5 APPPATH\Views\partials\menu.php(2): CodeIgniter\View\View->include('partials/sidebar')
 6 SYSTEMPATH\View\View.php(213): include('APPPATH\\Views\\partials\\menu.php')
 7 SYSTEMPATH\View\View.php(216): CodeIgniter\View\View->CodeIgniter\View\{closure}()
 8 SYSTEMPATH\View\View.php(429): CodeIgniter\View\View->render('partials/menu', null, true)
 9 APPPATH\Views\MantenedorDemo\index.php(18): CodeIgniter\View\View->include('partials/menu')
10 SYSTEMPATH\View\View.php(213): include('APPPATH\\Views\\MantenedorDemo\\index.php')
11 SYSTEMPATH\View\View.php(216): CodeIgniter\View\View->CodeIgniter\View\{closure}()
12 SYSTEMPATH\Common.php(1135): CodeIgniter\View\View->render('MantenedorDemo/index', [], true)
13 APPPATH\Controllers\MantenedorDemo.php(25): view('MantenedorDemo/index', [...])
14 SYSTEMPATH\CodeIgniter.php(896): App\Controllers\MantenedorDemo->index()
15 SYSTEMPATH\CodeIgniter.php(466): CodeIgniter\CodeIgniter->runController(Object(App\Controllers\MantenedorDemo))
16 SYSTEMPATH\CodeIgniter.php(349): CodeIgniter\CodeIgniter->handleRequest(null, Object(Config\Cache), false)
17 FCPATH\index.php(55): CodeIgniter\CodeIgniter->run()
CRITICAL - 2022-09-13 16:36:02 --> Undefined variable $menu_usuario_logeado
in APPPATH\Views\partials\sidebar.php on line 11.
 1 APPPATH\Views\partials\sidebar.php(11): CodeIgniter\Debug\Exceptions->errorHandler(2, 'Undefined variable $menu_usuario_logeado', 'APPPATH\\Views\\partials\\sidebar.php', 11)
 2 SYSTEMPATH\View\View.php(213): include('APPPATH\\Views\\partials\\sidebar.php')
 3 SYSTEMPATH\View\View.php(216): CodeIgniter\View\View->CodeIgniter\View\{closure}()
 4 SYSTEMPATH\View\View.php(429): CodeIgniter\View\View->render('partials/sidebar', null, true)
 5 APPPATH\Views\partials\menu.php(2): CodeIgniter\View\View->include('partials/sidebar')
 6 SYSTEMPATH\View\View.php(213): include('APPPATH\\Views\\partials\\menu.php')
 7 SYSTEMPATH\View\View.php(216): CodeIgniter\View\View->CodeIgniter\View\{closure}()
 8 SYSTEMPATH\View\View.php(429): CodeIgniter\View\View->render('partials/menu', null, true)
 9 APPPATH\Views\MantenedorDemo\index.php(18): CodeIgniter\View\View->include('partials/menu')
10 SYSTEMPATH\View\View.php(213): include('APPPATH\\Views\\MantenedorDemo\\index.php')
11 SYSTEMPATH\View\View.php(216): CodeIgniter\View\View->CodeIgniter\View\{closure}()
12 SYSTEMPATH\Common.php(1135): CodeIgniter\View\View->render('MantenedorDemo/index', [], true)
13 APPPATH\Controllers\MantenedorDemo.php(25): view('MantenedorDemo/index', [...])
14 SYSTEMPATH\CodeIgniter.php(896): App\Controllers\MantenedorDemo->index()
15 SYSTEMPATH\CodeIgniter.php(466): CodeIgniter\CodeIgniter->runController(Object(App\Controllers\MantenedorDemo))
16 SYSTEMPATH\CodeIgniter.php(349): CodeIgniter\CodeIgniter->handleRequest(null, Object(Config\Cache), false)
17 FCPATH\index.php(55): CodeIgniter\CodeIgniter->run()
CRITICAL - 2022-09-13 16:36:02 --> Undefined variable $menu_usuario_logeado
in APPPATH\Views\partials\sidebar.php on line 11.
 1 APPPATH\Views\partials\sidebar.php(11): CodeIgniter\Debug\Exceptions->errorHandler(2, 'Undefined variable $menu_usuario_logeado', 'APPPATH\\Views\\partials\\sidebar.php', 11)
 2 SYSTEMPATH\View\View.php(213): include('APPPATH\\Views\\partials\\sidebar.php')
 3 SYSTEMPATH\View\View.php(216): CodeIgniter\View\View->CodeIgniter\View\{closure}()
 4 SYSTEMPATH\View\View.php(429): CodeIgniter\View\View->render('partials/sidebar', null, true)
 5 APPPATH\Views\partials\menu.php(2): CodeIgniter\View\View->include('partials/sidebar')
 6 SYSTEMPATH\View\View.php(213): include('APPPATH\\Views\\partials\\menu.php')
 7 SYSTEMPATH\View\View.php(216): CodeIgniter\View\View->CodeIgniter\View\{closure}()
 8 SYSTEMPATH\View\View.php(429): CodeIgniter\View\View->render('partials/menu', null, true)
 9 APPPATH\Views\MantenedorDemo\index.php(18): CodeIgniter\View\View->include('partials/menu')
10 SYSTEMPATH\View\View.php(213): include('APPPATH\\Views\\MantenedorDemo\\index.php')
11 SYSTEMPATH\View\View.php(216): CodeIgniter\View\View->CodeIgniter\View\{closure}()
12 SYSTEMPATH\Common.php(1135): CodeIgniter\View\View->render('MantenedorDemo/index', [], true)
13 APPPATH\Controllers\MantenedorDemo.php(25): view('MantenedorDemo/index', [...])
14 SYSTEMPATH\CodeIgniter.php(896): App\Controllers\MantenedorDemo->index()
15 SYSTEMPATH\CodeIgniter.php(466): CodeIgniter\CodeIgniter->runController(Object(App\Controllers\MantenedorDemo))
16 SYSTEMPATH\CodeIgniter.php(349): CodeIgniter\CodeIgniter->handleRequest(null, Object(Config\Cache), false)
17 FCPATH\index.php(55): CodeIgniter\CodeIgniter->run()
CRITICAL - 2022-09-13 16:47:08 --> pg_query(): Query failed: ERROR:  no existe la relación «ss_usuarios»
LINE 1: SELECT * FROM ss_usuarios ORDER BY &quot;ApellidoPaterno&quot;, &quot;Apell...
                      ^
in SYSTEMPATH\Database\Postgre\Connection.php on line 135.
 1 [internal function]: CodeIgniter\Debug\Exceptions->errorHandler(2, 'pg_query(): Query failed: ERROR:  no existe la relación «ss_usuarios»
LINE 1: SELECT * FROM ss_usuarios ORDER BY &quot;ApellidoPaterno&quot;, &quot;Apell...
                      ^', 'SYSTEMPATH\\Database\\Postgre\\Connection.php', 135)
 2 SYSTEMPATH\Database\Postgre\Connection.php(135): pg_query(Object(PgSql\Connection), 'SELECT * FROM ss_usuarios ORDER BY "ApellidoPaterno", "ApellidoMaterno" ASC')
 3 SYSTEMPATH\Database\BaseConnection.php(695): CodeIgniter\Database\Postgre\Connection->execute('SELECT * FROM ss_usuarios ORDER BY "ApellidoPaterno", "ApellidoMaterno" ASC')
 4 SYSTEMPATH\Database\BaseConnection.php(609): CodeIgniter\Database\BaseConnection->simpleQuery('SELECT * FROM ss_usuarios ORDER BY "ApellidoPaterno", "ApellidoMaterno" ASC')
 5 APPPATH\Models\MantenedorDemoModel.php(28): CodeIgniter\Database\BaseConnection->query('SELECT * FROM ss_usuarios ORDER BY "ApellidoPaterno", "ApellidoMaterno" ASC')
 6 APPPATH\Controllers\MantenedorDemo.php(32): App\Models\MantenedorDemoModel->obtenerRegistros()
 7 SYSTEMPATH\CodeIgniter.php(896): App\Controllers\MantenedorDemo->obtenerTablaRegistros()
 8 SYSTEMPATH\CodeIgniter.php(466): CodeIgniter\CodeIgniter->runController(Object(App\Controllers\MantenedorDemo))
 9 SYSTEMPATH\CodeIgniter.php(349): CodeIgniter\CodeIgniter->handleRequest(null, Object(Config\Cache), false)
10 FCPATH\index.php(55): CodeIgniter\CodeIgniter->run()
CRITICAL - 2022-09-13 16:47:18 --> pg_query(): Query failed: ERROR:  no existe la relación «ss_usuarios»
LINE 1: SELECT * FROM ss_usuarios ORDER BY &quot;ApellidoPaterno&quot;, &quot;Apell...
                      ^
in SYSTEMPATH\Database\Postgre\Connection.php on line 135.
 1 [internal function]: CodeIgniter\Debug\Exceptions->errorHandler(2, 'pg_query(): Query failed: ERROR:  no existe la relación «ss_usuarios»
LINE 1: SELECT * FROM ss_usuarios ORDER BY &quot;ApellidoPaterno&quot;, &quot;Apell...
                      ^', 'SYSTEMPATH\\Database\\Postgre\\Connection.php', 135)
 2 SYSTEMPATH\Database\Postgre\Connection.php(135): pg_query(Object(PgSql\Connection), 'SELECT * FROM ss_usuarios ORDER BY "ApellidoPaterno", "ApellidoMaterno" ASC')
 3 SYSTEMPATH\Database\BaseConnection.php(695): CodeIgniter\Database\Postgre\Connection->execute('SELECT * FROM ss_usuarios ORDER BY "ApellidoPaterno", "ApellidoMaterno" ASC')
 4 SYSTEMPATH\Database\BaseConnection.php(609): CodeIgniter\Database\BaseConnection->simpleQuery('SELECT * FROM ss_usuarios ORDER BY "ApellidoPaterno", "ApellidoMaterno" ASC')
 5 APPPATH\Models\MantenedorDemoModel.php(28): CodeIgniter\Database\BaseConnection->query('SELECT * FROM ss_usuarios ORDER BY "ApellidoPaterno", "ApellidoMaterno" ASC')
 6 APPPATH\Controllers\MantenedorDemo.php(32): App\Models\MantenedorDemoModel->obtenerRegistros()
 7 SYSTEMPATH\CodeIgniter.php(896): App\Controllers\MantenedorDemo->obtenerTablaRegistros()
 8 SYSTEMPATH\CodeIgniter.php(466): CodeIgniter\CodeIgniter->runController(Object(App\Controllers\MantenedorDemo))
 9 SYSTEMPATH\CodeIgniter.php(349): CodeIgniter\CodeIgniter->handleRequest(null, Object(Config\Cache), false)
10 FCPATH\index.php(55): CodeIgniter\CodeIgniter->run()
CRITICAL - 2022-09-13 16:47:32 --> pg_query(): Query failed: ERROR:  no existe la relación «ss_usuarios»
LINE 1: SELECT * FROM ss_usuarios ORDER BY &quot;ApellidoPaterno&quot;, &quot;Apell...
                      ^
in SYSTEMPATH\Database\Postgre\Connection.php on line 135.
 1 [internal function]: CodeIgniter\Debug\Exceptions->errorHandler(2, 'pg_query(): Query failed: ERROR:  no existe la relación «ss_usuarios»
LINE 1: SELECT * FROM ss_usuarios ORDER BY &quot;ApellidoPaterno&quot;, &quot;Apell...
                      ^', 'SYSTEMPATH\\Database\\Postgre\\Connection.php', 135)
 2 SYSTEMPATH\Database\Postgre\Connection.php(135): pg_query(Object(PgSql\Connection), 'SELECT * FROM ss_usuarios ORDER BY "ApellidoPaterno", "ApellidoMaterno" ASC')
 3 SYSTEMPATH\Database\BaseConnection.php(695): CodeIgniter\Database\Postgre\Connection->execute('SELECT * FROM ss_usuarios ORDER BY "ApellidoPaterno", "ApellidoMaterno" ASC')
 4 SYSTEMPATH\Database\BaseConnection.php(609): CodeIgniter\Database\BaseConnection->simpleQuery('SELECT * FROM ss_usuarios ORDER BY "ApellidoPaterno", "ApellidoMaterno" ASC')
 5 APPPATH\Models\MantenedorDemoModel.php(28): CodeIgniter\Database\BaseConnection->query('SELECT * FROM ss_usuarios ORDER BY "ApellidoPaterno", "ApellidoMaterno" ASC')
 6 APPPATH\Controllers\MantenedorDemo.php(32): App\Models\MantenedorDemoModel->obtenerRegistros()
 7 SYSTEMPATH\CodeIgniter.php(896): App\Controllers\MantenedorDemo->obtenerTablaRegistros()
 8 SYSTEMPATH\CodeIgniter.php(466): CodeIgniter\CodeIgniter->runController(Object(App\Controllers\MantenedorDemo))
 9 SYSTEMPATH\CodeIgniter.php(349): CodeIgniter\CodeIgniter->handleRequest(null, Object(Config\Cache), false)
10 FCPATH\index.php(55): CodeIgniter\CodeIgniter->run()
CRITICAL - 2022-09-13 16:47:37 --> pg_query(): Query failed: ERROR:  no existe la relación «ss_usuarios»
LINE 1: SELECT * FROM ss_usuarios ORDER BY &quot;ApellidoPaterno&quot;, &quot;Apell...
                      ^
in SYSTEMPATH\Database\Postgre\Connection.php on line 135.
 1 [internal function]: CodeIgniter\Debug\Exceptions->errorHandler(2, 'pg_query(): Query failed: ERROR:  no existe la relación «ss_usuarios»
LINE 1: SELECT * FROM ss_usuarios ORDER BY &quot;ApellidoPaterno&quot;, &quot;Apell...
                      ^', 'SYSTEMPATH\\Database\\Postgre\\Connection.php', 135)
 2 SYSTEMPATH\Database\Postgre\Connection.php(135): pg_query(Object(PgSql\Connection), 'SELECT * FROM ss_usuarios ORDER BY "ApellidoPaterno", "ApellidoMaterno" ASC')
 3 SYSTEMPATH\Database\BaseConnection.php(695): CodeIgniter\Database\Postgre\Connection->execute('SELECT * FROM ss_usuarios ORDER BY "ApellidoPaterno", "ApellidoMaterno" ASC')
 4 SYSTEMPATH\Database\BaseConnection.php(609): CodeIgniter\Database\BaseConnection->simpleQuery('SELECT * FROM ss_usuarios ORDER BY "ApellidoPaterno", "ApellidoMaterno" ASC')
 5 APPPATH\Models\MantenedorDemoModel.php(28): CodeIgniter\Database\BaseConnection->query('SELECT * FROM ss_usuarios ORDER BY "ApellidoPaterno", "ApellidoMaterno" ASC')
 6 APPPATH\Controllers\MantenedorDemo.php(32): App\Models\MantenedorDemoModel->obtenerRegistros()
 7 SYSTEMPATH\CodeIgniter.php(896): App\Controllers\MantenedorDemo->obtenerTablaRegistros()
 8 SYSTEMPATH\CodeIgniter.php(466): CodeIgniter\CodeIgniter->runController(Object(App\Controllers\MantenedorDemo))
 9 SYSTEMPATH\CodeIgniter.php(349): CodeIgniter\CodeIgniter->handleRequest(null, Object(Config\Cache), false)
10 FCPATH\index.php(55): CodeIgniter\CodeIgniter->run()
CRITICAL - 2022-09-13 16:48:10 --> pg_query(): Query failed: ERROR:  no existe la relación «ss_usuarios»
LINE 1: SELECT * FROM ss_usuarios ORDER BY &quot;ApellidoPaterno&quot;, &quot;Apell...
                      ^
in SYSTEMPATH\Database\Postgre\Connection.php on line 135.
 1 [internal function]: CodeIgniter\Debug\Exceptions->errorHandler(2, 'pg_query(): Query failed: ERROR:  no existe la relación «ss_usuarios»
LINE 1: SELECT * FROM ss_usuarios ORDER BY &quot;ApellidoPaterno&quot;, &quot;Apell...
                      ^', 'SYSTEMPATH\\Database\\Postgre\\Connection.php', 135)
 2 SYSTEMPATH\Database\Postgre\Connection.php(135): pg_query(Object(PgSql\Connection), 'SELECT * FROM ss_usuarios ORDER BY "ApellidoPaterno", "ApellidoMaterno" ASC')
 3 SYSTEMPATH\Database\BaseConnection.php(695): CodeIgniter\Database\Postgre\Connection->execute('SELECT * FROM ss_usuarios ORDER BY "ApellidoPaterno", "ApellidoMaterno" ASC')
 4 SYSTEMPATH\Database\BaseConnection.php(609): CodeIgniter\Database\BaseConnection->simpleQuery('SELECT * FROM ss_usuarios ORDER BY "ApellidoPaterno", "ApellidoMaterno" ASC')
 5 APPPATH\Models\MantenedorDemoModel.php(28): CodeIgniter\Database\BaseConnection->query('SELECT * FROM ss_usuarios ORDER BY "ApellidoPaterno", "ApellidoMaterno" ASC')
 6 APPPATH\Controllers\MantenedorDemo.php(32): App\Models\MantenedorDemoModel->obtenerRegistros()
 7 SYSTEMPATH\CodeIgniter.php(896): App\Controllers\MantenedorDemo->obtenerTablaRegistros()
 8 SYSTEMPATH\CodeIgniter.php(466): CodeIgniter\CodeIgniter->runController(Object(App\Controllers\MantenedorDemo))
 9 SYSTEMPATH\CodeIgniter.php(349): CodeIgniter\CodeIgniter->handleRequest(null, Object(Config\Cache), false)
10 FCPATH\index.php(55): CodeIgniter\CodeIgniter->run()
CRITICAL - 2022-09-13 17:02:31 --> pg_query(): Query failed: ERROR:  no existe la relación «zz_mantenedor_demo»
LINE 1: SELECT * FROM ZZ_mantenedor_demo ORDER BY &quot;ApellidoPaterno&quot;,...
                      ^
in SYSTEMPATH\Database\Postgre\Connection.php on line 135.
 1 [internal function]: CodeIgniter\Debug\Exceptions->errorHandler(2, 'pg_query(): Query failed: ERROR:  no existe la relación «zz_mantenedor_demo»
LINE 1: SELECT * FROM ZZ_mantenedor_demo ORDER BY &quot;ApellidoPaterno&quot;,...
                      ^', 'SYSTEMPATH\\Database\\Postgre\\Connection.php', 135)
 2 SYSTEMPATH\Database\Postgre\Connection.php(135): pg_query(Object(PgSql\Connection), 'SELECT * FROM ZZ_mantenedor_demo ORDER BY "ApellidoPaterno", "ApellidoMaterno" ASC')
 3 SYSTEMPATH\Database\BaseConnection.php(695): CodeIgniter\Database\Postgre\Connection->execute('SELECT * FROM ZZ_mantenedor_demo ORDER BY "ApellidoPaterno", "ApellidoMaterno" ASC')
 4 SYSTEMPATH\Database\BaseConnection.php(609): CodeIgniter\Database\BaseConnection->simpleQuery('SELECT * FROM ZZ_mantenedor_demo ORDER BY "ApellidoPaterno", "ApellidoMaterno" ASC')
 5 APPPATH\Models\MantenedorDemoModel.php(28): CodeIgniter\Database\BaseConnection->query('SELECT * FROM ZZ_mantenedor_demo ORDER BY "ApellidoPaterno", "ApellidoMaterno" ASC')
 6 APPPATH\Controllers\MantenedorDemo.php(32): App\Models\MantenedorDemoModel->obtenerRegistros()
 7 SYSTEMPATH\CodeIgniter.php(896): App\Controllers\MantenedorDemo->obtenerTablaRegistros()
 8 SYSTEMPATH\CodeIgniter.php(466): CodeIgniter\CodeIgniter->runController(Object(App\Controllers\MantenedorDemo))
 9 SYSTEMPATH\CodeIgniter.php(349): CodeIgniter\CodeIgniter->handleRequest(null, Object(Config\Cache), false)
10 FCPATH\index.php(55): CodeIgniter\CodeIgniter->run()
CRITICAL - 2022-09-13 17:02:36 --> pg_query(): Query failed: ERROR:  no existe la relación «zz_mantenedor_demo»
LINE 1: SELECT * FROM ZZ_mantenedor_demo ORDER BY &quot;ApellidoPaterno&quot;,...
                      ^
in SYSTEMPATH\Database\Postgre\Connection.php on line 135.
 1 [internal function]: CodeIgniter\Debug\Exceptions->errorHandler(2, 'pg_query(): Query failed: ERROR:  no existe la relación «zz_mantenedor_demo»
LINE 1: SELECT * FROM ZZ_mantenedor_demo ORDER BY &quot;ApellidoPaterno&quot;,...
                      ^', 'SYSTEMPATH\\Database\\Postgre\\Connection.php', 135)
 2 SYSTEMPATH\Database\Postgre\Connection.php(135): pg_query(Object(PgSql\Connection), 'SELECT * FROM ZZ_mantenedor_demo ORDER BY "ApellidoPaterno", "ApellidoMaterno" ASC')
 3 SYSTEMPATH\Database\BaseConnection.php(695): CodeIgniter\Database\Postgre\Connection->execute('SELECT * FROM ZZ_mantenedor_demo ORDER BY "ApellidoPaterno", "ApellidoMaterno" ASC')
 4 SYSTEMPATH\Database\BaseConnection.php(609): CodeIgniter\Database\BaseConnection->simpleQuery('SELECT * FROM ZZ_mantenedor_demo ORDER BY "ApellidoPaterno", "ApellidoMaterno" ASC')
 5 APPPATH\Models\MantenedorDemoModel.php(28): CodeIgniter\Database\BaseConnection->query('SELECT * FROM ZZ_mantenedor_demo ORDER BY "ApellidoPaterno", "ApellidoMaterno" ASC')
 6 APPPATH\Controllers\MantenedorDemo.php(32): App\Models\MantenedorDemoModel->obtenerRegistros()
 7 SYSTEMPATH\CodeIgniter.php(896): App\Controllers\MantenedorDemo->obtenerTablaRegistros()
 8 SYSTEMPATH\CodeIgniter.php(466): CodeIgniter\CodeIgniter->runController(Object(App\Controllers\MantenedorDemo))
 9 SYSTEMPATH\CodeIgniter.php(349): CodeIgniter\CodeIgniter->handleRequest(null, Object(Config\Cache), false)
10 FCPATH\index.php(55): CodeIgniter\CodeIgniter->run()
CRITICAL - 2022-09-13 17:02:54 --> pg_query(): Query failed: ERROR:  no existe la relación «zz_mantenedor_demo»
LINE 1: SELECT * FROM ZZ_mantenedor_demo ORDER BY &quot;ApellidoPaterno&quot;,...
                      ^
in SYSTEMPATH\Database\Postgre\Connection.php on line 135.
 1 [internal function]: CodeIgniter\Debug\Exceptions->errorHandler(2, 'pg_query(): Query failed: ERROR:  no existe la relación «zz_mantenedor_demo»
LINE 1: SELECT * FROM ZZ_mantenedor_demo ORDER BY &quot;ApellidoPaterno&quot;,...
                      ^', 'SYSTEMPATH\\Database\\Postgre\\Connection.php', 135)
 2 SYSTEMPATH\Database\Postgre\Connection.php(135): pg_query(Object(PgSql\Connection), 'SELECT * FROM ZZ_mantenedor_demo ORDER BY "ApellidoPaterno", "ApellidoMaterno" ASC')
 3 SYSTEMPATH\Database\BaseConnection.php(695): CodeIgniter\Database\Postgre\Connection->execute('SELECT * FROM ZZ_mantenedor_demo ORDER BY "ApellidoPaterno", "ApellidoMaterno" ASC')
 4 SYSTEMPATH\Database\BaseConnection.php(609): CodeIgniter\Database\BaseConnection->simpleQuery('SELECT * FROM ZZ_mantenedor_demo ORDER BY "ApellidoPaterno", "ApellidoMaterno" ASC')
 5 APPPATH\Models\MantenedorDemoModel.php(28): CodeIgniter\Database\BaseConnection->query('SELECT * FROM ZZ_mantenedor_demo ORDER BY "ApellidoPaterno", "ApellidoMaterno" ASC')
 6 APPPATH\Controllers\MantenedorDemo.php(32): App\Models\MantenedorDemoModel->obtenerRegistros()
 7 SYSTEMPATH\CodeIgniter.php(896): App\Controllers\MantenedorDemo->obtenerTablaRegistros()
 8 SYSTEMPATH\CodeIgniter.php(466): CodeIgniter\CodeIgniter->runController(Object(App\Controllers\MantenedorDemo))
 9 SYSTEMPATH\CodeIgniter.php(349): CodeIgniter\CodeIgniter->handleRequest(null, Object(Config\Cache), false)
10 FCPATH\index.php(55): CodeIgniter\CodeIgniter->run()
CRITICAL - 2022-09-13 17:02:58 --> pg_query(): Query failed: ERROR:  no existe la relación «zz_mantenedor_demo»
LINE 1: SELECT * FROM ZZ_mantenedor_demo ORDER BY &quot;ApellidoPaterno&quot;,...
                      ^
in SYSTEMPATH\Database\Postgre\Connection.php on line 135.
 1 [internal function]: CodeIgniter\Debug\Exceptions->errorHandler(2, 'pg_query(): Query failed: ERROR:  no existe la relación «zz_mantenedor_demo»
LINE 1: SELECT * FROM ZZ_mantenedor_demo ORDER BY &quot;ApellidoPaterno&quot;,...
                      ^', 'SYSTEMPATH\\Database\\Postgre\\Connection.php', 135)
 2 SYSTEMPATH\Database\Postgre\Connection.php(135): pg_query(Object(PgSql\Connection), 'SELECT * FROM ZZ_mantenedor_demo ORDER BY "ApellidoPaterno", "ApellidoMaterno" ASC')
 3 SYSTEMPATH\Database\BaseConnection.php(695): CodeIgniter\Database\Postgre\Connection->execute('SELECT * FROM ZZ_mantenedor_demo ORDER BY "ApellidoPaterno", "ApellidoMaterno" ASC')
 4 SYSTEMPATH\Database\BaseConnection.php(609): CodeIgniter\Database\BaseConnection->simpleQuery('SELECT * FROM ZZ_mantenedor_demo ORDER BY "ApellidoPaterno", "ApellidoMaterno" ASC')
 5 APPPATH\Models\MantenedorDemoModel.php(28): CodeIgniter\Database\BaseConnection->query('SELECT * FROM ZZ_mantenedor_demo ORDER BY "ApellidoPaterno", "ApellidoMaterno" ASC')
 6 APPPATH\Controllers\MantenedorDemo.php(32): App\Models\MantenedorDemoModel->obtenerRegistros()
 7 SYSTEMPATH\CodeIgniter.php(896): App\Controllers\MantenedorDemo->obtenerTablaRegistros()
 8 SYSTEMPATH\CodeIgniter.php(466): CodeIgniter\CodeIgniter->runController(Object(App\Controllers\MantenedorDemo))
 9 SYSTEMPATH\CodeIgniter.php(349): CodeIgniter\CodeIgniter->handleRequest(null, Object(Config\Cache), false)
10 FCPATH\index.php(55): CodeIgniter\CodeIgniter->run()
CRITICAL - 2022-09-13 17:03:10 --> pg_query(): Query failed: ERROR:  no existe la relación «zz_mantenedor_demo»
LINE 1: SELECT * FROM ZZ_mantenedor_demo ORDER BY &quot;ApellidoPaterno&quot;,...
                      ^
in SYSTEMPATH\Database\Postgre\Connection.php on line 135.
 1 [internal function]: CodeIgniter\Debug\Exceptions->errorHandler(2, 'pg_query(): Query failed: ERROR:  no existe la relación «zz_mantenedor_demo»
LINE 1: SELECT * FROM ZZ_mantenedor_demo ORDER BY &quot;ApellidoPaterno&quot;,...
                      ^', 'SYSTEMPATH\\Database\\Postgre\\Connection.php', 135)
 2 SYSTEMPATH\Database\Postgre\Connection.php(135): pg_query(Object(PgSql\Connection), 'SELECT * FROM ZZ_mantenedor_demo ORDER BY "ApellidoPaterno", "ApellidoMaterno" ASC')
 3 SYSTEMPATH\Database\BaseConnection.php(695): CodeIgniter\Database\Postgre\Connection->execute('SELECT * FROM ZZ_mantenedor_demo ORDER BY "ApellidoPaterno", "ApellidoMaterno" ASC')
 4 SYSTEMPATH\Database\BaseConnection.php(609): CodeIgniter\Database\BaseConnection->simpleQuery('SELECT * FROM ZZ_mantenedor_demo ORDER BY "ApellidoPaterno", "ApellidoMaterno" ASC')
 5 APPPATH\Models\MantenedorDemoModel.php(28): CodeIgniter\Database\BaseConnection->query('SELECT * FROM ZZ_mantenedor_demo ORDER BY "ApellidoPaterno", "ApellidoMaterno" ASC')
 6 APPPATH\Controllers\MantenedorDemo.php(32): App\Models\MantenedorDemoModel->obtenerRegistros()
 7 SYSTEMPATH\CodeIgniter.php(896): App\Controllers\MantenedorDemo->obtenerTablaRegistros()
 8 SYSTEMPATH\CodeIgniter.php(466): CodeIgniter\CodeIgniter->runController(Object(App\Controllers\MantenedorDemo))
 9 SYSTEMPATH\CodeIgniter.php(349): CodeIgniter\CodeIgniter->handleRequest(null, Object(Config\Cache), false)
10 FCPATH\index.php(55): CodeIgniter\CodeIgniter->run()
CRITICAL - 2022-09-13 17:06:01 --> Undefined variable $row
in APPPATH\Views\MantenedorDemo\tabla_datos.php on line 19.
 1 APPPATH\Views\MantenedorDemo\tabla_datos.php(19): CodeIgniter\Debug\Exceptions->errorHandler(2, 'Undefined variable $row', 'APPPATH\\Views\\MantenedorDemo\\tabla_datos.php', 19)
 2 SYSTEMPATH\View\View.php(213): include('APPPATH\\Views\\MantenedorDemo\\tabla_datos.php')
 3 SYSTEMPATH\View\View.php(216): CodeIgniter\View\View->CodeIgniter\View\{closure}()
 4 SYSTEMPATH\Common.php(1135): CodeIgniter\View\View->render('MantenedorDemo/tabla_datos', [], true)
 5 APPPATH\Controllers\MantenedorDemo.php(39): view('MantenedorDemo/tabla_datos', [...])
 6 SYSTEMPATH\CodeIgniter.php(896): App\Controllers\MantenedorDemo->obtenerTablaRegistros()
 7 SYSTEMPATH\CodeIgniter.php(466): CodeIgniter\CodeIgniter->runController(Object(App\Controllers\MantenedorDemo))
 8 SYSTEMPATH\CodeIgniter.php(349): CodeIgniter\CodeIgniter->handleRequest(null, Object(Config\Cache), false)
 9 FCPATH\index.php(55): CodeIgniter\CodeIgniter->run()
CRITICAL - 2022-09-13 17:06:03 --> Undefined variable $row
in APPPATH\Views\MantenedorDemo\tabla_datos.php on line 19.
 1 APPPATH\Views\MantenedorDemo\tabla_datos.php(19): CodeIgniter\Debug\Exceptions->errorHandler(2, 'Undefined variable $row', 'APPPATH\\Views\\MantenedorDemo\\tabla_datos.php', 19)
 2 SYSTEMPATH\View\View.php(213): include('APPPATH\\Views\\MantenedorDemo\\tabla_datos.php')
 3 SYSTEMPATH\View\View.php(216): CodeIgniter\View\View->CodeIgniter\View\{closure}()
 4 SYSTEMPATH\Common.php(1135): CodeIgniter\View\View->render('MantenedorDemo/tabla_datos', [], true)
 5 APPPATH\Controllers\MantenedorDemo.php(39): view('MantenedorDemo/tabla_datos', [...])
 6 SYSTEMPATH\CodeIgniter.php(896): App\Controllers\MantenedorDemo->obtenerTablaRegistros()
 7 SYSTEMPATH\CodeIgniter.php(466): CodeIgniter\CodeIgniter->runController(Object(App\Controllers\MantenedorDemo))
 8 SYSTEMPATH\CodeIgniter.php(349): CodeIgniter\CodeIgniter->handleRequest(null, Object(Config\Cache), false)
 9 FCPATH\index.php(55): CodeIgniter\CodeIgniter->run()
CRITICAL - 2022-09-13 17:18:08 --> Invalid file: Usuarios/formulario.php
in SYSTEMPATH\Exceptions\FrameworkException.php on line 33.
 1 SYSTEMPATH\View\View.php(201): CodeIgniter\Exceptions\FrameworkException::forInvalidFile('Usuarios/formulario.php')
 2 SYSTEMPATH\Common.php(1135): CodeIgniter\View\View->render('Usuarios/formulario', [], true)
 3 APPPATH\Controllers\MantenedorDemo.php(65): view('Usuarios/formulario', [...])
 4 SYSTEMPATH\CodeIgniter.php(896): App\Controllers\MantenedorDemo->agregarRegistro()
 5 SYSTEMPATH\CodeIgniter.php(466): CodeIgniter\CodeIgniter->runController(Object(App\Controllers\MantenedorDemo))
 6 SYSTEMPATH\CodeIgniter.php(349): CodeIgniter\CodeIgniter->handleRequest(null, Object(Config\Cache), false)
 7 FCPATH\index.php(55): CodeIgniter\CodeIgniter->run()
CRITICAL - 2022-09-13 17:18:36 --> Invalid file: Usuarios/formulario.php
in SYSTEMPATH\Exceptions\FrameworkException.php on line 33.
 1 SYSTEMPATH\View\View.php(201): CodeIgniter\Exceptions\FrameworkException::forInvalidFile('Usuarios/formulario.php')
 2 SYSTEMPATH\Common.php(1135): CodeIgniter\View\View->render('Usuarios/formulario', [], true)
 3 APPPATH\Controllers\MantenedorDemo.php(65): view('Usuarios/formulario', [...])
 4 SYSTEMPATH\CodeIgniter.php(896): App\Controllers\MantenedorDemo->agregarRegistro()
 5 SYSTEMPATH\CodeIgniter.php(466): CodeIgniter\CodeIgniter->runController(Object(App\Controllers\MantenedorDemo))
 6 SYSTEMPATH\CodeIgniter.php(349): CodeIgniter\CodeIgniter->handleRequest(null, Object(Config\Cache), false)
 7 FCPATH\index.php(55): CodeIgniter\CodeIgniter->run()
CRITICAL - 2022-09-13 17:27:13 --> Undefined array key "id"
in APPPATH\Views\MantenedorDemo\formulario.php on line 43.
 1 APPPATH\Views\MantenedorDemo\formulario.php(43): CodeIgniter\Debug\Exceptions->errorHandler(2, 'Undefined array key "id"', 'APPPATH\\Views\\MantenedorDemo\\formulario.php', 43)
 2 SYSTEMPATH\View\View.php(213): include('APPPATH\\Views\\MantenedorDemo\\formulario.php')
 3 SYSTEMPATH\View\View.php(216): CodeIgniter\View\View->CodeIgniter\View\{closure}()
 4 SYSTEMPATH\Common.php(1135): CodeIgniter\View\View->render('MantenedorDemo/formulario', [], true)
 5 APPPATH\Controllers\MantenedorDemo.php(123): view('MantenedorDemo/formulario', [...])
 6 SYSTEMPATH\CodeIgniter.php(896): App\Controllers\MantenedorDemo->editarRegistro('3')
 7 SYSTEMPATH\CodeIgniter.php(466): CodeIgniter\CodeIgniter->runController(Object(App\Controllers\MantenedorDemo))
 8 SYSTEMPATH\CodeIgniter.php(349): CodeIgniter\CodeIgniter->handleRequest(null, Object(Config\Cache), false)
 9 FCPATH\index.php(55): CodeIgniter\CodeIgniter->run()
CRITICAL - 2022-09-13 17:27:32 --> Undefined array key "id"
in APPPATH\Views\MantenedorDemo\formulario.php on line 43.
 1 APPPATH\Views\MantenedorDemo\formulario.php(43): CodeIgniter\Debug\Exceptions->errorHandler(2, 'Undefined array key "id"', 'APPPATH\\Views\\MantenedorDemo\\formulario.php', 43)
 2 SYSTEMPATH\View\View.php(213): include('APPPATH\\Views\\MantenedorDemo\\formulario.php')
 3 SYSTEMPATH\View\View.php(216): CodeIgniter\View\View->CodeIgniter\View\{closure}()
 4 SYSTEMPATH\Common.php(1135): CodeIgniter\View\View->render('MantenedorDemo/formulario', [], true)
 5 APPPATH\Controllers\MantenedorDemo.php(123): view('MantenedorDemo/formulario', [...])
 6 SYSTEMPATH\CodeIgniter.php(896): App\Controllers\MantenedorDemo->editarRegistro('3')
 7 SYSTEMPATH\CodeIgniter.php(466): CodeIgniter\CodeIgniter->runController(Object(App\Controllers\MantenedorDemo))
 8 SYSTEMPATH\CodeIgniter.php(349): CodeIgniter\CodeIgniter->handleRequest(null, Object(Config\Cache), false)
 9 FCPATH\index.php(55): CodeIgniter\CodeIgniter->run()
CRITICAL - 2022-09-13 17:30:10 --> Call to undefined method App\Models\MantenedorDemoModel::editarUsuario
in SYSTEMPATH\Model.php on line 773.
 1 APPPATH\Controllers\MantenedorDemo.php(141): CodeIgniter\Model->__call('editarUsuario', [...])
 2 SYSTEMPATH\CodeIgniter.php(896): App\Controllers\MantenedorDemo->editarRegistroGuardar()
 3 SYSTEMPATH\CodeIgniter.php(466): CodeIgniter\CodeIgniter->runController(Object(App\Controllers\MantenedorDemo))
 4 SYSTEMPATH\CodeIgniter.php(349): CodeIgniter\CodeIgniter->handleRequest(null, Object(Config\Cache), false)
 5 FCPATH\index.php(55): CodeIgniter\CodeIgniter->run()
CRITICAL - 2022-09-13 17:30:23 --> Call to undefined method App\Models\MantenedorDemoModel::editarUsuario
in SYSTEMPATH\Model.php on line 773.
 1 APPPATH\Controllers\MantenedorDemo.php(141): CodeIgniter\Model->__call('editarUsuario', [...])
 2 SYSTEMPATH\CodeIgniter.php(896): App\Controllers\MantenedorDemo->editarRegistroGuardar()
 3 SYSTEMPATH\CodeIgniter.php(466): CodeIgniter\CodeIgniter->runController(Object(App\Controllers\MantenedorDemo))
 4 SYSTEMPATH\CodeIgniter.php(349): CodeIgniter\CodeIgniter->handleRequest(null, Object(Config\Cache), false)
 5 FCPATH\index.php(55): CodeIgniter\CodeIgniter->run()
CRITICAL - 2022-09-13 17:41:57 --> Call to undefined method App\Models\MantenedorDemoModel::editarUsuario
in SYSTEMPATH\Model.php on line 773.
 1 APPPATH\Controllers\MantenedorDemo.php(141): CodeIgniter\Model->__call('editarUsuario', [...])
 2 SYSTEMPATH\CodeIgniter.php(896): App\Controllers\MantenedorDemo->editarRegistroGuardar()
 3 SYSTEMPATH\CodeIgniter.php(466): CodeIgniter\CodeIgniter->runController(Object(App\Controllers\MantenedorDemo))
 4 SYSTEMPATH\CodeIgniter.php(349): CodeIgniter\CodeIgniter->handleRequest(null, Object(Config\Cache), false)
 5 FCPATH\index.php(55): CodeIgniter\CodeIgniter->run()
CRITICAL - 2022-09-13 17:53:42 --> Undefined array key 0
in APPPATH\Controllers\MantenedorDemo.php on line 174.
 1 APPPATH\Controllers\MantenedorDemo.php(174): CodeIgniter\Debug\Exceptions->errorHandler(2, 'Undefined array key 0', 'APPPATH\\Controllers\\MantenedorDemo.php', 174)
 2 SYSTEMPATH\CodeIgniter.php(896): App\Controllers\MantenedorDemo->eliminarRegistro()
 3 SYSTEMPATH\CodeIgniter.php(466): CodeIgniter\CodeIgniter->runController(Object(App\Controllers\MantenedorDemo))
 4 SYSTEMPATH\CodeIgniter.php(349): CodeIgniter\CodeIgniter->handleRequest(null, Object(Config\Cache), false)
 5 FCPATH\index.php(55): CodeIgniter\CodeIgniter->run()
CRITICAL - 2022-09-13 17:54:27 --> Undefined array key 0
in APPPATH\Controllers\MantenedorDemo.php on line 174.
 1 APPPATH\Controllers\MantenedorDemo.php(174): CodeIgniter\Debug\Exceptions->errorHandler(2, 'Undefined array key 0', 'APPPATH\\Controllers\\MantenedorDemo.php', 174)
 2 SYSTEMPATH\CodeIgniter.php(896): App\Controllers\MantenedorDemo->eliminarRegistro()
 3 SYSTEMPATH\CodeIgniter.php(466): CodeIgniter\CodeIgniter->runController(Object(App\Controllers\MantenedorDemo))
 4 SYSTEMPATH\CodeIgniter.php(349): CodeIgniter\CodeIgniter->handleRequest(null, Object(Config\Cache), false)
 5 FCPATH\index.php(55): CodeIgniter\CodeIgniter->run()
CRITICAL - 2022-09-13 17:56:48 --> Call to undefined method App\Models\MantenedorDemoModel::eliminarUsuario
in SYSTEMPATH\Model.php on line 773.
 1 APPPATH\Controllers\MantenedorDemo.php(175): CodeIgniter\Model->__call('eliminarUsuario', [...])
 2 SYSTEMPATH\CodeIgniter.php(896): App\Controllers\MantenedorDemo->eliminarRegistro()
 3 SYSTEMPATH\CodeIgniter.php(466): CodeIgniter\CodeIgniter->runController(Object(App\Controllers\MantenedorDemo))
 4 SYSTEMPATH\CodeIgniter.php(349): CodeIgniter\CodeIgniter->handleRequest(null, Object(Config\Cache), false)
 5 FCPATH\index.php(55): CodeIgniter\CodeIgniter->run()
CRITICAL - 2022-09-13 17:57:08 --> Undefined array key 0
in APPPATH\Controllers\MantenedorDemo.php on line 174.
 1 APPPATH\Controllers\MantenedorDemo.php(174): CodeIgniter\Debug\Exceptions->errorHandler(2, 'Undefined array key 0', 'APPPATH\\Controllers\\MantenedorDemo.php', 174)
 2 SYSTEMPATH\CodeIgniter.php(896): App\Controllers\MantenedorDemo->eliminarRegistro()
 3 SYSTEMPATH\CodeIgniter.php(466): CodeIgniter\CodeIgniter->runController(Object(App\Controllers\MantenedorDemo))
 4 SYSTEMPATH\CodeIgniter.php(349): CodeIgniter\CodeIgniter->handleRequest(null, Object(Config\Cache), false)
 5 FCPATH\index.php(55): CodeIgniter\CodeIgniter->run()
CRITICAL - 2022-09-13 18:34:01 --> Undefined property: stdClass::$Nombres
in APPPATH\Views\partials\topbar.php on line 112.
 1 APPPATH\Views\partials\topbar.php(112): CodeIgniter\Debug\Exceptions->errorHandler(2, 'Undefined property: stdClass::$Nombres', 'APPPATH\\Views\\partials\\topbar.php', 112)
 2 SYSTEMPATH\View\View.php(213): include('APPPATH\\Views\\partials\\topbar.php')
 3 SYSTEMPATH\View\View.php(216): CodeIgniter\View\View->CodeIgniter\View\{closure}()
 4 SYSTEMPATH\View\View.php(429): CodeIgniter\View\View->render('partials/topbar', null, true)
 5 APPPATH\Views\partials\menu.php(1): CodeIgniter\View\View->include('partials/topbar')
 6 SYSTEMPATH\View\View.php(213): include('APPPATH\\Views\\partials\\menu.php')
 7 SYSTEMPATH\View\View.php(216): CodeIgniter\View\View->CodeIgniter\View\{closure}()
 8 SYSTEMPATH\View\View.php(429): CodeIgniter\View\View->render('partials/menu', null, true)
 9 APPPATH\Views\MantenedorDemo\index.php(18): CodeIgniter\View\View->include('partials/menu')
10 SYSTEMPATH\View\View.php(213): include('APPPATH\\Views\\MantenedorDemo\\index.php')
11 SYSTEMPATH\View\View.php(216): CodeIgniter\View\View->CodeIgniter\View\{closure}()
12 SYSTEMPATH\Common.php(1135): CodeIgniter\View\View->render('MantenedorDemo/index', [], true)
13 APPPATH\Controllers\MantenedorDemo.php(27): view('MantenedorDemo/index', [...])
14 SYSTEMPATH\CodeIgniter.php(896): App\Controllers\MantenedorDemo->index()
15 SYSTEMPATH\CodeIgniter.php(466): CodeIgniter\CodeIgniter->runController(Object(App\Controllers\MantenedorDemo))
16 SYSTEMPATH\CodeIgniter.php(349): CodeIgniter\CodeIgniter->handleRequest(null, Object(Config\Cache), false)
17 FCPATH\index.php(55): CodeIgniter\CodeIgniter->run()
