CRITICAL - 2022-09-23 07:33:41 --> json_decode(): Passing null to parameter #1 ($json) of type string is deprecated
in APPPATH\Controllers\MA_estado_solicitud.php on line 30.
 1 [internal function]: CodeIgniter\Debug\Exceptions->errorHandler(8192, 'json_decode(): Passing null to parameter #1 ($json) of type string is deprecated', 'APPPATH\\Controllers\\MA_estado_solicitud.php', 30)
 2 APPPATH\Controllers\MA_estado_solicitud.php(30): json_decode(null, false)
 3 SYSTEMPATH\CodeIgniter.php(896): App\Controllers\MA_estado_solicitud->index()
 4 SYSTEMPATH\CodeIgniter.php(466): CodeIgniter\CodeIgniter->runController(Object(App\Controllers\MA_estado_solicitud))
 5 SYSTEMPATH\CodeIgniter.php(349): CodeIgniter\CodeIgniter->handleRequest(null, Object(Config\Cache), false)
 6 FCPATH\index.php(55): CodeIgniter\CodeIgniter->run()
CRITICAL - 2022-09-23 07:33:47 --> json_decode(): Passing null to parameter #1 ($json) of type string is deprecated
in APPPATH\Controllers\MA_estado_solicitud.php on line 30.
 1 [internal function]: CodeIgniter\Debug\Exceptions->errorHandler(8192, 'json_decode(): Passing null to parameter #1 ($json) of type string is deprecated', 'APPPATH\\Controllers\\MA_estado_solicitud.php', 30)
 2 APPPATH\Controllers\MA_estado_solicitud.php(30): json_decode(null, false)
 3 SYSTEMPATH\CodeIgniter.php(896): App\Controllers\MA_estado_solicitud->index()
 4 SYSTEMPATH\CodeIgniter.php(466): CodeIgniter\CodeIgniter->runController(Object(App\Controllers\MA_estado_solicitud))
 5 SYSTEMPATH\CodeIgniter.php(349): CodeIgniter\CodeIgniter->handleRequest(null, Object(Config\Cache), false)
 6 FCPATH\index.php(55): CodeIgniter\CodeIgniter->run()
CRITICAL - 2022-09-23 07:33:50 --> json_decode(): Passing null to parameter #1 ($json) of type string is deprecated
in APPPATH\Controllers\MA_estado_solicitud.php on line 30.
 1 [internal function]: CodeIgniter\Debug\Exceptions->errorHandler(8192, 'json_decode(): Passing null to parameter #1 ($json) of type string is deprecated', 'APPPATH\\Controllers\\MA_estado_solicitud.php', 30)
 2 APPPATH\Controllers\MA_estado_solicitud.php(30): json_decode(null, false)
 3 SYSTEMPATH\CodeIgniter.php(896): App\Controllers\MA_estado_solicitud->index()
 4 SYSTEMPATH\CodeIgniter.php(466): CodeIgniter\CodeIgniter->runController(Object(App\Controllers\MA_estado_solicitud))
 5 SYSTEMPATH\CodeIgniter.php(349): CodeIgniter\CodeIgniter->handleRequest(null, Object(Config\Cache), false)
 6 FCPATH\index.php(55): CodeIgniter\CodeIgniter->run()
CRITICAL - 2022-09-23 11:11:20 --> json_decode(): Passing null to parameter #1 ($json) of type string is deprecated
in APPPATH\Controllers\MA_estado_solicitud.php on line 30.
 1 [internal function]: CodeIgniter\Debug\Exceptions->errorHandler(8192, 'json_decode(): Passing null to parameter #1 ($json) of type string is deprecated', 'APPPATH\\Controllers\\MA_estado_solicitud.php', 30)
 2 APPPATH\Controllers\MA_estado_solicitud.php(30): json_decode(null, false)
 3 SYSTEMPATH\CodeIgniter.php(896): App\Controllers\MA_estado_solicitud->index()
 4 SYSTEMPATH\CodeIgniter.php(466): CodeIgniter\CodeIgniter->runController(Object(App\Controllers\MA_estado_solicitud))
 5 SYSTEMPATH\CodeIgniter.php(349): CodeIgniter\CodeIgniter->handleRequest(null, Object(Config\Cache), false)
 6 FCPATH\index.php(55): CodeIgniter\CodeIgniter->run()
CRITICAL - 2022-09-23 14:23:43 --> Undefined array key "IdUsuario"
in APPPATH\Views\MA_estado_solicitud\tabla_datos.php on line 26.
 1 APPPATH\Views\MA_estado_solicitud\tabla_datos.php(26): CodeIgniter\Debug\Exceptions->errorHandler(2, 'Undefined array key "IdUsuario"', 'APPPATH\\Views\\MA_estado_solicitud\\tabla_datos.php', 26)
 2 SYSTEMPATH\View\View.php(213): include('APPPATH\\Views\\MA_estado_solicitud\\tabla_datos.php')
 3 SYSTEMPATH\View\View.php(216): CodeIgniter\View\View->CodeIgniter\View\{closure}()
 4 SYSTEMPATH\Common.php(1135): CodeIgniter\View\View->render('MA_estado_solicitud/tabla_datos', [], true)
 5 APPPATH\Controllers\MA_estado_solicitud.php(54): view('MA_estado_solicitud/tabla_datos', [...])
 6 SYSTEMPATH\CodeIgniter.php(896): App\Controllers\MA_estado_solicitud->obtenerTablaRegistros()
 7 SYSTEMPATH\CodeIgniter.php(466): CodeIgniter\CodeIgniter->runController(Object(App\Controllers\MA_estado_solicitud))
 8 SYSTEMPATH\CodeIgniter.php(349): CodeIgniter\CodeIgniter->handleRequest(null, Object(Config\Cache), false)
 9 FCPATH\index.php(55): CodeIgniter\CodeIgniter->run()
CRITICAL - 2022-09-23 14:34:40 --> Undefined array key "IdUsuario"
in APPPATH\Views\MA_estado_solicitud\tabla_datos.php on line 26.
 1 APPPATH\Views\MA_estado_solicitud\tabla_datos.php(26): CodeIgniter\Debug\Exceptions->errorHandler(2, 'Undefined array key "IdUsuario"', 'APPPATH\\Views\\MA_estado_solicitud\\tabla_datos.php', 26)
 2 SYSTEMPATH\View\View.php(213): include('APPPATH\\Views\\MA_estado_solicitud\\tabla_datos.php')
 3 SYSTEMPATH\View\View.php(216): CodeIgniter\View\View->CodeIgniter\View\{closure}()
 4 SYSTEMPATH\Common.php(1135): CodeIgniter\View\View->render('MA_estado_solicitud/tabla_datos', [], true)
 5 APPPATH\Controllers\MA_estado_solicitud.php(54): view('MA_estado_solicitud/tabla_datos', [...])
 6 SYSTEMPATH\CodeIgniter.php(896): App\Controllers\MA_estado_solicitud->obtenerTablaRegistros()
 7 SYSTEMPATH\CodeIgniter.php(466): CodeIgniter\CodeIgniter->runController(Object(App\Controllers\MA_estado_solicitud))
 8 SYSTEMPATH\CodeIgniter.php(349): CodeIgniter\CodeIgniter->handleRequest(null, Object(Config\Cache), false)
 9 FCPATH\index.php(55): CodeIgniter\CodeIgniter->run()
CRITICAL - 2022-09-23 15:29:59 --> Undefined variable $usuario
in APPPATH\Views\MA_estado_solicitud\formulario.php on line 13.
 1 APPPATH\Views\MA_estado_solicitud\formulario.php(13): CodeIgniter\Debug\Exceptions->errorHandler(2, 'Undefined variable $usuario', 'APPPATH\\Views\\MA_estado_solicitud\\formulario.php', 13)
 2 SYSTEMPATH\View\View.php(213): include('APPPATH\\Views\\MA_estado_solicitud\\formulario.php')
 3 SYSTEMPATH\View\View.php(216): CodeIgniter\View\View->CodeIgniter\View\{closure}()
 4 SYSTEMPATH\Common.php(1135): CodeIgniter\View\View->render('MA_estado_solicitud/formulario', [], true)
 5 APPPATH\Controllers\MA_estado_solicitud.php(187): view('MA_estado_solicitud/formulario', [...])
 6 SYSTEMPATH\CodeIgniter.php(896): App\Controllers\MA_estado_solicitud->editarRegistro('1')
 7 SYSTEMPATH\CodeIgniter.php(466): CodeIgniter\CodeIgniter->runController(Object(App\Controllers\MA_estado_solicitud))
 8 SYSTEMPATH\CodeIgniter.php(349): CodeIgniter\CodeIgniter->handleRequest(null, Object(Config\Cache), false)
 9 FCPATH\index.php(55): CodeIgniter\CodeIgniter->run()
CRITICAL - 2022-09-23 15:30:28 --> Undefined variable $usuario
in APPPATH\Views\MA_estado_solicitud\formulario.php on line 13.
 1 APPPATH\Views\MA_estado_solicitud\formulario.php(13): CodeIgniter\Debug\Exceptions->errorHandler(2, 'Undefined variable $usuario', 'APPPATH\\Views\\MA_estado_solicitud\\formulario.php', 13)
 2 SYSTEMPATH\View\View.php(213): include('APPPATH\\Views\\MA_estado_solicitud\\formulario.php')
 3 SYSTEMPATH\View\View.php(216): CodeIgniter\View\View->CodeIgniter\View\{closure}()
 4 SYSTEMPATH\Common.php(1135): CodeIgniter\View\View->render('MA_estado_solicitud/formulario', [], true)
 5 APPPATH\Controllers\MA_estado_solicitud.php(90): view('MA_estado_solicitud/formulario', [...])
 6 SYSTEMPATH\CodeIgniter.php(896): App\Controllers\MA_estado_solicitud->agregarRegistro()
 7 SYSTEMPATH\CodeIgniter.php(466): CodeIgniter\CodeIgniter->runController(Object(App\Controllers\MA_estado_solicitud))
 8 SYSTEMPATH\CodeIgniter.php(349): CodeIgniter\CodeIgniter->handleRequest(null, Object(Config\Cache), false)
 9 FCPATH\index.php(55): CodeIgniter\CodeIgniter->run()
