CRITICAL - 2022-10-12 07:44:21 --> Unmatched '}'
in APPPATH\Controllers\ES_mantenedoresController.php on line 631.
 1 SYSTEMPATH\Router\Router.php(499): CodeIgniter\Router\AutoRouter->getRoute('ES_mantenedoresController/bodegasObtenerTablaRegistros')
 2 SYSTEMPATH\Router\Router.php(205): CodeIgniter\Router\Router->autoRoute('ES_mantenedoresController/bodegasObtenerTablaRegistros')
 3 SYSTEMPATH\CodeIgniter.php(771): CodeIgniter\Router\Router->handle('ES_mantenedoresController/bodegasObtenerTablaRegistros')
 4 SYSTEMPATH\CodeIgniter.php(415): CodeIgniter\CodeIgniter->tryToRouteIt(Object(CodeIgniter\Router\RouteCollection))
 5 SYSTEMPATH\CodeIgniter.php(349): CodeIgniter\CodeIgniter->handleRequest(null, Object(Config\Cache), false)
 6 FCPATH\index.php(55): CodeIgniter\CodeIgniter->run()
CRITICAL - 2022-10-12 07:44:29 --> Class "App\Models\MA_estado_solicitudModel" not found
in APPPATH\Controllers\MA_estado_solicitud.php on line 18.
 1 SYSTEMPATH\CodeIgniter.php(858): App\Controllers\MA_estado_solicitud->__construct()
 2 SYSTEMPATH\CodeIgniter.php(457): CodeIgniter\CodeIgniter->createController()
 3 SYSTEMPATH\CodeIgniter.php(349): CodeIgniter\CodeIgniter->handleRequest(null, Object(Config\Cache), false)
 4 FCPATH\index.php(55): CodeIgniter\CodeIgniter->run()
CRITICAL - 2022-10-12 07:44:33 --> Unmatched '}'
in APPPATH\Controllers\ES_mantenedoresController.php on line 631.
 1 SYSTEMPATH\Router\Router.php(499): CodeIgniter\Router\AutoRouter->getRoute('ES_mantenedoresController/bodegasObtenerTablaRegistros')
 2 SYSTEMPATH\Router\Router.php(205): CodeIgniter\Router\Router->autoRoute('ES_mantenedoresController/bodegasObtenerTablaRegistros')
 3 SYSTEMPATH\CodeIgniter.php(771): CodeIgniter\Router\Router->handle('ES_mantenedoresController/bodegasObtenerTablaRegistros')
 4 SYSTEMPATH\CodeIgniter.php(415): CodeIgniter\CodeIgniter->tryToRouteIt(Object(CodeIgniter\Router\RouteCollection))
 5 SYSTEMPATH\CodeIgniter.php(349): CodeIgniter\CodeIgniter->handleRequest(null, Object(Config\Cache), false)
 6 FCPATH\index.php(55): CodeIgniter\CodeIgniter->run()
CRITICAL - 2022-10-12 07:44:41 --> Unmatched '}'
in APPPATH\Controllers\ES_mantenedoresController.php on line 631.
 1 SYSTEMPATH\Autoloader\Autoloader.php(261): CodeIgniter\Autoloader\Autoloader->includeFile('APPPATH\\Controllers\\ES_mantenedoresController.php')
 2 SYSTEMPATH\Autoloader\Autoloader.php(239): CodeIgniter\Autoloader\Autoloader->loadInNamespace('App\\Controllers\\ES_mantenedoresController')
 3 [internal function]: CodeIgniter\Autoloader\Autoloader->loadClass('App\\Controllers\\ES_mantenedoresController')
 4 SYSTEMPATH\CodeIgniter.php(846): class_exists('\\App\\Controllers\\ES_mantenedoresController', true)
 5 SYSTEMPATH\CodeIgniter.php(453): CodeIgniter\CodeIgniter->startController()
 6 SYSTEMPATH\CodeIgniter.php(349): CodeIgniter\CodeIgniter->handleRequest(null, Object(Config\Cache), false)
 7 FCPATH\index.php(55): CodeIgniter\CodeIgniter->run()
CRITICAL - 2022-10-12 09:26:03 --> Class "App\Models\MA_estado_solicitudModel" not found
in APPPATH\Controllers\MA_estado_solicitud.php on line 18.
 1 SYSTEMPATH\CodeIgniter.php(858): App\Controllers\MA_estado_solicitud->__construct()
 2 SYSTEMPATH\CodeIgniter.php(457): CodeIgniter\CodeIgniter->createController()
 3 SYSTEMPATH\CodeIgniter.php(349): CodeIgniter\CodeIgniter->handleRequest(null, Object(Config\Cache), false)
 4 FCPATH\index.php(55): CodeIgniter\CodeIgniter->run()
CRITICAL - 2022-10-12 09:29:39 --> Class "App\Models\MA_estado_solicitudModel" not found
in APPPATH\Controllers\MA_estado_solicitud.php on line 18.
 1 SYSTEMPATH\CodeIgniter.php(858): App\Controllers\MA_estado_solicitud->__construct()
 2 SYSTEMPATH\CodeIgniter.php(457): CodeIgniter\CodeIgniter->createController()
 3 SYSTEMPATH\CodeIgniter.php(349): CodeIgniter\CodeIgniter->handleRequest(null, Object(Config\Cache), false)
 4 FCPATH\index.php(55): CodeIgniter\CodeIgniter->run()
CRITICAL - 2022-10-12 09:29:54 --> Class "App\Models\MA_estado_solicitudModel" not found
in APPPATH\Controllers\MA_estado_solicitud.php on line 18.
 1 SYSTEMPATH\CodeIgniter.php(858): App\Controllers\MA_estado_solicitud->__construct()
 2 SYSTEMPATH\CodeIgniter.php(457): CodeIgniter\CodeIgniter->createController()
 3 SYSTEMPATH\CodeIgniter.php(349): CodeIgniter\CodeIgniter->handleRequest(null, Object(Config\Cache), false)
 4 FCPATH\index.php(55): CodeIgniter\CodeIgniter->run()
CRITICAL - 2022-10-12 09:40:28 --> pg_query(): Query failed: ERROR:  no existe la columna «activo»
LINE 1: SELECT * FROM &quot;ES_areas_esterilizacion&quot; WHERE activo = TRUE ...
                                                      ^
in SYSTEMPATH\Database\Postgre\Connection.php on line 135.
 1 [internal function]: CodeIgniter\Debug\Exceptions->errorHandler(2, 'pg_query(): Query failed: ERROR:  no existe la columna «activo»
LINE 1: SELECT * FROM &quot;ES_areas_esterilizacion&quot; WHERE activo = TRUE ...
                                                      ^', 'SYSTEMPATH\\Database\\Postgre\\Connection.php', 135)
 2 SYSTEMPATH\Database\Postgre\Connection.php(135): pg_query(Object(PgSql\Connection), 'SELECT * FROM "ES_areas_esterilizacion" WHERE activo = TRUE ORDER BY "id" ASC')
 3 SYSTEMPATH\Database\BaseConnection.php(695): CodeIgniter\Database\Postgre\Connection->execute('SELECT * FROM "ES_areas_esterilizacion" WHERE activo = TRUE ORDER BY "id" ASC')
 4 SYSTEMPATH\Database\BaseConnection.php(609): CodeIgniter\Database\BaseConnection->simpleQuery('SELECT * FROM "ES_areas_esterilizacion" WHERE activo = TRUE ORDER BY "id" ASC')
 5 APPPATH\Models\ES_areasModel.php(26): CodeIgniter\Database\BaseConnection->query('SELECT * FROM "ES_areas_esterilizacion" WHERE activo = TRUE ORDER BY "id" ASC')
 6 APPPATH\Controllers\ES_mantenedoresController.php(40): App\Models\ES_areasModel->obtenerRegistros()
 7 SYSTEMPATH\CodeIgniter.php(896): App\Controllers\ES_mantenedoresController->areasObtenerTablaRegistros()
 8 SYSTEMPATH\CodeIgniter.php(466): CodeIgniter\CodeIgniter->runController(Object(App\Controllers\ES_mantenedoresController))
 9 SYSTEMPATH\CodeIgniter.php(349): CodeIgniter\CodeIgniter->handleRequest(null, Object(Config\Cache), false)
10 FCPATH\index.php(55): CodeIgniter\CodeIgniter->run()
CRITICAL - 2022-10-12 09:46:49 --> pg_query(): Query failed: ERROR:  no existe la columna «activo»
LINE 1: SELECT * FROM &quot;ES_areas_esterilizacion&quot; WHERE activo = TRUE ...
                                                      ^
in SYSTEMPATH\Database\Postgre\Connection.php on line 135.
 1 [internal function]: CodeIgniter\Debug\Exceptions->errorHandler(2, 'pg_query(): Query failed: ERROR:  no existe la columna «activo»
LINE 1: SELECT * FROM &quot;ES_areas_esterilizacion&quot; WHERE activo = TRUE ...
                                                      ^', 'SYSTEMPATH\\Database\\Postgre\\Connection.php', 135)
 2 SYSTEMPATH\Database\Postgre\Connection.php(135): pg_query(Object(PgSql\Connection), 'SELECT * FROM "ES_areas_esterilizacion" WHERE activo = TRUE ORDER BY "id" ASC')
 3 SYSTEMPATH\Database\BaseConnection.php(695): CodeIgniter\Database\Postgre\Connection->execute('SELECT * FROM "ES_areas_esterilizacion" WHERE activo = TRUE ORDER BY "id" ASC')
 4 SYSTEMPATH\Database\BaseConnection.php(609): CodeIgniter\Database\BaseConnection->simpleQuery('SELECT * FROM "ES_areas_esterilizacion" WHERE activo = TRUE ORDER BY "id" ASC')
 5 APPPATH\Models\ES_areasModel.php(26): CodeIgniter\Database\BaseConnection->query('SELECT * FROM "ES_areas_esterilizacion" WHERE activo = TRUE ORDER BY "id" ASC')
 6 APPPATH\Controllers\ES_mantenedoresController.php(40): App\Models\ES_areasModel->obtenerRegistros()
 7 SYSTEMPATH\CodeIgniter.php(896): App\Controllers\ES_mantenedoresController->areasObtenerTablaRegistros()
 8 SYSTEMPATH\CodeIgniter.php(466): CodeIgniter\CodeIgniter->runController(Object(App\Controllers\ES_mantenedoresController))
 9 SYSTEMPATH\CodeIgniter.php(349): CodeIgniter\CodeIgniter->handleRequest(null, Object(Config\Cache), false)
10 FCPATH\index.php(55): CodeIgniter\CodeIgniter->run()
CRITICAL - 2022-10-12 12:06:34 --> pg_query(): Query failed: ERROR:  relation &quot;ES_servicios&quot; does not exist
LINE 1: SELECT * FROM &quot;ES_servicios&quot; ORDER BY &quot;id&quot; ASC
                      ^
in SYSTEMPATH\Database\Postgre\Connection.php on line 135.
 1 [internal function]: CodeIgniter\Debug\Exceptions->errorHandler(2, 'pg_query(): Query failed: ERROR:  relation &quot;ES_servicios&quot; does not exist
LINE 1: SELECT * FROM &quot;ES_servicios&quot; ORDER BY &quot;id&quot; ASC
                      ^', 'SYSTEMPATH\\Database\\Postgre\\Connection.php', 135)
 2 SYSTEMPATH\Database\Postgre\Connection.php(135): pg_query(Object(PgSql\Connection), 'SELECT * FROM "ES_servicios" ORDER BY "id" ASC')
 3 SYSTEMPATH\Database\BaseConnection.php(695): CodeIgniter\Database\Postgre\Connection->execute('SELECT * FROM "ES_servicios" ORDER BY "id" ASC')
 4 SYSTEMPATH\Database\BaseConnection.php(609): CodeIgniter\Database\BaseConnection->simpleQuery('SELECT * FROM "ES_servicios" ORDER BY "id" ASC')
 5 APPPATH\Models\MA_serviciosModel.php(26): CodeIgniter\Database\BaseConnection->query('SELECT * FROM "ES_servicios" ORDER BY "id" ASC')
 6 APPPATH\Controllers\MA_servicios.php(29): App\Models\MA_serviciosModel->obtenerRegistros()
 7 SYSTEMPATH\CodeIgniter.php(896): App\Controllers\MA_servicios->obtenerTablaRegistros()
 8 SYSTEMPATH\CodeIgniter.php(466): CodeIgniter\CodeIgniter->runController(Object(App\Controllers\MA_servicios))
 9 SYSTEMPATH\CodeIgniter.php(349): CodeIgniter\CodeIgniter->handleRequest(null, Object(Config\Cache), false)
10 FCPATH\index.php(55): CodeIgniter\CodeIgniter->run()
CRITICAL - 2022-10-12 14:53:36 --> pg_query(): Query failed: ERROR:  relation &quot;ES_tipo_equipos&quot; does not exist
LINE 1: SELECT * FROM &quot;ES_tipo_equipos&quot; ORDER BY id ASC
                      ^
in SYSTEMPATH\Database\Postgre\Connection.php on line 135.
 1 [internal function]: CodeIgniter\Debug\Exceptions->errorHandler(2, 'pg_query(): Query failed: ERROR:  relation &quot;ES_tipo_equipos&quot; does not exist
LINE 1: SELECT * FROM &quot;ES_tipo_equipos&quot; ORDER BY id ASC
                      ^', 'SYSTEMPATH\\Database\\Postgre\\Connection.php', 135)
 2 SYSTEMPATH\Database\Postgre\Connection.php(135): pg_query(Object(PgSql\Connection), 'SELECT * FROM "ES_tipo_equipos" ORDER BY id ASC')
 3 SYSTEMPATH\Database\BaseConnection.php(695): CodeIgniter\Database\Postgre\Connection->execute('SELECT * FROM "ES_tipo_equipos" ORDER BY id ASC')
 4 SYSTEMPATH\Database\BaseConnection.php(609): CodeIgniter\Database\BaseConnection->simpleQuery('SELECT * FROM "ES_tipo_equipos" ORDER BY id ASC')
 5 APPPATH\Models\ES_equiposModel.php(38): CodeIgniter\Database\BaseConnection->query('SELECT * FROM "ES_tipo_equipos" ORDER BY id ASC')
 6 APPPATH\Controllers\ES_mantenedoresController.php(532): App\Models\ES_equiposModel->obtenerTipos()
 7 APPPATH\Controllers\ES_mantenedoresController.php(555): App\Controllers\ES_mantenedoresController->obtenerTipos()
 8 SYSTEMPATH\CodeIgniter.php(896): App\Controllers\ES_mantenedoresController->equiposAgregarRegistro()
 9 SYSTEMPATH\CodeIgniter.php(466): CodeIgniter\CodeIgniter->runController(Object(App\Controllers\ES_mantenedoresController))
10 SYSTEMPATH\CodeIgniter.php(349): CodeIgniter\CodeIgniter->handleRequest(null, Object(Config\Cache), false)
11 FCPATH\index.php(55): CodeIgniter\CodeIgniter->run()
CRITICAL - 2022-10-12 14:53:44 --> Call to undefined method App\Controllers\ES_mantenedoresController::obtenerRegistroPorId()
in APPPATH\Controllers\ES_mantenedoresController.php on line 606.
 1 SYSTEMPATH\CodeIgniter.php(896): App\Controllers\ES_mantenedoresController->equiposEditarRegistro('1')
 2 SYSTEMPATH\CodeIgniter.php(466): CodeIgniter\CodeIgniter->runController(Object(App\Controllers\ES_mantenedoresController))
 3 SYSTEMPATH\CodeIgniter.php(349): CodeIgniter\CodeIgniter->handleRequest(null, Object(Config\Cache), false)
 4 FCPATH\index.php(55): CodeIgniter\CodeIgniter->run()
CRITICAL - 2022-10-12 14:55:56 --> Undefined array key "descripcion_tipo"
in APPPATH\Controllers\ES_mantenedoresController.php on line 616.
 1 APPPATH\Controllers\ES_mantenedoresController.php(616): CodeIgniter\Debug\Exceptions->errorHandler(2, 'Undefined array key "descripcion_tipo"', 'APPPATH\\Controllers\\ES_mantenedoresController.php', 616)
 2 SYSTEMPATH\CodeIgniter.php(896): App\Controllers\ES_mantenedoresController->equiposEditarRegistro('1')
 3 SYSTEMPATH\CodeIgniter.php(466): CodeIgniter\CodeIgniter->runController(Object(App\Controllers\ES_mantenedoresController))
 4 SYSTEMPATH\CodeIgniter.php(349): CodeIgniter\CodeIgniter->handleRequest(null, Object(Config\Cache), false)
 5 FCPATH\index.php(55): CodeIgniter\CodeIgniter->run()
CRITICAL - 2022-10-12 14:59:41 --> pg_query(): Query failed: ERROR:  relation &quot;ES_tipo_equipos&quot; does not exist
LINE 1: SELECT * FROM &quot;ES_tipo_equipos&quot; ORDER BY id ASC
                      ^
in SYSTEMPATH\Database\Postgre\Connection.php on line 135.
 1 [internal function]: CodeIgniter\Debug\Exceptions->errorHandler(2, 'pg_query(): Query failed: ERROR:  relation &quot;ES_tipo_equipos&quot; does not exist
LINE 1: SELECT * FROM &quot;ES_tipo_equipos&quot; ORDER BY id ASC
                      ^', 'SYSTEMPATH\\Database\\Postgre\\Connection.php', 135)
 2 SYSTEMPATH\Database\Postgre\Connection.php(135): pg_query(Object(PgSql\Connection), 'SELECT * FROM "ES_tipo_equipos" ORDER BY id ASC')
 3 SYSTEMPATH\Database\BaseConnection.php(695): CodeIgniter\Database\Postgre\Connection->execute('SELECT * FROM "ES_tipo_equipos" ORDER BY id ASC')
 4 SYSTEMPATH\Database\BaseConnection.php(609): CodeIgniter\Database\BaseConnection->simpleQuery('SELECT * FROM "ES_tipo_equipos" ORDER BY id ASC')
 5 APPPATH\Models\ES_equiposModel.php(38): CodeIgniter\Database\BaseConnection->query('SELECT * FROM "ES_tipo_equipos" ORDER BY id ASC')
 6 APPPATH\Controllers\ES_mantenedoresController.php(532): App\Models\ES_equiposModel->obtenerTipos()
 7 APPPATH\Controllers\ES_mantenedoresController.php(555): App\Controllers\ES_mantenedoresController->obtenerTipos()
 8 SYSTEMPATH\CodeIgniter.php(896): App\Controllers\ES_mantenedoresController->equiposAgregarRegistro()
 9 SYSTEMPATH\CodeIgniter.php(466): CodeIgniter\CodeIgniter->runController(Object(App\Controllers\ES_mantenedoresController))
10 SYSTEMPATH\CodeIgniter.php(349): CodeIgniter\CodeIgniter->handleRequest(null, Object(Config\Cache), false)
11 FCPATH\index.php(55): CodeIgniter\CodeIgniter->run()
CRITICAL - 2022-10-12 14:59:49 --> Undefined array key "descripcion_tipo"
in APPPATH\Controllers\ES_mantenedoresController.php on line 616.
 1 APPPATH\Controllers\ES_mantenedoresController.php(616): CodeIgniter\Debug\Exceptions->errorHandler(2, 'Undefined array key "descripcion_tipo"', 'APPPATH\\Controllers\\ES_mantenedoresController.php', 616)
 2 SYSTEMPATH\CodeIgniter.php(896): App\Controllers\ES_mantenedoresController->equiposEditarRegistro('1')
 3 SYSTEMPATH\CodeIgniter.php(466): CodeIgniter\CodeIgniter->runController(Object(App\Controllers\ES_mantenedoresController))
 4 SYSTEMPATH\CodeIgniter.php(349): CodeIgniter\CodeIgniter->handleRequest(null, Object(Config\Cache), false)
 5 FCPATH\index.php(55): CodeIgniter\CodeIgniter->run()
CRITICAL - 2022-10-12 15:12:52 --> pg_query(): Query failed: ERROR:  relation &quot;ES_tipo_equipos&quot; does not exist
LINE 1: SELECT * FROM &quot;ES_tipo_equipos&quot; ORDER BY id ASC
                      ^
in SYSTEMPATH\Database\Postgre\Connection.php on line 135.
 1 [internal function]: CodeIgniter\Debug\Exceptions->errorHandler(2, 'pg_query(): Query failed: ERROR:  relation &quot;ES_tipo_equipos&quot; does not exist
LINE 1: SELECT * FROM &quot;ES_tipo_equipos&quot; ORDER BY id ASC
                      ^', 'SYSTEMPATH\\Database\\Postgre\\Connection.php', 135)
 2 SYSTEMPATH\Database\Postgre\Connection.php(135): pg_query(Object(PgSql\Connection), 'SELECT * FROM "ES_tipo_equipos" ORDER BY id ASC')
 3 SYSTEMPATH\Database\BaseConnection.php(695): CodeIgniter\Database\Postgre\Connection->execute('SELECT * FROM "ES_tipo_equipos" ORDER BY id ASC')
 4 SYSTEMPATH\Database\BaseConnection.php(609): CodeIgniter\Database\BaseConnection->simpleQuery('SELECT * FROM "ES_tipo_equipos" ORDER BY id ASC')
 5 APPPATH\Models\ES_equiposModel.php(38): CodeIgniter\Database\BaseConnection->query('SELECT * FROM "ES_tipo_equipos" ORDER BY id ASC')
 6 APPPATH\Controllers\ES_mantenedoresController.php(532): App\Models\ES_equiposModel->obtenerTipos()
 7 APPPATH\Controllers\ES_mantenedoresController.php(555): App\Controllers\ES_mantenedoresController->obtenerTipos()
 8 SYSTEMPATH\CodeIgniter.php(896): App\Controllers\ES_mantenedoresController->equiposAgregarRegistro()
 9 SYSTEMPATH\CodeIgniter.php(466): CodeIgniter\CodeIgniter->runController(Object(App\Controllers\ES_mantenedoresController))
10 SYSTEMPATH\CodeIgniter.php(349): CodeIgniter\CodeIgniter->handleRequest(null, Object(Config\Cache), false)
11 FCPATH\index.php(55): CodeIgniter\CodeIgniter->run()
CRITICAL - 2022-10-12 15:33:21 --> Undefined array key "tipo_descripcion"
in APPPATH\Views\Mantenedor\equipos_formulario.php on line 53.
 1 APPPATH\Views\Mantenedor\equipos_formulario.php(53): CodeIgniter\Debug\Exceptions->errorHandler(2, 'Undefined array key "tipo_descripcion"', 'APPPATH\\Views\\Mantenedor\\equipos_formulario.php', 53)
 2 SYSTEMPATH\View\View.php(213): include('APPPATH\\Views\\Mantenedor\\equipos_formulario.php')
 3 SYSTEMPATH\View\View.php(216): CodeIgniter\View\View->CodeIgniter\View\{closure}()
 4 SYSTEMPATH\Common.php(1135): CodeIgniter\View\View->render('Mantenedor/equipos_formulario', [], true)
 5 APPPATH\Controllers\ES_mantenedoresController.php(620): view('Mantenedor/equipos_formulario', [...])
 6 SYSTEMPATH\CodeIgniter.php(896): App\Controllers\ES_mantenedoresController->equiposEditarRegistro('1')
 7 SYSTEMPATH\CodeIgniter.php(466): CodeIgniter\CodeIgniter->runController(Object(App\Controllers\ES_mantenedoresController))
 8 SYSTEMPATH\CodeIgniter.php(349): CodeIgniter\CodeIgniter->handleRequest(null, Object(Config\Cache), false)
 9 FCPATH\index.php(55): CodeIgniter\CodeIgniter->run()
CRITICAL - 2022-10-12 16:09:54 --> count(): Argument #1 ($value) must be of type Countable|array, null given
in APPPATH\Views\Mantenedor\equipos.php on line 43.
 1 SYSTEMPATH\View\View.php(213): include()
 2 SYSTEMPATH\View\View.php(216): CodeIgniter\View\View->CodeIgniter\View\{closure}()
 3 SYSTEMPATH\Common.php(1135): CodeIgniter\View\View->render('Mantenedor/equipos', [], true)
 4 APPPATH\Controllers\ES_mantenedoresController.php(512): view('Mantenedor/equipos', [...])
 5 SYSTEMPATH\CodeIgniter.php(896): App\Controllers\ES_mantenedoresController->equipos()
 6 SYSTEMPATH\CodeIgniter.php(466): CodeIgniter\CodeIgniter->runController(Object(App\Controllers\ES_mantenedoresController))
 7 SYSTEMPATH\CodeIgniter.php(349): CodeIgniter\CodeIgniter->handleRequest(null, Object(Config\Cache), false)
 8 FCPATH\index.php(55): CodeIgniter\CodeIgniter->run()
CRITICAL - 2022-10-12 16:14:59 --> Undefined variable $resultado
in APPPATH\Views\Mantenedor\equipos.php on line 44.
 1 APPPATH\Views\Mantenedor\equipos.php(44): CodeIgniter\Debug\Exceptions->errorHandler(2, 'Undefined variable $resultado', 'APPPATH\\Views\\Mantenedor\\equipos.php', 44)
 2 SYSTEMPATH\View\View.php(213): include('APPPATH\\Views\\Mantenedor\\equipos.php')
 3 SYSTEMPATH\View\View.php(216): CodeIgniter\View\View->CodeIgniter\View\{closure}()
 4 SYSTEMPATH\Common.php(1135): CodeIgniter\View\View->render('Mantenedor/equipos', [], true)
 5 APPPATH\Controllers\ES_mantenedoresController.php(513): view('Mantenedor/equipos', [...])
 6 SYSTEMPATH\CodeIgniter.php(896): App\Controllers\ES_mantenedoresController->equipos()
 7 SYSTEMPATH\CodeIgniter.php(466): CodeIgniter\CodeIgniter->runController(Object(App\Controllers\ES_mantenedoresController))
 8 SYSTEMPATH\CodeIgniter.php(349): CodeIgniter\CodeIgniter->handleRequest(null, Object(Config\Cache), false)
 9 FCPATH\index.php(55): CodeIgniter\CodeIgniter->run()
CRITICAL - 2022-10-12 16:16:47 --> Undefined variable $selected
in APPPATH\Views\Mantenedor\equipos.php on line 45.
 1 APPPATH\Views\Mantenedor\equipos.php(45): CodeIgniter\Debug\Exceptions->errorHandler(2, 'Undefined variable $selected', 'APPPATH\\Views\\Mantenedor\\equipos.php', 45)
 2 SYSTEMPATH\View\View.php(213): include('APPPATH\\Views\\Mantenedor\\equipos.php')
 3 SYSTEMPATH\View\View.php(216): CodeIgniter\View\View->CodeIgniter\View\{closure}()
 4 SYSTEMPATH\Common.php(1135): CodeIgniter\View\View->render('Mantenedor/equipos', [], true)
 5 APPPATH\Controllers\ES_mantenedoresController.php(513): view('Mantenedor/equipos', [...])
 6 SYSTEMPATH\CodeIgniter.php(896): App\Controllers\ES_mantenedoresController->equipos()
 7 SYSTEMPATH\CodeIgniter.php(466): CodeIgniter\CodeIgniter->runController(Object(App\Controllers\ES_mantenedoresController))
 8 SYSTEMPATH\CodeIgniter.php(349): CodeIgniter\CodeIgniter->handleRequest(null, Object(Config\Cache), false)
 9 FCPATH\index.php(55): CodeIgniter\CodeIgniter->run()
CRITICAL - 2022-10-12 16:19:51 --> pg_query(): Query failed: ERROR:  relation &quot;ES_servicios&quot; does not exist
LINE 1: SELECT * FROM &quot;ES_servicios&quot; ORDER BY &quot;id&quot; ASC
                      ^
in SYSTEMPATH\Database\Postgre\Connection.php on line 135.
 1 [internal function]: CodeIgniter\Debug\Exceptions->errorHandler(2, 'pg_query(): Query failed: ERROR:  relation &quot;ES_servicios&quot; does not exist
LINE 1: SELECT * FROM &quot;ES_servicios&quot; ORDER BY &quot;id&quot; ASC
                      ^', 'SYSTEMPATH\\Database\\Postgre\\Connection.php', 135)
 2 SYSTEMPATH\Database\Postgre\Connection.php(135): pg_query(Object(PgSql\Connection), 'SELECT * FROM "ES_servicios" ORDER BY "id" ASC')
 3 SYSTEMPATH\Database\BaseConnection.php(695): CodeIgniter\Database\Postgre\Connection->execute('SELECT * FROM "ES_servicios" ORDER BY "id" ASC')
 4 SYSTEMPATH\Database\BaseConnection.php(609): CodeIgniter\Database\BaseConnection->simpleQuery('SELECT * FROM "ES_servicios" ORDER BY "id" ASC')
 5 APPPATH\Models\MA_serviciosModel.php(26): CodeIgniter\Database\BaseConnection->query('SELECT * FROM "ES_servicios" ORDER BY "id" ASC')
 6 APPPATH\Controllers\MA_servicios.php(29): App\Models\MA_serviciosModel->obtenerRegistros()
 7 SYSTEMPATH\CodeIgniter.php(896): App\Controllers\MA_servicios->obtenerTablaRegistros()
 8 SYSTEMPATH\CodeIgniter.php(466): CodeIgniter\CodeIgniter->runController(Object(App\Controllers\MA_servicios))
 9 SYSTEMPATH\CodeIgniter.php(349): CodeIgniter\CodeIgniter->handleRequest(null, Object(Config\Cache), false)
10 FCPATH\index.php(55): CodeIgniter\CodeIgniter->run()
CRITICAL - 2022-10-12 16:31:02 --> syntax error, unexpected token "<"
in APPPATH\Views\Mantenedor\equipos.php on line 46.
 1 SYSTEMPATH\View\View.php(216): CodeIgniter\View\View->CodeIgniter\View\{closure}()
 2 SYSTEMPATH\Common.php(1135): CodeIgniter\View\View->render('Mantenedor/equipos', [], true)
 3 APPPATH\Controllers\ES_mantenedoresController.php(513): view('Mantenedor/equipos', [...])
 4 SYSTEMPATH\CodeIgniter.php(896): App\Controllers\ES_mantenedoresController->equipos()
 5 SYSTEMPATH\CodeIgniter.php(466): CodeIgniter\CodeIgniter->runController(Object(App\Controllers\ES_mantenedoresController))
 6 SYSTEMPATH\CodeIgniter.php(349): CodeIgniter\CodeIgniter->handleRequest(null, Object(Config\Cache), false)
 7 FCPATH\index.php(55): CodeIgniter\CodeIgniter->run()
CRITICAL - 2022-10-12 18:21:12 --> pg_query(): Query failed: ERROR:  relation &quot;ES_servicios&quot; does not exist
LINE 1: SELECT * FROM &quot;ES_servicios&quot; ORDER BY &quot;id&quot; ASC
                      ^
in SYSTEMPATH\Database\Postgre\Connection.php on line 135.
 1 [internal function]: CodeIgniter\Debug\Exceptions->errorHandler(2, 'pg_query(): Query failed: ERROR:  relation &quot;ES_servicios&quot; does not exist
LINE 1: SELECT * FROM &quot;ES_servicios&quot; ORDER BY &quot;id&quot; ASC
                      ^', 'SYSTEMPATH\\Database\\Postgre\\Connection.php', 135)
 2 SYSTEMPATH\Database\Postgre\Connection.php(135): pg_query(Object(PgSql\Connection), 'SELECT * FROM "ES_servicios" ORDER BY "id" ASC')
 3 SYSTEMPATH\Database\BaseConnection.php(695): CodeIgniter\Database\Postgre\Connection->execute('SELECT * FROM "ES_servicios" ORDER BY "id" ASC')
 4 SYSTEMPATH\Database\BaseConnection.php(609): CodeIgniter\Database\BaseConnection->simpleQuery('SELECT * FROM "ES_servicios" ORDER BY "id" ASC')
 5 APPPATH\Models\MA_serviciosModel.php(26): CodeIgniter\Database\BaseConnection->query('SELECT * FROM "ES_servicios" ORDER BY "id" ASC')
 6 APPPATH\Controllers\MA_servicios.php(29): App\Models\MA_serviciosModel->obtenerRegistros()
 7 SYSTEMPATH\CodeIgniter.php(896): App\Controllers\MA_servicios->obtenerTablaRegistros()
 8 SYSTEMPATH\CodeIgniter.php(466): CodeIgniter\CodeIgniter->runController(Object(App\Controllers\MA_servicios))
 9 SYSTEMPATH\CodeIgniter.php(349): CodeIgniter\CodeIgniter->handleRequest(null, Object(Config\Cache), false)
10 FCPATH\index.php(55): CodeIgniter\CodeIgniter->run()
CRITICAL - 2022-10-12 18:51:11 --> Class "App\Models\ETPerfilModel" not found
in APPPATH\Controllers\MantenedorController.php on line 45.
 1 SYSTEMPATH\CodeIgniter.php(858): App\Controllers\MantenedorController->__construct()
 2 SYSTEMPATH\CodeIgniter.php(457): CodeIgniter\CodeIgniter->createController()
 3 SYSTEMPATH\CodeIgniter.php(349): CodeIgniter\CodeIgniter->handleRequest(null, Object(Config\Cache), false)
 4 FCPATH\index.php(55): CodeIgniter\CodeIgniter->run()
CRITICAL - 2022-10-12 18:54:43 --> Class "App\Models\ETPerfilModel" not found
in APPPATH\Controllers\MantenedorController.php on line 45.
 1 SYSTEMPATH\CodeIgniter.php(858): App\Controllers\MantenedorController->__construct()
 2 SYSTEMPATH\CodeIgniter.php(457): CodeIgniter\CodeIgniter->createController()
 3 SYSTEMPATH\CodeIgniter.php(349): CodeIgniter\CodeIgniter->handleRequest(null, Object(Config\Cache), false)
 4 FCPATH\index.php(55): CodeIgniter\CodeIgniter->run()
CRITICAL - 2022-10-12 19:16:45 --> Class "App\Models\ETPerfilModel" not found
in APPPATH\Controllers\MantenedorController.php on line 45.
 1 SYSTEMPATH\CodeIgniter.php(858): App\Controllers\MantenedorController->__construct()
 2 SYSTEMPATH\CodeIgniter.php(457): CodeIgniter\CodeIgniter->createController()
 3 SYSTEMPATH\CodeIgniter.php(349): CodeIgniter\CodeIgniter->handleRequest(null, Object(Config\Cache), false)
 4 FCPATH\index.php(55): CodeIgniter\CodeIgniter->run()
CRITICAL - 2022-10-12 19:16:53 --> Class "App\Models\ETPerfilModel" not found
in APPPATH\Controllers\MantenedorController.php on line 45.
 1 SYSTEMPATH\CodeIgniter.php(858): App\Controllers\MantenedorController->__construct()
 2 SYSTEMPATH\CodeIgniter.php(457): CodeIgniter\CodeIgniter->createController()
 3 SYSTEMPATH\CodeIgniter.php(349): CodeIgniter\CodeIgniter->handleRequest(null, Object(Config\Cache), false)
 4 FCPATH\index.php(55): CodeIgniter\CodeIgniter->run()
CRITICAL - 2022-10-12 19:17:02 --> Class "App\Models\ETPerfilModel" not found
in APPPATH\Controllers\MantenedorController.php on line 45.
 1 SYSTEMPATH\CodeIgniter.php(858): App\Controllers\MantenedorController->__construct()
 2 SYSTEMPATH\CodeIgniter.php(457): CodeIgniter\CodeIgniter->createController()
 3 SYSTEMPATH\CodeIgniter.php(349): CodeIgniter\CodeIgniter->handleRequest(null, Object(Config\Cache), false)
 4 FCPATH\index.php(55): CodeIgniter\CodeIgniter->run()
CRITICAL - 2022-10-12 19:23:13 --> Class "App\Models\ETPerfilModel" not found
in APPPATH\Controllers\MantenedorController.php on line 45.
 1 SYSTEMPATH\CodeIgniter.php(858): App\Controllers\MantenedorController->__construct()
 2 SYSTEMPATH\CodeIgniter.php(457): CodeIgniter\CodeIgniter->createController()
 3 SYSTEMPATH\CodeIgniter.php(349): CodeIgniter\CodeIgniter->handleRequest(null, Object(Config\Cache), false)
 4 FCPATH\index.php(55): CodeIgniter\CodeIgniter->run()
CRITICAL - 2022-10-12 19:26:31 --> Class "App\Models\ETPerfilModel" not found
in APPPATH\Controllers\MantenedorController.php on line 45.
 1 SYSTEMPATH\CodeIgniter.php(858): App\Controllers\MantenedorController->__construct()
 2 SYSTEMPATH\CodeIgniter.php(457): CodeIgniter\CodeIgniter->createController()
 3 SYSTEMPATH\CodeIgniter.php(349): CodeIgniter\CodeIgniter->handleRequest(null, Object(Config\Cache), false)
 4 FCPATH\index.php(55): CodeIgniter\CodeIgniter->run()
CRITICAL - 2022-10-12 19:26:45 --> Class "App\Models\ETPerfilModel" not found
in APPPATH\Controllers\MantenedorController.php on line 45.
 1 SYSTEMPATH\CodeIgniter.php(858): App\Controllers\MantenedorController->__construct()
 2 SYSTEMPATH\CodeIgniter.php(457): CodeIgniter\CodeIgniter->createController()
 3 SYSTEMPATH\CodeIgniter.php(349): CodeIgniter\CodeIgniter->handleRequest(null, Object(Config\Cache), false)
 4 FCPATH\index.php(55): CodeIgniter\CodeIgniter->run()
CRITICAL - 2022-10-12 19:31:49 --> Class "App\Models\ETPerfilModel" not found
in APPPATH\Controllers\MantenedorController.php on line 45.
 1 SYSTEMPATH\CodeIgniter.php(858): App\Controllers\MantenedorController->__construct()
 2 SYSTEMPATH\CodeIgniter.php(457): CodeIgniter\CodeIgniter->createController()
 3 SYSTEMPATH\CodeIgniter.php(349): CodeIgniter\CodeIgniter->handleRequest(null, Object(Config\Cache), false)
 4 FCPATH\index.php(55): CodeIgniter\CodeIgniter->run()
CRITICAL - 2022-10-12 19:35:33 --> Class "App\Models\ETPerfilPermisoModel" not found
in APPPATH\Controllers\MantenedorController.php on line 46.
 1 SYSTEMPATH\CodeIgniter.php(858): App\Controllers\MantenedorController->__construct()
 2 SYSTEMPATH\CodeIgniter.php(457): CodeIgniter\CodeIgniter->createController()
 3 SYSTEMPATH\CodeIgniter.php(349): CodeIgniter\CodeIgniter->handleRequest(null, Object(Config\Cache), false)
 4 FCPATH\index.php(55): CodeIgniter\CodeIgniter->run()
CRITICAL - 2022-10-12 20:15:53 --> Class "App\Models\ETPerfilPermisoModel" not found
in APPPATH\Controllers\MantenedorController.php on line 46.
 1 SYSTEMPATH\CodeIgniter.php(858): App\Controllers\MantenedorController->__construct()
 2 SYSTEMPATH\CodeIgniter.php(457): CodeIgniter\CodeIgniter->createController()
 3 SYSTEMPATH\CodeIgniter.php(349): CodeIgniter\CodeIgniter->handleRequest(null, Object(Config\Cache), false)
 4 FCPATH\index.php(55): CodeIgniter\CodeIgniter->run()
CRITICAL - 2022-10-12 20:17:04 --> Class "App\Models\ETPerfilPermisoModel" not found
in APPPATH\Controllers\MantenedorController.php on line 46.
 1 SYSTEMPATH\CodeIgniter.php(858): App\Controllers\MantenedorController->__construct()
 2 SYSTEMPATH\CodeIgniter.php(457): CodeIgniter\CodeIgniter->createController()
 3 SYSTEMPATH\CodeIgniter.php(349): CodeIgniter\CodeIgniter->handleRequest(null, Object(Config\Cache), false)
 4 FCPATH\index.php(55): CodeIgniter\CodeIgniter->run()
CRITICAL - 2022-10-12 20:24:18 --> Class "App\Models\ETPerfilPermisoModel" not found
in APPPATH\Controllers\MantenedorController.php on line 46.
 1 SYSTEMPATH\CodeIgniter.php(858): App\Controllers\MantenedorController->__construct()
 2 SYSTEMPATH\CodeIgniter.php(457): CodeIgniter\CodeIgniter->createController()
 3 SYSTEMPATH\CodeIgniter.php(349): CodeIgniter\CodeIgniter->handleRequest(null, Object(Config\Cache), false)
 4 FCPATH\index.php(55): CodeIgniter\CodeIgniter->run()
