CRITICAL - 2022-10-10 17:08:36 --> pg_query(): Query failed: ERROR:  duplicate key value violates unique constraint &quot;ES_areas_esterilizacion_pkey&quot;
DETAIL:  Key (id)=(1) already exists.
in SYSTEMPATH\Database\Postgre\Connection.php on line 135.
 1 [internal function]: CodeIgniter\Debug\Exceptions->errorHandler(2, 'pg_query(): Query failed: ERROR:  duplicate key value violates unique constraint &quot;ES_areas_esterilizacion_pkey&quot;
DETAIL:  Key (id)=(1) already exists.', 'SYSTEMPATH\\Database\\Postgre\\Connection.php', 135)
 2 SYSTEMPATH\Database\Postgre\Connection.php(135): pg_query(Object(PgSql\Connection), 'INSERT INTO "ES_areas_esterilizacion" ("nombre", "descripcion", "id_encargado", "nombre_encargado") VALUES (\'Prueba\', \'Descripción prueba\', \'1\', \'Anthony Brando Gonzales Alvarez\')')
 3 SYSTEMPATH\Database\BaseConnection.php(695): CodeIgniter\Database\Postgre\Connection->execute('INSERT INTO "ES_areas_esterilizacion" ("nombre", "descripcion", "id_encargado", "nombre_encargado") VALUES (\'Prueba\', \'Descripción prueba\', \'1\', \'Anthony Brando Gonzales Alvarez\')')
 4 SYSTEMPATH\Database\BaseConnection.php(609): CodeIgniter\Database\BaseConnection->simpleQuery('INSERT INTO "ES_areas_esterilizacion" ("nombre", "descripcion", "id_encargado", "nombre_encargado") VALUES (\'Prueba\', \'Descripción prueba\', \'1\', \'Anthony Brando Gonzales Alvarez\')')
 5 SYSTEMPATH\Database\BaseBuilder.php(1904): CodeIgniter\Database\BaseConnection->query('INSERT INTO "ES_areas_esterilizacion" ("nombre", "descripcion", "id_encargado", "nombre_encargado") VALUES (:nombre:, :descripcion:, :id_encargado:, :nombre_encargado:)', [...], false)
 6 SYSTEMPATH\Model.php(278): CodeIgniter\Database\BaseBuilder->insert()
 7 SYSTEMPATH\BaseModel.php(738): CodeIgniter\Model->doInsert([...])
 8 SYSTEMPATH\Model.php(666): CodeIgniter\BaseModel->insert([...], true)
 9 APPPATH\Models\ES_areasModel.php(42): CodeIgniter\Model->insert([...])
10 APPPATH\Controllers\ES_mantenedoresController.php(78): App\Models\ES_areasModel->agregarRegistro([...])
11 SYSTEMPATH\CodeIgniter.php(896): App\Controllers\ES_mantenedoresController->areasAgregarRegistroGuardar()
12 SYSTEMPATH\CodeIgniter.php(466): CodeIgniter\CodeIgniter->runController(Object(App\Controllers\ES_mantenedoresController))
13 SYSTEMPATH\CodeIgniter.php(349): CodeIgniter\CodeIgniter->handleRequest(null, Object(Config\Cache), false)
14 FCPATH\index.php(55): CodeIgniter\CodeIgniter->run()
CRITICAL - 2022-10-10 17:09:34 --> pg_query(): Query failed: ERROR:  duplicate key value violates unique constraint &quot;ES_areas_esterilizacion_pkey&quot;
DETAIL:  Key (id)=(2) already exists.
in SYSTEMPATH\Database\Postgre\Connection.php on line 135.
 1 [internal function]: CodeIgniter\Debug\Exceptions->errorHandler(2, 'pg_query(): Query failed: ERROR:  duplicate key value violates unique constraint &quot;ES_areas_esterilizacion_pkey&quot;
DETAIL:  Key (id)=(2) already exists.', 'SYSTEMPATH\\Database\\Postgre\\Connection.php', 135)
 2 SYSTEMPATH\Database\Postgre\Connection.php(135): pg_query(Object(PgSql\Connection), 'INSERT INTO "ES_areas_esterilizacion" ("nombre", "descripcion", "id_encargado", "nombre_encargado") VALUES (\'Prueba\', \'Descripción prueba\', \'2\', \'Otro Usuario apellido 1 apellido 2\')')
 3 SYSTEMPATH\Database\BaseConnection.php(695): CodeIgniter\Database\Postgre\Connection->execute('INSERT INTO "ES_areas_esterilizacion" ("nombre", "descripcion", "id_encargado", "nombre_encargado") VALUES (\'Prueba\', \'Descripción prueba\', \'2\', \'Otro Usuario apellido 1 apellido 2\')')
 4 SYSTEMPATH\Database\BaseConnection.php(609): CodeIgniter\Database\BaseConnection->simpleQuery('INSERT INTO "ES_areas_esterilizacion" ("nombre", "descripcion", "id_encargado", "nombre_encargado") VALUES (\'Prueba\', \'Descripción prueba\', \'2\', \'Otro Usuario apellido 1 apellido 2\')')
 5 SYSTEMPATH\Database\BaseBuilder.php(1904): CodeIgniter\Database\BaseConnection->query('INSERT INTO "ES_areas_esterilizacion" ("nombre", "descripcion", "id_encargado", "nombre_encargado") VALUES (:nombre:, :descripcion:, :id_encargado:, :nombre_encargado:)', [...], false)
 6 SYSTEMPATH\Model.php(278): CodeIgniter\Database\BaseBuilder->insert()
 7 SYSTEMPATH\BaseModel.php(738): CodeIgniter\Model->doInsert([...])
 8 SYSTEMPATH\Model.php(666): CodeIgniter\BaseModel->insert([...], true)
 9 APPPATH\Models\ES_areasModel.php(42): CodeIgniter\Model->insert([...])
10 APPPATH\Controllers\ES_mantenedoresController.php(78): App\Models\ES_areasModel->agregarRegistro([...])
11 SYSTEMPATH\CodeIgniter.php(896): App\Controllers\ES_mantenedoresController->areasAgregarRegistroGuardar()
12 SYSTEMPATH\CodeIgniter.php(466): CodeIgniter\CodeIgniter->runController(Object(App\Controllers\ES_mantenedoresController))
13 SYSTEMPATH\CodeIgniter.php(349): CodeIgniter\CodeIgniter->handleRequest(null, Object(Config\Cache), false)
14 FCPATH\index.php(55): CodeIgniter\CodeIgniter->run()
CRITICAL - 2022-10-10 17:17:23 --> pg_query(): Query failed: ERROR:  duplicate key value violates unique constraint &quot;ES_areas_esterilizacion_pkey&quot;
DETAIL:  Key (id)=(3) already exists.
in SYSTEMPATH\Database\Postgre\Connection.php on line 135.
 1 [internal function]: CodeIgniter\Debug\Exceptions->errorHandler(2, 'pg_query(): Query failed: ERROR:  duplicate key value violates unique constraint &quot;ES_areas_esterilizacion_pkey&quot;
DETAIL:  Key (id)=(3) already exists.', 'SYSTEMPATH\\Database\\Postgre\\Connection.php', 135)
 2 SYSTEMPATH\Database\Postgre\Connection.php(135): pg_query(Object(PgSql\Connection), 'INSERT INTO "ES_areas_esterilizacion" ("nombre", "descripcion", "id_encargado", "nombre_encargado") VALUES (\'Prueba\', \'Descripción prueba\', \'2\', \'Otro Usuario apellido 1 apellido 2\')')
 3 SYSTEMPATH\Database\BaseConnection.php(695): CodeIgniter\Database\Postgre\Connection->execute('INSERT INTO "ES_areas_esterilizacion" ("nombre", "descripcion", "id_encargado", "nombre_encargado") VALUES (\'Prueba\', \'Descripción prueba\', \'2\', \'Otro Usuario apellido 1 apellido 2\')')
 4 SYSTEMPATH\Database\BaseConnection.php(609): CodeIgniter\Database\BaseConnection->simpleQuery('INSERT INTO "ES_areas_esterilizacion" ("nombre", "descripcion", "id_encargado", "nombre_encargado") VALUES (\'Prueba\', \'Descripción prueba\', \'2\', \'Otro Usuario apellido 1 apellido 2\')')
 5 SYSTEMPATH\Database\BaseBuilder.php(1904): CodeIgniter\Database\BaseConnection->query('INSERT INTO "ES_areas_esterilizacion" ("nombre", "descripcion", "id_encargado", "nombre_encargado") VALUES (:nombre:, :descripcion:, :id_encargado:, :nombre_encargado:)', [...], false)
 6 SYSTEMPATH\Model.php(278): CodeIgniter\Database\BaseBuilder->insert()
 7 SYSTEMPATH\BaseModel.php(738): CodeIgniter\Model->doInsert([...])
 8 SYSTEMPATH\Model.php(666): CodeIgniter\BaseModel->insert([...], true)
 9 APPPATH\Models\ES_areasModel.php(42): CodeIgniter\Model->insert([...])
10 APPPATH\Controllers\ES_mantenedoresController.php(78): App\Models\ES_areasModel->agregarRegistro([...])
11 SYSTEMPATH\CodeIgniter.php(896): App\Controllers\ES_mantenedoresController->areasAgregarRegistroGuardar()
12 SYSTEMPATH\CodeIgniter.php(466): CodeIgniter\CodeIgniter->runController(Object(App\Controllers\ES_mantenedoresController))
13 SYSTEMPATH\CodeIgniter.php(349): CodeIgniter\CodeIgniter->handleRequest(null, Object(Config\Cache), false)
14 FCPATH\index.php(55): CodeIgniter\CodeIgniter->run()
CRITICAL - 2022-10-10 18:59:47 --> pg_query(): Query failed: ERROR:  no existe la columna «activo»
LINE 1: SELECT * FROM &quot;ES_bodegas&quot; WHERE activo = TRUE ORDER BY &quot;id&quot;...
                                         ^
in SYSTEMPATH\Database\Postgre\Connection.php on line 135.
 1 [internal function]: CodeIgniter\Debug\Exceptions->errorHandler(2, 'pg_query(): Query failed: ERROR:  no existe la columna «activo»
LINE 1: SELECT * FROM &quot;ES_bodegas&quot; WHERE activo = TRUE ORDER BY &quot;id&quot;...
                                         ^', 'SYSTEMPATH\\Database\\Postgre\\Connection.php', 135)
 2 SYSTEMPATH\Database\Postgre\Connection.php(135): pg_query(Object(PgSql\Connection), 'SELECT * FROM "ES_bodegas" WHERE activo = TRUE ORDER BY "id" ASC')
 3 SYSTEMPATH\Database\BaseConnection.php(695): CodeIgniter\Database\Postgre\Connection->execute('SELECT * FROM "ES_bodegas" WHERE activo = TRUE ORDER BY "id" ASC')
 4 SYSTEMPATH\Database\BaseConnection.php(609): CodeIgniter\Database\BaseConnection->simpleQuery('SELECT * FROM "ES_bodegas" WHERE activo = TRUE ORDER BY "id" ASC')
 5 APPPATH\Models\MA_bodegasModel.php(31): CodeIgniter\Database\BaseConnection->query('SELECT * FROM "ES_bodegas" WHERE activo = TRUE ORDER BY "id" ASC')
 6 APPPATH\Controllers\MA_bodegas.php(42): App\Models\MA_bodegasModel->obtenerRegistros()
 7 SYSTEMPATH\CodeIgniter.php(896): App\Controllers\MA_bodegas->obtenerTablaRegistros()
 8 SYSTEMPATH\CodeIgniter.php(466): CodeIgniter\CodeIgniter->runController(Object(App\Controllers\MA_bodegas))
 9 SYSTEMPATH\CodeIgniter.php(349): CodeIgniter\CodeIgniter->handleRequest(null, Object(Config\Cache), false)
10 FCPATH\index.php(55): CodeIgniter\CodeIgniter->run()
CRITICAL - 2022-10-10 18:59:53 --> Class "App\Models\MA_areasModel" not found
in APPPATH\Controllers\MA_areas.php on line 13.
 1 SYSTEMPATH\CodeIgniter.php(858): App\Controllers\MA_areas->__construct()
 2 SYSTEMPATH\CodeIgniter.php(457): CodeIgniter\CodeIgniter->createController()
 3 SYSTEMPATH\CodeIgniter.php(349): CodeIgniter\CodeIgniter->handleRequest(null, Object(Config\Cache), false)
 4 FCPATH\index.php(55): CodeIgniter\CodeIgniter->run()
CRITICAL - 2022-10-10 19:01:43 --> pg_query(): Query failed: ERROR:  no existe la columna «activo»
LINE 1: SELECT * FROM &quot;ES_bodegas&quot; WHERE activo = TRUE ORDER BY &quot;id&quot;...
                                         ^
in SYSTEMPATH\Database\Postgre\Connection.php on line 135.
 1 [internal function]: CodeIgniter\Debug\Exceptions->errorHandler(2, 'pg_query(): Query failed: ERROR:  no existe la columna «activo»
LINE 1: SELECT * FROM &quot;ES_bodegas&quot; WHERE activo = TRUE ORDER BY &quot;id&quot;...
                                         ^', 'SYSTEMPATH\\Database\\Postgre\\Connection.php', 135)
 2 SYSTEMPATH\Database\Postgre\Connection.php(135): pg_query(Object(PgSql\Connection), 'SELECT * FROM "ES_bodegas" WHERE activo = TRUE ORDER BY "id" ASC')
 3 SYSTEMPATH\Database\BaseConnection.php(695): CodeIgniter\Database\Postgre\Connection->execute('SELECT * FROM "ES_bodegas" WHERE activo = TRUE ORDER BY "id" ASC')
 4 SYSTEMPATH\Database\BaseConnection.php(609): CodeIgniter\Database\BaseConnection->simpleQuery('SELECT * FROM "ES_bodegas" WHERE activo = TRUE ORDER BY "id" ASC')
 5 APPPATH\Models\MA_bodegasModel.php(31): CodeIgniter\Database\BaseConnection->query('SELECT * FROM "ES_bodegas" WHERE activo = TRUE ORDER BY "id" ASC')
 6 APPPATH\Controllers\MA_bodegas.php(42): App\Models\MA_bodegasModel->obtenerRegistros()
 7 SYSTEMPATH\CodeIgniter.php(896): App\Controllers\MA_bodegas->obtenerTablaRegistros()
 8 SYSTEMPATH\CodeIgniter.php(466): CodeIgniter\CodeIgniter->runController(Object(App\Controllers\MA_bodegas))
 9 SYSTEMPATH\CodeIgniter.php(349): CodeIgniter\CodeIgniter->handleRequest(null, Object(Config\Cache), false)
10 FCPATH\index.php(55): CodeIgniter\CodeIgniter->run()
CRITICAL - 2022-10-10 19:01:52 --> Class "App\Models\MA_areasModel" not found
in APPPATH\Controllers\MA_areas.php on line 13.
 1 SYSTEMPATH\CodeIgniter.php(858): App\Controllers\MA_areas->__construct()
 2 SYSTEMPATH\CodeIgniter.php(457): CodeIgniter\CodeIgniter->createController()
 3 SYSTEMPATH\CodeIgniter.php(349): CodeIgniter\CodeIgniter->handleRequest(null, Object(Config\Cache), false)
 4 FCPATH\index.php(55): CodeIgniter\CodeIgniter->run()
CRITICAL - 2022-10-10 19:04:14 --> Class "App\Models\MA_areasModel" not found
in APPPATH\Controllers\MA_areas.php on line 13.
 1 SYSTEMPATH\CodeIgniter.php(858): App\Controllers\MA_areas->__construct()
 2 SYSTEMPATH\CodeIgniter.php(457): CodeIgniter\CodeIgniter->createController()
 3 SYSTEMPATH\CodeIgniter.php(349): CodeIgniter\CodeIgniter->handleRequest(null, Object(Config\Cache), false)
 4 FCPATH\index.php(55): CodeIgniter\CodeIgniter->run()
CRITICAL - 2022-10-10 19:07:42 --> Class "App\Models\MA_areasModel" not found
in APPPATH\Controllers\MA_areas.php on line 13.
 1 SYSTEMPATH\CodeIgniter.php(858): App\Controllers\MA_areas->__construct()
 2 SYSTEMPATH\CodeIgniter.php(457): CodeIgniter\CodeIgniter->createController()
 3 SYSTEMPATH\CodeIgniter.php(349): CodeIgniter\CodeIgniter->handleRequest(null, Object(Config\Cache), false)
 4 FCPATH\index.php(55): CodeIgniter\CodeIgniter->run()
CRITICAL - 2022-10-10 19:07:46 --> Class "App\Models\MA_areasModel" not found
in APPPATH\Controllers\MA_areas.php on line 13.
 1 SYSTEMPATH\CodeIgniter.php(858): App\Controllers\MA_areas->__construct()
 2 SYSTEMPATH\CodeIgniter.php(457): CodeIgniter\CodeIgniter->createController()
 3 SYSTEMPATH\CodeIgniter.php(349): CodeIgniter\CodeIgniter->handleRequest(null, Object(Config\Cache), false)
 4 FCPATH\index.php(55): CodeIgniter\CodeIgniter->run()
CRITICAL - 2022-10-10 19:08:45 --> pg_query(): Query failed: ERROR:  relation &quot;ES_equipo_lavado_automatico&quot; does not exist
LINE 1: SELECT * FROM &quot;ES_equipo_lavado_automatico&quot; ORDER BY &quot;id&quot; AS...
                      ^
in SYSTEMPATH\Database\Postgre\Connection.php on line 135.
 1 [internal function]: CodeIgniter\Debug\Exceptions->errorHandler(2, 'pg_query(): Query failed: ERROR:  relation &quot;ES_equipo_lavado_automatico&quot; does not exist
LINE 1: SELECT * FROM &quot;ES_equipo_lavado_automatico&quot; ORDER BY &quot;id&quot; AS...
                      ^', 'SYSTEMPATH\\Database\\Postgre\\Connection.php', 135)
 2 SYSTEMPATH\Database\Postgre\Connection.php(135): pg_query(Object(PgSql\Connection), 'SELECT * FROM "ES_equipo_lavado_automatico" ORDER BY "id" ASC')
 3 SYSTEMPATH\Database\BaseConnection.php(695): CodeIgniter\Database\Postgre\Connection->execute('SELECT * FROM "ES_equipo_lavado_automatico" ORDER BY "id" ASC')
 4 SYSTEMPATH\Database\BaseConnection.php(609): CodeIgniter\Database\BaseConnection->simpleQuery('SELECT * FROM "ES_equipo_lavado_automatico" ORDER BY "id" ASC')
 5 APPPATH\Models\MA_equipos_lavado_automaticoModel.php(26): CodeIgniter\Database\BaseConnection->query('SELECT * FROM "ES_equipo_lavado_automatico" ORDER BY "id" ASC')
 6 APPPATH\Controllers\MA_equipos_lavado_automatico.php(29): App\Models\MA_equipos_lavado_automaticoModel->obtenerRegistros()
 7 SYSTEMPATH\CodeIgniter.php(896): App\Controllers\MA_equipos_lavado_automatico->obtenerTablaRegistros()
 8 SYSTEMPATH\CodeIgniter.php(466): CodeIgniter\CodeIgniter->runController(Object(App\Controllers\MA_equipos_lavado_automatico))
 9 SYSTEMPATH\CodeIgniter.php(349): CodeIgniter\CodeIgniter->handleRequest(null, Object(Config\Cache), false)
10 FCPATH\index.php(55): CodeIgniter\CodeIgniter->run()
