CRITICAL - 2022-07-22 07:52:34 --> Undefined variable $prueba_datos
in APPPATH\Controllers\Front.php on line 12.
 1 APPPATH\Controllers\Front.php(12): CodeIgniter\Debug\Exceptions->errorHandler(2, 'Undefined variable $prueba_datos', 'APPPATH\\Controllers\\Front.php', 12)
 2 SYSTEMPATH\CodeIgniter.php(858): App\Controllers\Front->__construct()
 3 SYSTEMPATH\CodeIgniter.php(457): CodeIgniter\CodeIgniter->createController()
 4 SYSTEMPATH\CodeIgniter.php(349): CodeIgniter\CodeIgniter->handleRequest(null, Object(Config\Cache), false)
 5 FCPATH\index.php(55): CodeIgniter\CodeIgniter->run()
CRITICAL - 2022-07-22 07:52:39 --> Undefined variable $prueba_datos
in APPPATH\Controllers\Front.php on line 12.
 1 APPPATH\Controllers\Front.php(12): CodeIgniter\Debug\Exceptions->errorHandler(2, 'Undefined variable $prueba_datos', 'APPPATH\\Controllers\\Front.php', 12)
 2 SYSTEMPATH\CodeIgniter.php(858): App\Controllers\Front->__construct()
 3 SYSTEMPATH\CodeIgniter.php(457): CodeIgniter\CodeIgniter->createController()
 4 SYSTEMPATH\CodeIgniter.php(349): CodeIgniter\CodeIgniter->handleRequest(null, Object(Config\Cache), false)
 5 FCPATH\index.php(55): CodeIgniter\CodeIgniter->run()
CRITICAL - 2022-07-22 07:53:13 --> Undefined variable $prueba_datos
in APPPATH\Controllers\Front.php on line 17.
 1 APPPATH\Controllers\Front.php(17): CodeIgniter\Debug\Exceptions->errorHandler(2, 'Undefined variable $prueba_datos', 'APPPATH\\Controllers\\Front.php', 17)
 2 SYSTEMPATH\CodeIgniter.php(896): App\Controllers\Front->index()
 3 SYSTEMPATH\CodeIgniter.php(466): CodeIgniter\CodeIgniter->runController(Object(App\Controllers\Front))
 4 SYSTEMPATH\CodeIgniter.php(349): CodeIgniter\CodeIgniter->handleRequest(null, Object(Config\Cache), false)
 5 FCPATH\index.php(55): CodeIgniter\CodeIgniter->run()
CRITICAL - 2022-07-22 07:53:22 --> Undefined variable $prueba_datos
in APPPATH\Controllers\Front.php on line 17.
 1 APPPATH\Controllers\Front.php(17): CodeIgniter\Debug\Exceptions->errorHandler(2, 'Undefined variable $prueba_datos', 'APPPATH\\Controllers\\Front.php', 17)
 2 SYSTEMPATH\CodeIgniter.php(896): App\Controllers\Front->index()
 3 SYSTEMPATH\CodeIgniter.php(466): CodeIgniter\CodeIgniter->runController(Object(App\Controllers\Front))
 4 SYSTEMPATH\CodeIgniter.php(349): CodeIgniter\CodeIgniter->handleRequest(null, Object(Config\Cache), false)
 5 FCPATH\index.php(55): CodeIgniter\CodeIgniter->run()
CRITICAL - 2022-07-22 07:53:28 --> Undefined variable $prueba_datos
in APPPATH\Controllers\Front.php on line 17.
 1 APPPATH\Controllers\Front.php(17): CodeIgniter\Debug\Exceptions->errorHandler(2, 'Undefined variable $prueba_datos', 'APPPATH\\Controllers\\Front.php', 17)
 2 SYSTEMPATH\CodeIgniter.php(896): App\Controllers\Front->index()
 3 SYSTEMPATH\CodeIgniter.php(466): CodeIgniter\CodeIgniter->runController(Object(App\Controllers\Front))
 4 SYSTEMPATH\CodeIgniter.php(349): CodeIgniter\CodeIgniter->handleRequest(null, Object(Config\Cache), false)
 5 FCPATH\index.php(55): CodeIgniter\CodeIgniter->run()
CRITICAL - 2022-07-22 07:57:38 --> Undefined variable $prueba_datos
in APPPATH\Controllers\Front.php on line 12.
 1 APPPATH\Controllers\Front.php(12): CodeIgniter\Debug\Exceptions->errorHandler(2, 'Undefined variable $prueba_datos', 'APPPATH\\Controllers\\Front.php', 12)
 2 SYSTEMPATH\CodeIgniter.php(858): App\Controllers\Front->__construct()
 3 SYSTEMPATH\CodeIgniter.php(457): CodeIgniter\CodeIgniter->createController()
 4 SYSTEMPATH\CodeIgniter.php(349): CodeIgniter\CodeIgniter->handleRequest(null, Object(Config\Cache), false)
 5 FCPATH\index.php(55): CodeIgniter\CodeIgniter->run()
CRITICAL - 2022-07-22 08:07:22 --> Undefined variable $prueba_datos
in APPPATH\Controllers\Front.php on line 12.
 1 APPPATH\Controllers\Front.php(12): CodeIgniter\Debug\Exceptions->errorHandler(2, 'Undefined variable $prueba_datos', 'APPPATH\\Controllers\\Front.php', 12)
 2 SYSTEMPATH\CodeIgniter.php(858): App\Controllers\Front->__construct()
 3 SYSTEMPATH\CodeIgniter.php(457): CodeIgniter\CodeIgniter->createController()
 4 SYSTEMPATH\CodeIgniter.php(349): CodeIgniter\CodeIgniter->handleRequest(null, Object(Config\Cache), false)
 5 FCPATH\index.php(55): CodeIgniter\CodeIgniter->run()
CRITICAL - 2022-07-22 10:03:25 --> Undefined variable $prueba_datos
in APPPATH\Controllers\Front.php on line 12.
 1 APPPATH\Controllers\Front.php(12): CodeIgniter\Debug\Exceptions->errorHandler(2, 'Undefined variable $prueba_datos', 'APPPATH\\Controllers\\Front.php', 12)
 2 SYSTEMPATH\CodeIgniter.php(858): App\Controllers\Front->__construct()
 3 SYSTEMPATH\CodeIgniter.php(457): CodeIgniter\CodeIgniter->createController()
 4 SYSTEMPATH\CodeIgniter.php(349): CodeIgniter\CodeIgniter->handleRequest(null, Object(Config\Cache), false)
 5 FCPATH\index.php(55): CodeIgniter\CodeIgniter->run()
CRITICAL - 2022-07-22 10:03:35 --> Undefined variable $prueba_datos
in APPPATH\Controllers\Front.php on line 12.
 1 APPPATH\Controllers\Front.php(12): CodeIgniter\Debug\Exceptions->errorHandler(2, 'Undefined variable $prueba_datos', 'APPPATH\\Controllers\\Front.php', 12)
 2 SYSTEMPATH\CodeIgniter.php(858): App\Controllers\Front->__construct()
 3 SYSTEMPATH\CodeIgniter.php(457): CodeIgniter\CodeIgniter->createController()
 4 SYSTEMPATH\CodeIgniter.php(349): CodeIgniter\CodeIgniter->handleRequest(null, Object(Config\Cache), false)
 5 FCPATH\index.php(55): CodeIgniter\CodeIgniter->run()
CRITICAL - 2022-07-22 10:10:09 --> Undefined variable $prueba_datos
in APPPATH\Controllers\Front.php on line 17.
 1 APPPATH\Controllers\Front.php(17): CodeIgniter\Debug\Exceptions->errorHandler(2, 'Undefined variable $prueba_datos', 'APPPATH\\Controllers\\Front.php', 17)
 2 SYSTEMPATH\CodeIgniter.php(896): App\Controllers\Front->index()
 3 SYSTEMPATH\CodeIgniter.php(466): CodeIgniter\CodeIgniter->runController(Object(App\Controllers\Front))
 4 SYSTEMPATH\CodeIgniter.php(349): CodeIgniter\CodeIgniter->handleRequest(null, Object(Config\Cache), false)
 5 FCPATH\index.php(55): CodeIgniter\CodeIgniter->run()
CRITICAL - 2022-07-22 11:23:59 --> Call to undefined function baseURL()
in APPPATH\Views\partials\sidebar.php on line 3.
 1 SYSTEMPATH\View\View.php(213): include()
 2 SYSTEMPATH\View\View.php(216): CodeIgniter\View\View->CodeIgniter\View\{closure}()
 3 SYSTEMPATH\View\View.php(429): CodeIgniter\View\View->render('partials/sidebar', null, true)
 4 APPPATH\Views\partials\menu.php(3): CodeIgniter\View\View->include('partials/sidebar')
 5 SYSTEMPATH\View\View.php(213): include('APPPATH\\Views\\partials\\menu.php')
 6 SYSTEMPATH\View\View.php(216): CodeIgniter\View\View->CodeIgniter\View\{closure}()
 7 SYSTEMPATH\View\View.php(429): CodeIgniter\View\View->render('partials/menu', null, true)
 8 APPPATH\Views\Front\index.php(13): CodeIgniter\View\View->include('partials/menu')
 9 SYSTEMPATH\View\View.php(213): include('APPPATH\\Views\\Front\\index.php')
10 SYSTEMPATH\View\View.php(216): CodeIgniter\View\View->CodeIgniter\View\{closure}()
11 SYSTEMPATH\Common.php(1135): CodeIgniter\View\View->render('Front/index', [], true)
12 APPPATH\Controllers\Front.php(26): view('Front/index', [...])
13 SYSTEMPATH\CodeIgniter.php(896): App\Controllers\Front->index()
14 SYSTEMPATH\CodeIgniter.php(466): CodeIgniter\CodeIgniter->runController(Object(App\Controllers\Front))
15 SYSTEMPATH\CodeIgniter.php(349): CodeIgniter\CodeIgniter->handleRequest(null, Object(Config\Cache), false)
16 FCPATH\index.php(55): CodeIgniter\CodeIgniter->run()
CRITICAL - 2022-07-22 11:24:11 --> Call to undefined function baseURL()
in APPPATH\Views\partials\sidebar.php on line 3.
 1 SYSTEMPATH\View\View.php(213): include()
 2 SYSTEMPATH\View\View.php(216): CodeIgniter\View\View->CodeIgniter\View\{closure}()
 3 SYSTEMPATH\View\View.php(429): CodeIgniter\View\View->render('partials/sidebar', null, true)
 4 APPPATH\Views\partials\menu.php(3): CodeIgniter\View\View->include('partials/sidebar')
 5 SYSTEMPATH\View\View.php(213): include('APPPATH\\Views\\partials\\menu.php')
 6 SYSTEMPATH\View\View.php(216): CodeIgniter\View\View->CodeIgniter\View\{closure}()
 7 SYSTEMPATH\View\View.php(429): CodeIgniter\View\View->render('partials/menu', null, true)
 8 APPPATH\Views\Front\index.php(13): CodeIgniter\View\View->include('partials/menu')
 9 SYSTEMPATH\View\View.php(213): include('APPPATH\\Views\\Front\\index.php')
10 SYSTEMPATH\View\View.php(216): CodeIgniter\View\View->CodeIgniter\View\{closure}()
11 SYSTEMPATH\Common.php(1135): CodeIgniter\View\View->render('Front/index', [], true)
12 APPPATH\Controllers\Front.php(26): view('Front/index', [...])
13 SYSTEMPATH\CodeIgniter.php(896): App\Controllers\Front->index()
14 SYSTEMPATH\CodeIgniter.php(466): CodeIgniter\CodeIgniter->runController(Object(App\Controllers\Front))
15 SYSTEMPATH\CodeIgniter.php(349): CodeIgniter\CodeIgniter->handleRequest(null, Object(Config\Cache), false)
16 FCPATH\index.php(55): CodeIgniter\CodeIgniter->run()
CRITICAL - 2022-07-22 11:24:41 --> Undefined variable $datos
in APPPATH\Views\partials\sidebar.php on line 2.
 1 APPPATH\Views\partials\sidebar.php(2): CodeIgniter\Debug\Exceptions->errorHandler(2, 'Undefined variable $datos', 'APPPATH\\Views\\partials\\sidebar.php', 2)
 2 SYSTEMPATH\View\View.php(213): include('APPPATH\\Views\\partials\\sidebar.php')
 3 SYSTEMPATH\View\View.php(216): CodeIgniter\View\View->CodeIgniter\View\{closure}()
 4 SYSTEMPATH\View\View.php(429): CodeIgniter\View\View->render('partials/sidebar', null, true)
 5 APPPATH\Views\partials\menu.php(3): CodeIgniter\View\View->include('partials/sidebar')
 6 SYSTEMPATH\View\View.php(213): include('APPPATH\\Views\\partials\\menu.php')
 7 SYSTEMPATH\View\View.php(216): CodeIgniter\View\View->CodeIgniter\View\{closure}()
 8 SYSTEMPATH\View\View.php(429): CodeIgniter\View\View->render('partials/menu', null, true)
 9 APPPATH\Views\Front\dashboard-blog.php(17): CodeIgniter\View\View->include('partials/menu')
10 SYSTEMPATH\View\View.php(213): include('APPPATH\\Views\\Front\\dashboard-blog.php')
11 SYSTEMPATH\View\View.php(216): CodeIgniter\View\View->CodeIgniter\View\{closure}()
12 SYSTEMPATH\Common.php(1135): CodeIgniter\View\View->render('Front/dashboard-blog', [], true)
13 APPPATH\Controllers\Front.php(53): view('Front/dashboard-blog', [...])
14 SYSTEMPATH\CodeIgniter.php(896): App\Controllers\Front->show_dashboard_blog()
15 SYSTEMPATH\CodeIgniter.php(466): CodeIgniter\CodeIgniter->runController(Object(App\Controllers\Front))
16 SYSTEMPATH\CodeIgniter.php(349): CodeIgniter\CodeIgniter->handleRequest(null, Object(Config\Cache), false)
17 FCPATH\index.php(55): CodeIgniter\CodeIgniter->run()
CRITICAL - 2022-07-22 11:24:43 --> Undefined variable $datos
in APPPATH\Views\partials\sidebar.php on line 2.
 1 APPPATH\Views\partials\sidebar.php(2): CodeIgniter\Debug\Exceptions->errorHandler(2, 'Undefined variable $datos', 'APPPATH\\Views\\partials\\sidebar.php', 2)
 2 SYSTEMPATH\View\View.php(213): include('APPPATH\\Views\\partials\\sidebar.php')
 3 SYSTEMPATH\View\View.php(216): CodeIgniter\View\View->CodeIgniter\View\{closure}()
 4 SYSTEMPATH\View\View.php(429): CodeIgniter\View\View->render('partials/sidebar', null, true)
 5 APPPATH\Views\partials\menu.php(3): CodeIgniter\View\View->include('partials/sidebar')
 6 SYSTEMPATH\View\View.php(213): include('APPPATH\\Views\\partials\\menu.php')
 7 SYSTEMPATH\View\View.php(216): CodeIgniter\View\View->CodeIgniter\View\{closure}()
 8 SYSTEMPATH\View\View.php(429): CodeIgniter\View\View->render('partials/menu', null, true)
 9 APPPATH\Views\Front\dashboard-crypto.php(17): CodeIgniter\View\View->include('partials/menu')
10 SYSTEMPATH\View\View.php(213): include('APPPATH\\Views\\Front\\dashboard-crypto.php')
11 SYSTEMPATH\View\View.php(216): CodeIgniter\View\View->CodeIgniter\View\{closure}()
12 SYSTEMPATH\Common.php(1135): CodeIgniter\View\View->render('Front/dashboard-crypto', [], true)
13 APPPATH\Controllers\Front.php(44): view('Front/dashboard-crypto', [...])
14 SYSTEMPATH\CodeIgniter.php(896): App\Controllers\Front->show_dashboard_crypto()
15 SYSTEMPATH\CodeIgniter.php(466): CodeIgniter\CodeIgniter->runController(Object(App\Controllers\Front))
16 SYSTEMPATH\CodeIgniter.php(349): CodeIgniter\CodeIgniter->handleRequest(null, Object(Config\Cache), false)
17 FCPATH\index.php(55): CodeIgniter\CodeIgniter->run()
CRITICAL - 2022-07-22 11:24:44 --> Undefined variable $datos
in APPPATH\Views\partials\sidebar.php on line 2.
 1 APPPATH\Views\partials\sidebar.php(2): CodeIgniter\Debug\Exceptions->errorHandler(2, 'Undefined variable $datos', 'APPPATH\\Views\\partials\\sidebar.php', 2)
 2 SYSTEMPATH\View\View.php(213): include('APPPATH\\Views\\partials\\sidebar.php')
 3 SYSTEMPATH\View\View.php(216): CodeIgniter\View\View->CodeIgniter\View\{closure}()
 4 SYSTEMPATH\View\View.php(429): CodeIgniter\View\View->render('partials/sidebar', null, true)
 5 APPPATH\Views\partials\menu.php(3): CodeIgniter\View\View->include('partials/sidebar')
 6 SYSTEMPATH\View\View.php(213): include('APPPATH\\Views\\partials\\menu.php')
 7 SYSTEMPATH\View\View.php(216): CodeIgniter\View\View->CodeIgniter\View\{closure}()
 8 SYSTEMPATH\View\View.php(429): CodeIgniter\View\View->render('partials/menu', null, true)
 9 APPPATH\Views\Front\dashboard-blog.php(17): CodeIgniter\View\View->include('partials/menu')
10 SYSTEMPATH\View\View.php(213): include('APPPATH\\Views\\Front\\dashboard-blog.php')
11 SYSTEMPATH\View\View.php(216): CodeIgniter\View\View->CodeIgniter\View\{closure}()
12 SYSTEMPATH\Common.php(1135): CodeIgniter\View\View->render('Front/dashboard-blog', [], true)
13 APPPATH\Controllers\Front.php(53): view('Front/dashboard-blog', [...])
14 SYSTEMPATH\CodeIgniter.php(896): App\Controllers\Front->show_dashboard_blog()
15 SYSTEMPATH\CodeIgniter.php(466): CodeIgniter\CodeIgniter->runController(Object(App\Controllers\Front))
16 SYSTEMPATH\CodeIgniter.php(349): CodeIgniter\CodeIgniter->handleRequest(null, Object(Config\Cache), false)
17 FCPATH\index.php(55): CodeIgniter\CodeIgniter->run()
CRITICAL - 2022-07-22 14:25:46 --> Undefined variable $prueba_datos
in APPPATH\Controllers\EntregaTurno.php on line 22.
 1 APPPATH\Controllers\EntregaTurno.php(22): CodeIgniter\Debug\Exceptions->errorHandler(2, 'Undefined variable $prueba_datos', 'APPPATH\\Controllers\\EntregaTurno.php', 22)
 2 SYSTEMPATH\CodeIgniter.php(896): App\Controllers\EntregaTurno->index()
 3 SYSTEMPATH\CodeIgniter.php(466): CodeIgniter\CodeIgniter->runController(Object(App\Controllers\EntregaTurno))
 4 SYSTEMPATH\CodeIgniter.php(349): CodeIgniter\CodeIgniter->handleRequest(null, Object(Config\Cache), false)
 5 FCPATH\index.php(55): CodeIgniter\CodeIgniter->run()
CRITICAL - 2022-07-22 14:26:31 --> Undefined variable $datos
in APPPATH\Views\partials\sidebar.php on line 2.
 1 APPPATH\Views\partials\sidebar.php(2): CodeIgniter\Debug\Exceptions->errorHandler(2, 'Undefined variable $datos', 'APPPATH\\Views\\partials\\sidebar.php', 2)
 2 SYSTEMPATH\View\View.php(213): include('APPPATH\\Views\\partials\\sidebar.php')
 3 SYSTEMPATH\View\View.php(216): CodeIgniter\View\View->CodeIgniter\View\{closure}()
 4 SYSTEMPATH\View\View.php(429): CodeIgniter\View\View->render('partials/sidebar', null, true)
 5 APPPATH\Views\partials\menu.php(2): CodeIgniter\View\View->include('partials/sidebar')
 6 SYSTEMPATH\View\View.php(213): include('APPPATH\\Views\\partials\\menu.php')
 7 SYSTEMPATH\View\View.php(216): CodeIgniter\View\View->CodeIgniter\View\{closure}()
 8 SYSTEMPATH\View\View.php(429): CodeIgniter\View\View->render('partials/menu', null, true)
 9 APPPATH\Views\EntregaTurno\index.php(13): CodeIgniter\View\View->include('partials/menu')
10 SYSTEMPATH\View\View.php(213): include('APPPATH\\Views\\EntregaTurno\\index.php')
11 SYSTEMPATH\View\View.php(216): CodeIgniter\View\View->CodeIgniter\View\{closure}()
12 SYSTEMPATH\Common.php(1135): CodeIgniter\View\View->render('EntregaTurno/index', [], true)
13 APPPATH\Controllers\EntregaTurno.php(22): view('EntregaTurno/index', [...])
14 SYSTEMPATH\CodeIgniter.php(896): App\Controllers\EntregaTurno->index()
15 SYSTEMPATH\CodeIgniter.php(466): CodeIgniter\CodeIgniter->runController(Object(App\Controllers\EntregaTurno))
16 SYSTEMPATH\CodeIgniter.php(349): CodeIgniter\CodeIgniter->handleRequest(null, Object(Config\Cache), false)
17 FCPATH\index.php(55): CodeIgniter\CodeIgniter->run()
CRITICAL - 2022-07-22 15:02:19 --> Call to undefined method App\Controllers\EntregaTurno::tabla_datos()
in APPPATH\Views\EntregaTurno\index.php on line 100.
 1 SYSTEMPATH\View\View.php(213): include()
 2 SYSTEMPATH\View\View.php(216): CodeIgniter\View\View->CodeIgniter\View\{closure}()
 3 SYSTEMPATH\Common.php(1135): CodeIgniter\View\View->render('EntregaTurno/index', [], true)
 4 APPPATH\Controllers\EntregaTurno.php(22): view('EntregaTurno/index', [...])
 5 SYSTEMPATH\CodeIgniter.php(896): App\Controllers\EntregaTurno->index()
 6 SYSTEMPATH\CodeIgniter.php(466): CodeIgniter\CodeIgniter->runController(Object(App\Controllers\EntregaTurno))
 7 SYSTEMPATH\CodeIgniter.php(349): CodeIgniter\CodeIgniter->handleRequest(null, Object(Config\Cache), false)
 8 FCPATH\index.php(55): CodeIgniter\CodeIgniter->run()
CRITICAL - 2022-07-22 15:18:03 --> Undefined variable $data
in APPPATH\Controllers\EntregaTurno.php on line 28.
 1 APPPATH\Controllers\EntregaTurno.php(28): CodeIgniter\Debug\Exceptions->errorHandler(2, 'Undefined variable $data', 'APPPATH\\Controllers\\EntregaTurno.php', 28)
 2 SYSTEMPATH\CodeIgniter.php(896): App\Controllers\EntregaTurno->obtenerTablaDatos()
 3 SYSTEMPATH\CodeIgniter.php(466): CodeIgniter\CodeIgniter->runController(Object(App\Controllers\EntregaTurno))
 4 SYSTEMPATH\CodeIgniter.php(349): CodeIgniter\CodeIgniter->handleRequest(null, Object(Config\Cache), false)
 5 FCPATH\index.php(55): CodeIgniter\CodeIgniter->run()
CRITICAL - 2022-07-22 15:18:51 --> Undefined variable $datos
in APPPATH\Views\EntregaTurno\tabla_datos.php on line 12.
 1 APPPATH\Views\EntregaTurno\tabla_datos.php(12): CodeIgniter\Debug\Exceptions->errorHandler(2, 'Undefined variable $datos', 'APPPATH\\Views\\EntregaTurno\\tabla_datos.php', 12)
 2 SYSTEMPATH\View\View.php(213): include('APPPATH\\Views\\EntregaTurno\\tabla_datos.php')
 3 SYSTEMPATH\View\View.php(216): CodeIgniter\View\View->CodeIgniter\View\{closure}()
 4 SYSTEMPATH\Common.php(1135): CodeIgniter\View\View->render('EntregaTurno/tabla_datos', [], true)
 5 APPPATH\Controllers\EntregaTurno.php(28): view('EntregaTurno/tabla_datos', [...])
 6 SYSTEMPATH\CodeIgniter.php(896): App\Controllers\EntregaTurno->obtenerTablaDatos()
 7 SYSTEMPATH\CodeIgniter.php(466): CodeIgniter\CodeIgniter->runController(Object(App\Controllers\EntregaTurno))
 8 SYSTEMPATH\CodeIgniter.php(349): CodeIgniter\CodeIgniter->handleRequest(null, Object(Config\Cache), false)
 9 FCPATH\index.php(55): CodeIgniter\CodeIgniter->run()
CRITICAL - 2022-07-22 15:19:45 --> Undefined variable $prueba_datos
in APPPATH\Views\EntregaTurno\tabla_datos.php on line 12.
 1 APPPATH\Views\EntregaTurno\tabla_datos.php(12): CodeIgniter\Debug\Exceptions->errorHandler(2, 'Undefined variable $prueba_datos', 'APPPATH\\Views\\EntregaTurno\\tabla_datos.php', 12)
 2 SYSTEMPATH\View\View.php(213): include('APPPATH\\Views\\EntregaTurno\\tabla_datos.php')
 3 SYSTEMPATH\View\View.php(216): CodeIgniter\View\View->CodeIgniter\View\{closure}()
 4 SYSTEMPATH\Common.php(1135): CodeIgniter\View\View->render('EntregaTurno/tabla_datos', [], true)
 5 APPPATH\Controllers\EntregaTurno.php(28): view('EntregaTurno/tabla_datos', [...])
 6 SYSTEMPATH\CodeIgniter.php(896): App\Controllers\EntregaTurno->obtenerTablaDatos()
 7 SYSTEMPATH\CodeIgniter.php(466): CodeIgniter\CodeIgniter->runController(Object(App\Controllers\EntregaTurno))
 8 SYSTEMPATH\CodeIgniter.php(349): CodeIgniter\CodeIgniter->handleRequest(null, Object(Config\Cache), false)
 9 FCPATH\index.php(55): CodeIgniter\CodeIgniter->run()
CRITICAL - 2022-07-22 15:21:05 --> Array to string conversion
in APPPATH\Controllers\EntregaTurno.php on line 28.
 1 APPPATH\Controllers\EntregaTurno.php(28): CodeIgniter\Debug\Exceptions->errorHandler(2, 'Array to string conversion', 'APPPATH\\Controllers\\EntregaTurno.php', 28)
 2 SYSTEMPATH\CodeIgniter.php(896): App\Controllers\EntregaTurno->obtenerTablaDatos()
 3 SYSTEMPATH\CodeIgniter.php(466): CodeIgniter\CodeIgniter->runController(Object(App\Controllers\EntregaTurno))
 4 SYSTEMPATH\CodeIgniter.php(349): CodeIgniter\CodeIgniter->handleRequest(null, Object(Config\Cache), false)
 5 FCPATH\index.php(55): CodeIgniter\CodeIgniter->run()
CRITICAL - 2022-07-22 15:22:49 --> Array to string conversion
in APPPATH\Controllers\EntregaTurno.php on line 29.
 1 APPPATH\Controllers\EntregaTurno.php(29): CodeIgniter\Debug\Exceptions->errorHandler(2, 'Array to string conversion', 'APPPATH\\Controllers\\EntregaTurno.php', 29)
 2 SYSTEMPATH\CodeIgniter.php(896): App\Controllers\EntregaTurno->obtenerTablaDatos()
 3 SYSTEMPATH\CodeIgniter.php(466): CodeIgniter\CodeIgniter->runController(Object(App\Controllers\EntregaTurno))
 4 SYSTEMPATH\CodeIgniter.php(349): CodeIgniter\CodeIgniter->handleRequest(null, Object(Config\Cache), false)
 5 FCPATH\index.php(55): CodeIgniter\CodeIgniter->run()
CRITICAL - 2022-07-22 15:23:14 --> Array to string conversion
in APPPATH\Controllers\EntregaTurno.php on line 28.
 1 APPPATH\Controllers\EntregaTurno.php(28): CodeIgniter\Debug\Exceptions->errorHandler(2, 'Array to string conversion', 'APPPATH\\Controllers\\EntregaTurno.php', 28)
 2 SYSTEMPATH\CodeIgniter.php(896): App\Controllers\EntregaTurno->obtenerTablaDatos()
 3 SYSTEMPATH\CodeIgniter.php(466): CodeIgniter\CodeIgniter->runController(Object(App\Controllers\EntregaTurno))
 4 SYSTEMPATH\CodeIgniter.php(349): CodeIgniter\CodeIgniter->handleRequest(null, Object(Config\Cache), false)
 5 FCPATH\index.php(55): CodeIgniter\CodeIgniter->run()
CRITICAL - 2022-07-22 15:23:39 --> Array to string conversion
in APPPATH\Controllers\EntregaTurno.php on line 29.
 1 APPPATH\Controllers\EntregaTurno.php(29): CodeIgniter\Debug\Exceptions->errorHandler(2, 'Array to string conversion', 'APPPATH\\Controllers\\EntregaTurno.php', 29)
 2 SYSTEMPATH\CodeIgniter.php(896): App\Controllers\EntregaTurno->obtenerTablaDatos()
 3 SYSTEMPATH\CodeIgniter.php(466): CodeIgniter\CodeIgniter->runController(Object(App\Controllers\EntregaTurno))
 4 SYSTEMPATH\CodeIgniter.php(349): CodeIgniter\CodeIgniter->handleRequest(null, Object(Config\Cache), false)
 5 FCPATH\index.php(55): CodeIgniter\CodeIgniter->run()
CRITICAL - 2022-07-22 15:24:16 --> Array to string conversion
in APPPATH\Controllers\EntregaTurno.php on line 18.
 1 APPPATH\Controllers\EntregaTurno.php(18): CodeIgniter\Debug\Exceptions->errorHandler(2, 'Array to string conversion', 'APPPATH\\Controllers\\EntregaTurno.php', 18)
 2 SYSTEMPATH\CodeIgniter.php(896): App\Controllers\EntregaTurno->index()
 3 SYSTEMPATH\CodeIgniter.php(466): CodeIgniter\CodeIgniter->runController(Object(App\Controllers\EntregaTurno))
 4 SYSTEMPATH\CodeIgniter.php(349): CodeIgniter\CodeIgniter->handleRequest(null, Object(Config\Cache), false)
 5 FCPATH\index.php(55): CodeIgniter\CodeIgniter->run()
CRITICAL - 2022-07-22 15:24:47 --> Undefined variable $prueba_datos
in APPPATH\Views\EntregaTurno\tabla_datos.php on line 12.
 1 APPPATH\Views\EntregaTurno\tabla_datos.php(12): CodeIgniter\Debug\Exceptions->errorHandler(2, 'Undefined variable $prueba_datos', 'APPPATH\\Views\\EntregaTurno\\tabla_datos.php', 12)
 2 SYSTEMPATH\View\View.php(213): include('APPPATH\\Views\\EntregaTurno\\tabla_datos.php')
 3 SYSTEMPATH\View\View.php(216): CodeIgniter\View\View->CodeIgniter\View\{closure}()
 4 SYSTEMPATH\Common.php(1135): CodeIgniter\View\View->render('EntregaTurno/tabla_datos', [], true)
 5 APPPATH\Controllers\EntregaTurno.php(31): view('EntregaTurno/tabla_datos', [...])
 6 SYSTEMPATH\CodeIgniter.php(896): App\Controllers\EntregaTurno->obtenerTablaDatos()
 7 SYSTEMPATH\CodeIgniter.php(466): CodeIgniter\CodeIgniter->runController(Object(App\Controllers\EntregaTurno))
 8 SYSTEMPATH\CodeIgniter.php(349): CodeIgniter\CodeIgniter->handleRequest(null, Object(Config\Cache), false)
 9 FCPATH\index.php(55): CodeIgniter\CodeIgniter->run()
CRITICAL - 2022-07-22 15:24:58 --> Undefined variable $prueba_datos
in APPPATH\Views\EntregaTurno\tabla_datos.php on line 12.
 1 APPPATH\Views\EntregaTurno\tabla_datos.php(12): CodeIgniter\Debug\Exceptions->errorHandler(2, 'Undefined variable $prueba_datos', 'APPPATH\\Views\\EntregaTurno\\tabla_datos.php', 12)
 2 SYSTEMPATH\View\View.php(213): include('APPPATH\\Views\\EntregaTurno\\tabla_datos.php')
 3 SYSTEMPATH\View\View.php(216): CodeIgniter\View\View->CodeIgniter\View\{closure}()
 4 SYSTEMPATH\Common.php(1135): CodeIgniter\View\View->render('EntregaTurno/tabla_datos', [], true)
 5 APPPATH\Controllers\EntregaTurno.php(31): view('EntregaTurno/tabla_datos', [...])
 6 SYSTEMPATH\CodeIgniter.php(896): App\Controllers\EntregaTurno->obtenerTablaDatos()
 7 SYSTEMPATH\CodeIgniter.php(466): CodeIgniter\CodeIgniter->runController(Object(App\Controllers\EntregaTurno))
 8 SYSTEMPATH\CodeIgniter.php(349): CodeIgniter\CodeIgniter->handleRequest(null, Object(Config\Cache), false)
 9 FCPATH\index.php(55): CodeIgniter\CodeIgniter->run()
CRITICAL - 2022-07-22 15:25:23 --> Undefined variable $prueba_datos
in APPPATH\Views\EntregaTurno\tabla_datos.php on line 12.
 1 APPPATH\Views\EntregaTurno\tabla_datos.php(12): CodeIgniter\Debug\Exceptions->errorHandler(2, 'Undefined variable $prueba_datos', 'APPPATH\\Views\\EntregaTurno\\tabla_datos.php', 12)
 2 SYSTEMPATH\View\View.php(213): include('APPPATH\\Views\\EntregaTurno\\tabla_datos.php')
 3 SYSTEMPATH\View\View.php(216): CodeIgniter\View\View->CodeIgniter\View\{closure}()
 4 SYSTEMPATH\Common.php(1135): CodeIgniter\View\View->render('EntregaTurno/tabla_datos', [], true)
 5 APPPATH\Controllers\EntregaTurno.php(30): view('EntregaTurno/tabla_datos', [...])
 6 SYSTEMPATH\CodeIgniter.php(896): App\Controllers\EntregaTurno->obtenerTablaDatos()
 7 SYSTEMPATH\CodeIgniter.php(466): CodeIgniter\CodeIgniter->runController(Object(App\Controllers\EntregaTurno))
 8 SYSTEMPATH\CodeIgniter.php(349): CodeIgniter\CodeIgniter->handleRequest(null, Object(Config\Cache), false)
 9 FCPATH\index.php(55): CodeIgniter\CodeIgniter->run()
CRITICAL - 2022-07-22 15:25:54 --> Undefined variable $prueba_datos
in APPPATH\Views\EntregaTurno\tabla_datos.php on line 12.
 1 APPPATH\Views\EntregaTurno\tabla_datos.php(12): CodeIgniter\Debug\Exceptions->errorHandler(2, 'Undefined variable $prueba_datos', 'APPPATH\\Views\\EntregaTurno\\tabla_datos.php', 12)
 2 SYSTEMPATH\View\View.php(213): include('APPPATH\\Views\\EntregaTurno\\tabla_datos.php')
 3 SYSTEMPATH\View\View.php(216): CodeIgniter\View\View->CodeIgniter\View\{closure}()
 4 SYSTEMPATH\Common.php(1135): CodeIgniter\View\View->render('EntregaTurno/tabla_datos', [], true)
 5 APPPATH\Controllers\EntregaTurno.php(29): view('EntregaTurno/tabla_datos', [...])
 6 SYSTEMPATH\CodeIgniter.php(896): App\Controllers\EntregaTurno->obtenerTablaDatos()
 7 SYSTEMPATH\CodeIgniter.php(466): CodeIgniter\CodeIgniter->runController(Object(App\Controllers\EntregaTurno))
 8 SYSTEMPATH\CodeIgniter.php(349): CodeIgniter\CodeIgniter->handleRequest(null, Object(Config\Cache), false)
 9 FCPATH\index.php(55): CodeIgniter\CodeIgniter->run()
