CRITICAL - 2022-10-11 10:39:49 --> json_decode(): Passing null to parameter #1 ($json) of type string is deprecated
in APPPATH\Controllers\MA_bodegas.php on line 25.
 1 [internal function]: CodeIgniter\Debug\Exceptions->errorHandler(8192, 'json_decode(): Passing null to parameter #1 ($json) of type string is deprecated', 'APPPATH\\Controllers\\MA_bodegas.php', 25)
 2 APPPATH\Controllers\MA_bodegas.php(25): json_decode(null, false)
 3 SYSTEMPATH\CodeIgniter.php(896): App\Controllers\MA_bodegas->index()
 4 SYSTEMPATH\CodeIgniter.php(466): CodeIgniter\CodeIgniter->runController(Object(App\Controllers\MA_bodegas))
 5 SYSTEMPATH\CodeIgniter.php(349): CodeIgniter\CodeIgniter->handleRequest(null, Object(Config\Cache), false)
 6 FCPATH\index.php(55): CodeIgniter\CodeIgniter->run()
CRITICAL - 2022-10-11 12:26:55 --> Cannot redeclare App\Controllers\ES_mantenedoresController::obtenerFuncionarios()
in APPPATH\Controllers\ES_mantenedoresController.php on line 212.
 1 [internal function]: CodeIgniter\Debug\Exceptions->shutdownHandler()
CRITICAL - 2022-10-11 12:27:03 --> Cannot redeclare App\Controllers\ES_mantenedoresController::obtenerFuncionarios()
in APPPATH\Controllers\ES_mantenedoresController.php on line 212.
 1 [internal function]: CodeIgniter\Debug\Exceptions->shutdownHandler()
CRITICAL - 2022-10-11 12:27:05 --> Cannot redeclare App\Controllers\ES_mantenedoresController::obtenerFuncionarios()
in APPPATH\Controllers\ES_mantenedoresController.php on line 212.
 1 [internal function]: CodeIgniter\Debug\Exceptions->shutdownHandler()
CRITICAL - 2022-10-11 12:27:43 --> Cannot redeclare App\Controllers\ES_mantenedoresController::obtenerFuncionarios()
in APPPATH\Controllers\ES_mantenedoresController.php on line 212.
 1 [internal function]: CodeIgniter\Debug\Exceptions->shutdownHandler()
CRITICAL - 2022-10-11 12:29:07 --> Cannot redeclare App\Controllers\ES_mantenedoresController::obtenerFuncionarios()
in APPPATH\Controllers\ES_mantenedoresController.php on line 212.
 1 [internal function]: CodeIgniter\Debug\Exceptions->shutdownHandler()
CRITICAL - 2022-10-11 12:29:09 --> Cannot redeclare App\Controllers\ES_mantenedoresController::obtenerFuncionarios()
in APPPATH\Controllers\ES_mantenedoresController.php on line 212.
 1 [internal function]: CodeIgniter\Debug\Exceptions->shutdownHandler()
CRITICAL - 2022-10-11 12:33:10 --> Cannot redeclare App\Controllers\ES_mantenedoresController::obtenerFuncionarios()
in APPPATH\Controllers\ES_mantenedoresController.php on line 212.
 1 [internal function]: CodeIgniter\Debug\Exceptions->shutdownHandler()
CRITICAL - 2022-10-11 12:48:17 --> pg_query(): Query failed: ERROR:  duplicate key value violates unique constraint &quot;ES_bodegas_pkey&quot;
DETAIL:  Key (id)=(1) already exists.
in SYSTEMPATH\Database\Postgre\Connection.php on line 135.
 1 [internal function]: CodeIgniter\Debug\Exceptions->errorHandler(2, 'pg_query(): Query failed: ERROR:  duplicate key value violates unique constraint &quot;ES_bodegas_pkey&quot;
DETAIL:  Key (id)=(1) already exists.', 'SYSTEMPATH\\Database\\Postgre\\Connection.php', 135)
 2 SYSTEMPATH\Database\Postgre\Connection.php(135): pg_query(Object(PgSql\Connection), 'INSERT INTO "ES_bodegas" ("descripcion", "comentario", "encargado_id", "encargado_nombre") VALUES (\'Prueba bodega 2\', \'Esta es la otra pruebaa\', \'1\', \'Anthony Brando Gonzales Alvarez\')')
 3 SYSTEMPATH\Database\BaseConnection.php(695): CodeIgniter\Database\Postgre\Connection->execute('INSERT INTO "ES_bodegas" ("descripcion", "comentario", "encargado_id", "encargado_nombre") VALUES (\'Prueba bodega 2\', \'Esta es la otra pruebaa\', \'1\', \'Anthony Brando Gonzales Alvarez\')')
 4 SYSTEMPATH\Database\BaseConnection.php(609): CodeIgniter\Database\BaseConnection->simpleQuery('INSERT INTO "ES_bodegas" ("descripcion", "comentario", "encargado_id", "encargado_nombre") VALUES (\'Prueba bodega 2\', \'Esta es la otra pruebaa\', \'1\', \'Anthony Brando Gonzales Alvarez\')')
 5 SYSTEMPATH\Database\BaseBuilder.php(1904): CodeIgniter\Database\BaseConnection->query('INSERT INTO "ES_bodegas" ("descripcion", "comentario", "encargado_id", "encargado_nombre") VALUES (:descripcion:, :comentario:, :encargado_id:, :encargado_nombre:)', [...], false)
 6 SYSTEMPATH\Model.php(278): CodeIgniter\Database\BaseBuilder->insert()
 7 SYSTEMPATH\BaseModel.php(738): CodeIgniter\Model->doInsert([...])
 8 SYSTEMPATH\Model.php(666): CodeIgniter\BaseModel->insert([...], true)
 9 APPPATH\Models\ES_bodegasModel.php(43): CodeIgniter\Model->insert([...])
10 APPPATH\Controllers\ES_mantenedoresController.php(247): App\Models\ES_bodegasModel->agregarRegistro([...])
11 SYSTEMPATH\CodeIgniter.php(896): App\Controllers\ES_mantenedoresController->bodegasAgregarRegistroGuardar()
12 SYSTEMPATH\CodeIgniter.php(466): CodeIgniter\CodeIgniter->runController(Object(App\Controllers\ES_mantenedoresController))
13 SYSTEMPATH\CodeIgniter.php(349): CodeIgniter\CodeIgniter->handleRequest(null, Object(Config\Cache), false)
14 FCPATH\index.php(55): CodeIgniter\CodeIgniter->run()
CRITICAL - 2022-10-11 13:18:12 --> pg_query(): Query failed: ERROR:  no existe la columna «activo»
LINE 1: SELECT * FROM &quot;ES_bodegas&quot; WHERE activo = TRUE ORDER BY &quot;id&quot;...
                                         ^
in SYSTEMPATH\Database\Postgre\Connection.php on line 135.
 1 [internal function]: CodeIgniter\Debug\Exceptions->errorHandler(2, 'pg_query(): Query failed: ERROR:  no existe la columna «activo»
LINE 1: SELECT * FROM &quot;ES_bodegas&quot; WHERE activo = TRUE ORDER BY &quot;id&quot;...
                                         ^', 'SYSTEMPATH\\Database\\Postgre\\Connection.php', 135)
 2 SYSTEMPATH\Database\Postgre\Connection.php(135): pg_query(Object(PgSql\Connection), 'SELECT * FROM "ES_bodegas" WHERE activo = TRUE ORDER BY "id" ASC')
 3 SYSTEMPATH\Database\BaseConnection.php(695): CodeIgniter\Database\Postgre\Connection->execute('SELECT * FROM "ES_bodegas" WHERE activo = TRUE ORDER BY "id" ASC')
 4 SYSTEMPATH\Database\BaseConnection.php(609): CodeIgniter\Database\BaseConnection->simpleQuery('SELECT * FROM "ES_bodegas" WHERE activo = TRUE ORDER BY "id" ASC')
 5 APPPATH\Models\ES_bodegasModel.php(26): CodeIgniter\Database\BaseConnection->query('SELECT * FROM "ES_bodegas" WHERE activo = TRUE ORDER BY "id" ASC')
 6 APPPATH\Controllers\ES_mantenedoresController.php(201): App\Models\ES_bodegasModel->obtenerRegistros()
 7 SYSTEMPATH\CodeIgniter.php(896): App\Controllers\ES_mantenedoresController->bodegasObtenerTablaRegistros()
 8 SYSTEMPATH\CodeIgniter.php(466): CodeIgniter\CodeIgniter->runController(Object(App\Controllers\ES_mantenedoresController))
 9 SYSTEMPATH\CodeIgniter.php(349): CodeIgniter\CodeIgniter->handleRequest(null, Object(Config\Cache), false)
10 FCPATH\index.php(55): CodeIgniter\CodeIgniter->run()
CRITICAL - 2022-10-11 13:22:10 --> Call to undefined method App\Controllers\ES_mantenedoresController::obtenerRegistroPorId()
in APPPATH\Controllers\ES_mantenedoresController.php on line 249.
 1 SYSTEMPATH\CodeIgniter.php(896): App\Controllers\ES_mantenedoresController->bodegasAgregarRegistroGuardar()
 2 SYSTEMPATH\CodeIgniter.php(466): CodeIgniter\CodeIgniter->runController(Object(App\Controllers\ES_mantenedoresController))
 3 SYSTEMPATH\CodeIgniter.php(349): CodeIgniter\CodeIgniter->handleRequest(null, Object(Config\Cache), false)
 4 FCPATH\index.php(55): CodeIgniter\CodeIgniter->run()
CRITICAL - 2022-10-11 13:25:41 --> Class "App\Models\MA_areasModel" not found
in APPPATH\Controllers\MA_areas.php on line 13.
 1 SYSTEMPATH\CodeIgniter.php(858): App\Controllers\MA_areas->__construct()
 2 SYSTEMPATH\CodeIgniter.php(457): CodeIgniter\CodeIgniter->createController()
 3 SYSTEMPATH\CodeIgniter.php(349): CodeIgniter\CodeIgniter->handleRequest(null, Object(Config\Cache), false)
 4 FCPATH\index.php(55): CodeIgniter\CodeIgniter->run()
CRITICAL - 2022-10-11 13:31:02 --> Class "App\Models\MA_areasModel" not found
in APPPATH\Controllers\MA_areas.php on line 13.
 1 SYSTEMPATH\CodeIgniter.php(858): App\Controllers\MA_areas->__construct()
 2 SYSTEMPATH\CodeIgniter.php(457): CodeIgniter\CodeIgniter->createController()
 3 SYSTEMPATH\CodeIgniter.php(349): CodeIgniter\CodeIgniter->handleRequest(null, Object(Config\Cache), false)
 4 FCPATH\index.php(55): CodeIgniter\CodeIgniter->run()
CRITICAL - 2022-10-11 13:31:19 --> Class "App\Models\MA_areasModel" not found
in APPPATH\Controllers\MA_areas.php on line 13.
 1 SYSTEMPATH\CodeIgniter.php(858): App\Controllers\MA_areas->__construct()
 2 SYSTEMPATH\CodeIgniter.php(457): CodeIgniter\CodeIgniter->createController()
 3 SYSTEMPATH\CodeIgniter.php(349): CodeIgniter\CodeIgniter->handleRequest(null, Object(Config\Cache), false)
 4 FCPATH\index.php(55): CodeIgniter\CodeIgniter->run()
CRITICAL - 2022-10-11 13:32:06 --> pg_query(): Query failed: ERROR:  no existe la columna «activo»
LINE 1: SELECT * FROM &quot;ES_areas_esterilizacion&quot; WHERE activo = TRUE ...
                                                      ^
in SYSTEMPATH\Database\Postgre\Connection.php on line 135.
 1 [internal function]: CodeIgniter\Debug\Exceptions->errorHandler(2, 'pg_query(): Query failed: ERROR:  no existe la columna «activo»
LINE 1: SELECT * FROM &quot;ES_areas_esterilizacion&quot; WHERE activo = TRUE ...
                                                      ^', 'SYSTEMPATH\\Database\\Postgre\\Connection.php', 135)
 2 SYSTEMPATH\Database\Postgre\Connection.php(135): pg_query(Object(PgSql\Connection), 'SELECT * FROM "ES_areas_esterilizacion" WHERE activo = TRUE ORDER BY "id" ASC')
 3 SYSTEMPATH\Database\BaseConnection.php(695): CodeIgniter\Database\Postgre\Connection->execute('SELECT * FROM "ES_areas_esterilizacion" WHERE activo = TRUE ORDER BY "id" ASC')
 4 SYSTEMPATH\Database\BaseConnection.php(609): CodeIgniter\Database\BaseConnection->simpleQuery('SELECT * FROM "ES_areas_esterilizacion" WHERE activo = TRUE ORDER BY "id" ASC')
 5 APPPATH\Models\ES_areasModel.php(26): CodeIgniter\Database\BaseConnection->query('SELECT * FROM "ES_areas_esterilizacion" WHERE activo = TRUE ORDER BY "id" ASC')
 6 APPPATH\Controllers\ES_mantenedoresController.php(36): App\Models\ES_areasModel->obtenerRegistros()
 7 SYSTEMPATH\CodeIgniter.php(896): App\Controllers\ES_mantenedoresController->areasObtenerTablaRegistros()
 8 SYSTEMPATH\CodeIgniter.php(466): CodeIgniter\CodeIgniter->runController(Object(App\Controllers\ES_mantenedoresController))
 9 SYSTEMPATH\CodeIgniter.php(349): CodeIgniter\CodeIgniter->handleRequest(null, Object(Config\Cache), false)
10 FCPATH\index.php(55): CodeIgniter\CodeIgniter->run()
CRITICAL - 2022-10-11 13:32:56 --> Call to undefined method App\Controllers\ES_mantenedoresController::BodegaObtenerRegistroPorId()
in APPPATH\Controllers\ES_mantenedoresController.php on line 249.
 1 SYSTEMPATH\CodeIgniter.php(896): App\Controllers\ES_mantenedoresController->bodegasAgregarRegistroGuardar()
 2 SYSTEMPATH\CodeIgniter.php(466): CodeIgniter\CodeIgniter->runController(Object(App\Controllers\ES_mantenedoresController))
 3 SYSTEMPATH\CodeIgniter.php(349): CodeIgniter\CodeIgniter->handleRequest(null, Object(Config\Cache), false)
 4 FCPATH\index.php(55): CodeIgniter\CodeIgniter->run()
CRITICAL - 2022-10-11 14:08:48 --> Undefined array key "id"
in APPPATH\Views\Mantenedor\bodegas_formulario.php on line 62.
 1 APPPATH\Views\Mantenedor\bodegas_formulario.php(62): CodeIgniter\Debug\Exceptions->errorHandler(2, 'Undefined array key "id"', 'APPPATH\\Views\\Mantenedor\\bodegas_formulario.php', 62)
 2 SYSTEMPATH\View\View.php(213): include('APPPATH\\Views\\Mantenedor\\bodegas_formulario.php')
 3 SYSTEMPATH\View\View.php(216): CodeIgniter\View\View->CodeIgniter\View\{closure}()
 4 SYSTEMPATH\Common.php(1135): CodeIgniter\View\View->render('Mantenedor/bodegas_formulario', [], true)
 5 APPPATH\Controllers\ES_mantenedoresController.php(233): view('Mantenedor/bodegas_formulario', [...])
 6 SYSTEMPATH\CodeIgniter.php(896): App\Controllers\ES_mantenedoresController->bodegasAgregarRegistro()
 7 SYSTEMPATH\CodeIgniter.php(466): CodeIgniter\CodeIgniter->runController(Object(App\Controllers\ES_mantenedoresController))
 8 SYSTEMPATH\CodeIgniter.php(349): CodeIgniter\CodeIgniter->handleRequest(null, Object(Config\Cache), false)
 9 FCPATH\index.php(55): CodeIgniter\CodeIgniter->run()
CRITICAL - 2022-10-11 14:48:18 --> syntax error, unexpected single-quoted string "true", expecting variable or "{" or "$"
in APPPATH\Controllers\ES_mantenedoresController.php on line 246.
 1 SYSTEMPATH\Autoloader\Autoloader.php(261): CodeIgniter\Autoloader\Autoloader->includeFile('APPPATH\\Controllers\\ES_mantenedoresController.php')
 2 SYSTEMPATH\Autoloader\Autoloader.php(239): CodeIgniter\Autoloader\Autoloader->loadInNamespace('App\\Controllers\\ES_mantenedoresController')
 3 [internal function]: CodeIgniter\Autoloader\Autoloader->loadClass('App\\Controllers\\ES_mantenedoresController')
 4 SYSTEMPATH\CodeIgniter.php(846): class_exists('\\App\\Controllers\\ES_mantenedoresController', true)
 5 SYSTEMPATH\CodeIgniter.php(453): CodeIgniter\CodeIgniter->startController()
 6 SYSTEMPATH\CodeIgniter.php(349): CodeIgniter\CodeIgniter->handleRequest(null, Object(Config\Cache), false)
 7 FCPATH\index.php(55): CodeIgniter\CodeIgniter->run()
CRITICAL - 2022-10-11 14:57:37 --> Undefined constant "App\Controllers\t"
in APPPATH\Controllers\ES_mantenedoresController.php on line 246.
 1 SYSTEMPATH\CodeIgniter.php(896): App\Controllers\ES_mantenedoresController->bodegasAgregarRegistroGuardar()
 2 SYSTEMPATH\CodeIgniter.php(466): CodeIgniter\CodeIgniter->runController(Object(App\Controllers\ES_mantenedoresController))
 3 SYSTEMPATH\CodeIgniter.php(349): CodeIgniter\CodeIgniter->handleRequest(null, Object(Config\Cache), false)
 4 FCPATH\index.php(55): CodeIgniter\CodeIgniter->run()
CRITICAL - 2022-10-11 15:29:26 --> Undefined constant "App\Controllers\t"
in APPPATH\Controllers\ES_mantenedoresController.php on line 246.
 1 SYSTEMPATH\CodeIgniter.php(896): App\Controllers\ES_mantenedoresController->bodegasAgregarRegistroGuardar()
 2 SYSTEMPATH\CodeIgniter.php(466): CodeIgniter\CodeIgniter->runController(Object(App\Controllers\ES_mantenedoresController))
 3 SYSTEMPATH\CodeIgniter.php(349): CodeIgniter\CodeIgniter->handleRequest(null, Object(Config\Cache), false)
 4 FCPATH\index.php(55): CodeIgniter\CodeIgniter->run()
CRITICAL - 2022-10-11 15:30:23 --> syntax error, unexpected token "=>"
in APPPATH\Controllers\ES_mantenedoresController.php on line 241.
 1 SYSTEMPATH\Autoloader\Autoloader.php(261): CodeIgniter\Autoloader\Autoloader->includeFile('APPPATH\\Controllers\\ES_mantenedoresController.php')
 2 SYSTEMPATH\Autoloader\Autoloader.php(239): CodeIgniter\Autoloader\Autoloader->loadInNamespace('App\\Controllers\\ES_mantenedoresController')
 3 [internal function]: CodeIgniter\Autoloader\Autoloader->loadClass('App\\Controllers\\ES_mantenedoresController')
 4 SYSTEMPATH\CodeIgniter.php(846): class_exists('\\App\\Controllers\\ES_mantenedoresController', true)
 5 SYSTEMPATH\CodeIgniter.php(453): CodeIgniter\CodeIgniter->startController()
 6 SYSTEMPATH\CodeIgniter.php(349): CodeIgniter\CodeIgniter->handleRequest(null, Object(Config\Cache), false)
 7 FCPATH\index.php(55): CodeIgniter\CodeIgniter->run()
CRITICAL - 2022-10-11 15:33:38 --> Undefined variable $boolval
in APPPATH\Controllers\ES_mantenedoresController.php on line 247.
 1 APPPATH\Controllers\ES_mantenedoresController.php(247): CodeIgniter\Debug\Exceptions->errorHandler(2, 'Undefined variable $boolval', 'APPPATH\\Controllers\\ES_mantenedoresController.php', 247)
 2 SYSTEMPATH\CodeIgniter.php(896): App\Controllers\ES_mantenedoresController->bodegasAgregarRegistroGuardar()
 3 SYSTEMPATH\CodeIgniter.php(466): CodeIgniter\CodeIgniter->runController(Object(App\Controllers\ES_mantenedoresController))
 4 SYSTEMPATH\CodeIgniter.php(349): CodeIgniter\CodeIgniter->handleRequest(null, Object(Config\Cache), false)
 5 FCPATH\index.php(55): CodeIgniter\CodeIgniter->run()
CRITICAL - 2022-10-11 15:41:37 --> Undefined constant "App\Controllers\t"
in APPPATH\Controllers\ES_mantenedoresController.php on line 241.
 1 SYSTEMPATH\CodeIgniter.php(896): App\Controllers\ES_mantenedoresController->bodegasAgregarRegistroGuardar()
 2 SYSTEMPATH\CodeIgniter.php(466): CodeIgniter\CodeIgniter->runController(Object(App\Controllers\ES_mantenedoresController))
 3 SYSTEMPATH\CodeIgniter.php(349): CodeIgniter\CodeIgniter->handleRequest(null, Object(Config\Cache), false)
 4 FCPATH\index.php(55): CodeIgniter\CodeIgniter->run()
CRITICAL - 2022-10-11 15:59:02 --> Method name must be a string
in APPPATH\Controllers\ES_mantenedoresController.php on line 241.
 1 SYSTEMPATH\CodeIgniter.php(896): App\Controllers\ES_mantenedoresController->bodegasAgregarRegistroGuardar()
 2 SYSTEMPATH\CodeIgniter.php(466): CodeIgniter\CodeIgniter->runController(Object(App\Controllers\ES_mantenedoresController))
 3 SYSTEMPATH\CodeIgniter.php(349): CodeIgniter\CodeIgniter->handleRequest(null, Object(Config\Cache), false)
 4 FCPATH\index.php(55): CodeIgniter\CodeIgniter->run()
CRITICAL - 2022-10-11 16:07:52 --> Undefined constant "App\Controllers\t"
in APPPATH\Controllers\ES_mantenedoresController.php on line 241.
 1 SYSTEMPATH\CodeIgniter.php(896): App\Controllers\ES_mantenedoresController->bodegasAgregarRegistroGuardar()
 2 SYSTEMPATH\CodeIgniter.php(466): CodeIgniter\CodeIgniter->runController(Object(App\Controllers\ES_mantenedoresController))
 3 SYSTEMPATH\CodeIgniter.php(349): CodeIgniter\CodeIgniter->handleRequest(null, Object(Config\Cache), false)
 4 FCPATH\index.php(55): CodeIgniter\CodeIgniter->run()
CRITICAL - 2022-10-11 16:22:05 --> Undefined variable $bool_value
in APPPATH\Controllers\ES_mantenedoresController.php on line 241.
 1 APPPATH\Controllers\ES_mantenedoresController.php(241): CodeIgniter\Debug\Exceptions->errorHandler(2, 'Undefined variable $bool_value', 'APPPATH\\Controllers\\ES_mantenedoresController.php', 241)
 2 SYSTEMPATH\CodeIgniter.php(896): App\Controllers\ES_mantenedoresController->bodegasAgregarRegistroGuardar()
 3 SYSTEMPATH\CodeIgniter.php(466): CodeIgniter\CodeIgniter->runController(Object(App\Controllers\ES_mantenedoresController))
 4 SYSTEMPATH\CodeIgniter.php(349): CodeIgniter\CodeIgniter->handleRequest(null, Object(Config\Cache), false)
 5 FCPATH\index.php(55): CodeIgniter\CodeIgniter->run()
CRITICAL - 2022-10-11 16:25:06 --> Undefined constant "App\Controllers\t"
in APPPATH\Controllers\ES_mantenedoresController.php on line 241.
 1 SYSTEMPATH\CodeIgniter.php(896): App\Controllers\ES_mantenedoresController->bodegasAgregarRegistroGuardar()
 2 SYSTEMPATH\CodeIgniter.php(466): CodeIgniter\CodeIgniter->runController(Object(App\Controllers\ES_mantenedoresController))
 3 SYSTEMPATH\CodeIgniter.php(349): CodeIgniter\CodeIgniter->handleRequest(null, Object(Config\Cache), false)
 4 FCPATH\index.php(55): CodeIgniter\CodeIgniter->run()
CRITICAL - 2022-10-11 17:17:25 --> Undefined array key "bol_activo"
in APPPATH\Views\Mantenedor\bodegas_tabla_datos.php on line 26.
 1 APPPATH\Views\Mantenedor\bodegas_tabla_datos.php(26): CodeIgniter\Debug\Exceptions->errorHandler(2, 'Undefined array key "bol_activo"', 'APPPATH\\Views\\Mantenedor\\bodegas_tabla_datos.php', 26)
 2 SYSTEMPATH\View\View.php(213): include('APPPATH\\Views\\Mantenedor\\bodegas_tabla_datos.php')
 3 SYSTEMPATH\View\View.php(216): CodeIgniter\View\View->CodeIgniter\View\{closure}()
 4 SYSTEMPATH\Common.php(1135): CodeIgniter\View\View->render('Mantenedor/bodegas_tabla_datos', [], true)
 5 APPPATH\Controllers\ES_mantenedoresController.php(203): view('Mantenedor/bodegas_tabla_datos', [...])
 6 SYSTEMPATH\CodeIgniter.php(896): App\Controllers\ES_mantenedoresController->bodegasObtenerTablaRegistros()
 7 SYSTEMPATH\CodeIgniter.php(466): CodeIgniter\CodeIgniter->runController(Object(App\Controllers\ES_mantenedoresController))
 8 SYSTEMPATH\CodeIgniter.php(349): CodeIgniter\CodeIgniter->handleRequest(null, Object(Config\Cache), false)
 9 FCPATH\index.php(55): CodeIgniter\CodeIgniter->run()
CRITICAL - 2022-10-11 17:20:28 --> Undefined array key "bol_activo"
in APPPATH\Views\Mantenedor\bodegas_tabla_datos.php on line 27.
 1 APPPATH\Views\Mantenedor\bodegas_tabla_datos.php(27): CodeIgniter\Debug\Exceptions->errorHandler(2, 'Undefined array key "bol_activo"', 'APPPATH\\Views\\Mantenedor\\bodegas_tabla_datos.php', 27)
 2 SYSTEMPATH\View\View.php(213): include('APPPATH\\Views\\Mantenedor\\bodegas_tabla_datos.php')
 3 SYSTEMPATH\View\View.php(216): CodeIgniter\View\View->CodeIgniter\View\{closure}()
 4 SYSTEMPATH\Common.php(1135): CodeIgniter\View\View->render('Mantenedor/bodegas_tabla_datos', [], true)
 5 APPPATH\Controllers\ES_mantenedoresController.php(203): view('Mantenedor/bodegas_tabla_datos', [...])
 6 SYSTEMPATH\CodeIgniter.php(896): App\Controllers\ES_mantenedoresController->bodegasObtenerTablaRegistros()
 7 SYSTEMPATH\CodeIgniter.php(466): CodeIgniter\CodeIgniter->runController(Object(App\Controllers\ES_mantenedoresController))
 8 SYSTEMPATH\CodeIgniter.php(349): CodeIgniter\CodeIgniter->handleRequest(null, Object(Config\Cache), false)
 9 FCPATH\index.php(55): CodeIgniter\CodeIgniter->run()
CRITICAL - 2022-10-11 17:20:36 --> Undefined array key "bol_activo"
in APPPATH\Views\Mantenedor\bodegas_tabla_datos.php on line 27.
 1 APPPATH\Views\Mantenedor\bodegas_tabla_datos.php(27): CodeIgniter\Debug\Exceptions->errorHandler(2, 'Undefined array key "bol_activo"', 'APPPATH\\Views\\Mantenedor\\bodegas_tabla_datos.php', 27)
 2 SYSTEMPATH\View\View.php(213): include('APPPATH\\Views\\Mantenedor\\bodegas_tabla_datos.php')
 3 SYSTEMPATH\View\View.php(216): CodeIgniter\View\View->CodeIgniter\View\{closure}()
 4 SYSTEMPATH\Common.php(1135): CodeIgniter\View\View->render('Mantenedor/bodegas_tabla_datos', [], true)
 5 APPPATH\Controllers\ES_mantenedoresController.php(203): view('Mantenedor/bodegas_tabla_datos', [...])
 6 SYSTEMPATH\CodeIgniter.php(896): App\Controllers\ES_mantenedoresController->bodegasObtenerTablaRegistros()
 7 SYSTEMPATH\CodeIgniter.php(466): CodeIgniter\CodeIgniter->runController(Object(App\Controllers\ES_mantenedoresController))
 8 SYSTEMPATH\CodeIgniter.php(349): CodeIgniter\CodeIgniter->handleRequest(null, Object(Config\Cache), false)
 9 FCPATH\index.php(55): CodeIgniter\CodeIgniter->run()
CRITICAL - 2022-10-11 18:17:15 --> Undefined array key "activo"
in APPPATH\Views\Mantenedor\bodegas_formulario.php on line 64.
 1 APPPATH\Views\Mantenedor\bodegas_formulario.php(64): CodeIgniter\Debug\Exceptions->errorHandler(2, 'Undefined array key "activo"', 'APPPATH\\Views\\Mantenedor\\bodegas_formulario.php', 64)
 2 SYSTEMPATH\View\View.php(213): include('APPPATH\\Views\\Mantenedor\\bodegas_formulario.php')
 3 SYSTEMPATH\View\View.php(216): CodeIgniter\View\View->CodeIgniter\View\{closure}()
 4 SYSTEMPATH\Common.php(1135): CodeIgniter\View\View->render('Mantenedor/bodegas_formulario', [], true)
 5 APPPATH\Controllers\ES_mantenedoresController.php(289): view('Mantenedor/bodegas_formulario', [...])
 6 SYSTEMPATH\CodeIgniter.php(896): App\Controllers\ES_mantenedoresController->bodegasEditarRegistro('6')
 7 SYSTEMPATH\CodeIgniter.php(466): CodeIgniter\CodeIgniter->runController(Object(App\Controllers\ES_mantenedoresController))
 8 SYSTEMPATH\CodeIgniter.php(349): CodeIgniter\CodeIgniter->handleRequest(null, Object(Config\Cache), false)
 9 FCPATH\index.php(55): CodeIgniter\CodeIgniter->run()
