CRITICAL - 2022-10-13 08:52:46 --> Undefined variable $resultado
in APPPATH\Views\Mantenedor\servicio.php on line 64.
 1 APPPATH\Views\Mantenedor\servicio.php(64): CodeIgniter\Debug\Exceptions->errorHandler(2, 'Undefined variable $resultado', 'APPPATH\\Views\\Mantenedor\\servicio.php', 64)
 2 SYSTEMPATH\View\View.php(213): include('APPPATH\\Views\\Mantenedor\\servicio.php')
 3 SYSTEMPATH\View\View.php(216): CodeIgniter\View\View->CodeIgniter\View\{closure}()
 4 SYSTEMPATH\Common.php(1135): CodeIgniter\View\View->render('Mantenedor/servicio', [], true)
 5 APPPATH\Controllers\ES_mantenedoresController.php(706): view('Mantenedor/servicio', [...])
 6 SYSTEMPATH\CodeIgniter.php(896): App\Controllers\ES_mantenedoresController->servicios()
 7 SYSTEMPATH\CodeIgniter.php(466): CodeIgniter\CodeIgniter->runController(Object(App\Controllers\ES_mantenedoresController))
 8 SYSTEMPATH\CodeIgniter.php(349): CodeIgniter\CodeIgniter->handleRequest(null, Object(Config\Cache), false)
 9 FCPATH\index.php(55): CodeIgniter\CodeIgniter->run()
CRITICAL - 2022-10-13 15:47:49 --> syntax error, unexpected token "="
in APPPATH\Models\ES_serviciosModel.php on line 39.
 1 SYSTEMPATH\Autoloader\Autoloader.php(261): CodeIgniter\Autoloader\Autoloader->includeFile('APPPATH\\Models\\ES_serviciosModel.php')
 2 SYSTEMPATH\Autoloader\Autoloader.php(239): CodeIgniter\Autoloader\Autoloader->loadInNamespace('App\\Models\\ES_serviciosModel')
 3 APPPATH\Controllers\ES_mantenedoresController.php(25): CodeIgniter\Autoloader\Autoloader->loadClass('App\\Models\\ES_serviciosModel')
 4 SYSTEMPATH\CodeIgniter.php(858): App\Controllers\ES_mantenedoresController->__construct()
 5 SYSTEMPATH\CodeIgniter.php(457): CodeIgniter\CodeIgniter->createController()
 6 SYSTEMPATH\CodeIgniter.php(349): CodeIgniter\CodeIgniter->handleRequest(null, Object(Config\Cache), false)
 7 FCPATH\index.php(55): CodeIgniter\CodeIgniter->run()
CRITICAL - 2022-10-13 15:48:22 --> syntax error, unexpected token "="
in APPPATH\Models\ES_serviciosModel.php on line 39.
 1 SYSTEMPATH\Autoloader\Autoloader.php(261): CodeIgniter\Autoloader\Autoloader->includeFile('APPPATH\\Models\\ES_serviciosModel.php')
 2 SYSTEMPATH\Autoloader\Autoloader.php(239): CodeIgniter\Autoloader\Autoloader->loadInNamespace('App\\Models\\ES_serviciosModel')
 3 APPPATH\Controllers\ES_mantenedoresController.php(25): CodeIgniter\Autoloader\Autoloader->loadClass('App\\Models\\ES_serviciosModel')
 4 SYSTEMPATH\CodeIgniter.php(858): App\Controllers\ES_mantenedoresController->__construct()
 5 SYSTEMPATH\CodeIgniter.php(457): CodeIgniter\CodeIgniter->createController()
 6 SYSTEMPATH\CodeIgniter.php(349): CodeIgniter\CodeIgniter->handleRequest(null, Object(Config\Cache), false)
 7 FCPATH\index.php(55): CodeIgniter\CodeIgniter->run()
CRITICAL - 2022-10-13 15:50:12 --> syntax error, unexpected token "="
in APPPATH\Models\ES_serviciosModel.php on line 39.
 1 SYSTEMPATH\Autoloader\Autoloader.php(261): CodeIgniter\Autoloader\Autoloader->includeFile('APPPATH\\Models\\ES_serviciosModel.php')
 2 SYSTEMPATH\Autoloader\Autoloader.php(239): CodeIgniter\Autoloader\Autoloader->loadInNamespace('App\\Models\\ES_serviciosModel')
 3 APPPATH\Controllers\ES_mantenedoresController.php(25): CodeIgniter\Autoloader\Autoloader->loadClass('App\\Models\\ES_serviciosModel')
 4 SYSTEMPATH\CodeIgniter.php(858): App\Controllers\ES_mantenedoresController->__construct()
 5 SYSTEMPATH\CodeIgniter.php(457): CodeIgniter\CodeIgniter->createController()
 6 SYSTEMPATH\CodeIgniter.php(349): CodeIgniter\CodeIgniter->handleRequest(null, Object(Config\Cache), false)
 7 FCPATH\index.php(55): CodeIgniter\CodeIgniter->run()
CRITICAL - 2022-10-13 15:53:33 --> pg_query(): Query failed: ERROR:  relation &quot;ES_servicios&quot; does not exist
LINE 1: SELECT * FROM &quot;ES_servicios&quot; ORDER BY &quot;id&quot; ASC
                      ^
in SYSTEMPATH\Database\Postgre\Connection.php on line 135.
 1 [internal function]: CodeIgniter\Debug\Exceptions->errorHandler(2, 'pg_query(): Query failed: ERROR:  relation &quot;ES_servicios&quot; does not exist
LINE 1: SELECT * FROM &quot;ES_servicios&quot; ORDER BY &quot;id&quot; ASC
                      ^', 'SYSTEMPATH\\Database\\Postgre\\Connection.php', 135)
 2 SYSTEMPATH\Database\Postgre\Connection.php(135): pg_query(Object(PgSql\Connection), 'SELECT * FROM "ES_servicios" ORDER BY "id" ASC')
 3 SYSTEMPATH\Database\BaseConnection.php(695): CodeIgniter\Database\Postgre\Connection->execute('SELECT * FROM "ES_servicios" ORDER BY "id" ASC')
 4 SYSTEMPATH\Database\BaseConnection.php(609): CodeIgniter\Database\BaseConnection->simpleQuery('SELECT * FROM "ES_servicios" ORDER BY "id" ASC')
 5 APPPATH\Models\ES_serviciosModel.php(38): CodeIgniter\Database\BaseConnection->query('SELECT * FROM "ES_servicios" ORDER BY "id" ASC')
 6 APPPATH\Controllers\ES_mantenedoresController.php(708): App\Models\ES_serviciosModel->obtenerRegistros()
 7 SYSTEMPATH\CodeIgniter.php(896): App\Controllers\ES_mantenedoresController->serviciosObtenerTablaRegistros()
 8 SYSTEMPATH\CodeIgniter.php(466): CodeIgniter\CodeIgniter->runController(Object(App\Controllers\ES_mantenedoresController))
 9 SYSTEMPATH\CodeIgniter.php(349): CodeIgniter\CodeIgniter->handleRequest(null, Object(Config\Cache), false)
10 FCPATH\index.php(55): CodeIgniter\CodeIgniter->run()
CRITICAL - 2022-10-13 15:55:45 --> Call to undefined method App\Models\ES_serviciosModel::obtenerRegistros
in SYSTEMPATH\Model.php on line 773.
 1 APPPATH\Controllers\ES_mantenedoresController.php(708): CodeIgniter\Model->__call('obtenerRegistros', [])
 2 SYSTEMPATH\CodeIgniter.php(896): App\Controllers\ES_mantenedoresController->serviciosObtenerTablaRegistros()
 3 SYSTEMPATH\CodeIgniter.php(466): CodeIgniter\CodeIgniter->runController(Object(App\Controllers\ES_mantenedoresController))
 4 SYSTEMPATH\CodeIgniter.php(349): CodeIgniter\CodeIgniter->handleRequest(null, Object(Config\Cache), false)
 5 FCPATH\index.php(55): CodeIgniter\CodeIgniter->run()
CRITICAL - 2022-10-13 15:57:19 --> Call to undefined method App\Models\ES_serviciosModel::obtenerRegistros
in SYSTEMPATH\Model.php on line 773.
 1 APPPATH\Controllers\ES_mantenedoresController.php(708): CodeIgniter\Model->__call('obtenerRegistros', [])
 2 SYSTEMPATH\CodeIgniter.php(896): App\Controllers\ES_mantenedoresController->serviciosObtenerTablaRegistros()
 3 SYSTEMPATH\CodeIgniter.php(466): CodeIgniter\CodeIgniter->runController(Object(App\Controllers\ES_mantenedoresController))
 4 SYSTEMPATH\CodeIgniter.php(349): CodeIgniter\CodeIgniter->handleRequest(null, Object(Config\Cache), false)
 5 FCPATH\index.php(55): CodeIgniter\CodeIgniter->run()
CRITICAL - 2022-10-13 16:01:19 --> Undefined variable $dato
in APPPATH\Views\Mantenedor\servicios_tabla_datos.php on line 24.
 1 APPPATH\Views\Mantenedor\servicios_tabla_datos.php(24): CodeIgniter\Debug\Exceptions->errorHandler(2, 'Undefined variable $dato', 'APPPATH\\Views\\Mantenedor\\servicios_tabla_datos.php', 24)
 2 SYSTEMPATH\View\View.php(213): include('APPPATH\\Views\\Mantenedor\\servicios_tabla_datos.php')
 3 SYSTEMPATH\View\View.php(216): CodeIgniter\View\View->CodeIgniter\View\{closure}()
 4 SYSTEMPATH\Common.php(1135): CodeIgniter\View\View->render('Mantenedor/servicios_tabla_datos', [], true)
 5 APPPATH\Controllers\ES_mantenedoresController.php(710): view('Mantenedor/servicios_tabla_datos', [...])
 6 SYSTEMPATH\CodeIgniter.php(896): App\Controllers\ES_mantenedoresController->serviciosObtenerTablaRegistros()
 7 SYSTEMPATH\CodeIgniter.php(466): CodeIgniter\CodeIgniter->runController(Object(App\Controllers\ES_mantenedoresController))
 8 SYSTEMPATH\CodeIgniter.php(349): CodeIgniter\CodeIgniter->handleRequest(null, Object(Config\Cache), false)
 9 FCPATH\index.php(55): CodeIgniter\CodeIgniter->run()
CRITICAL - 2022-10-13 16:01:28 --> Undefined variable $dato
in APPPATH\Views\Mantenedor\servicios_tabla_datos.php on line 24.
 1 APPPATH\Views\Mantenedor\servicios_tabla_datos.php(24): CodeIgniter\Debug\Exceptions->errorHandler(2, 'Undefined variable $dato', 'APPPATH\\Views\\Mantenedor\\servicios_tabla_datos.php', 24)
 2 SYSTEMPATH\View\View.php(213): include('APPPATH\\Views\\Mantenedor\\servicios_tabla_datos.php')
 3 SYSTEMPATH\View\View.php(216): CodeIgniter\View\View->CodeIgniter\View\{closure}()
 4 SYSTEMPATH\Common.php(1135): CodeIgniter\View\View->render('Mantenedor/servicios_tabla_datos', [], true)
 5 APPPATH\Controllers\ES_mantenedoresController.php(710): view('Mantenedor/servicios_tabla_datos', [...])
 6 SYSTEMPATH\CodeIgniter.php(896): App\Controllers\ES_mantenedoresController->serviciosObtenerTablaRegistros()
 7 SYSTEMPATH\CodeIgniter.php(466): CodeIgniter\CodeIgniter->runController(Object(App\Controllers\ES_mantenedoresController))
 8 SYSTEMPATH\CodeIgniter.php(349): CodeIgniter\CodeIgniter->handleRequest(null, Object(Config\Cache), false)
 9 FCPATH\index.php(55): CodeIgniter\CodeIgniter->run()
CRITICAL - 2022-10-13 16:09:38 --> Undefined variable $dato
in APPPATH\Views\Mantenedor\servicios_tabla_datos.php on line 24.
 1 APPPATH\Views\Mantenedor\servicios_tabla_datos.php(24): CodeIgniter\Debug\Exceptions->errorHandler(2, 'Undefined variable $dato', 'APPPATH\\Views\\Mantenedor\\servicios_tabla_datos.php', 24)
 2 SYSTEMPATH\View\View.php(213): include('APPPATH\\Views\\Mantenedor\\servicios_tabla_datos.php')
 3 SYSTEMPATH\View\View.php(216): CodeIgniter\View\View->CodeIgniter\View\{closure}()
 4 SYSTEMPATH\Common.php(1135): CodeIgniter\View\View->render('Mantenedor/servicios_tabla_datos', [], true)
 5 APPPATH\Controllers\ES_mantenedoresController.php(710): view('Mantenedor/servicios_tabla_datos', [...])
 6 SYSTEMPATH\CodeIgniter.php(896): App\Controllers\ES_mantenedoresController->serviciosObtenerTablaRegistros()
 7 SYSTEMPATH\CodeIgniter.php(466): CodeIgniter\CodeIgniter->runController(Object(App\Controllers\ES_mantenedoresController))
 8 SYSTEMPATH\CodeIgniter.php(349): CodeIgniter\CodeIgniter->handleRequest(null, Object(Config\Cache), false)
 9 FCPATH\index.php(55): CodeIgniter\CodeIgniter->run()
CRITICAL - 2022-10-13 16:16:01 --> Undefined variable $datos
in APPPATH\Views\Mantenedor\servicios_tabla_datos.php on line 17.
 1 APPPATH\Views\Mantenedor\servicios_tabla_datos.php(17): CodeIgniter\Debug\Exceptions->errorHandler(2, 'Undefined variable $datos', 'APPPATH\\Views\\Mantenedor\\servicios_tabla_datos.php', 17)
 2 SYSTEMPATH\View\View.php(213): include('APPPATH\\Views\\Mantenedor\\servicios_tabla_datos.php')
 3 SYSTEMPATH\View\View.php(216): CodeIgniter\View\View->CodeIgniter\View\{closure}()
 4 SYSTEMPATH\Common.php(1135): CodeIgniter\View\View->render('Mantenedor/servicios_tabla_datos', [], true)
 5 APPPATH\Controllers\ES_mantenedoresController.php(710): view('Mantenedor/servicios_tabla_datos', [...])
 6 SYSTEMPATH\CodeIgniter.php(896): App\Controllers\ES_mantenedoresController->serviciosObtenerTablaRegistros()
 7 SYSTEMPATH\CodeIgniter.php(466): CodeIgniter\CodeIgniter->runController(Object(App\Controllers\ES_mantenedoresController))
 8 SYSTEMPATH\CodeIgniter.php(349): CodeIgniter\CodeIgniter->handleRequest(null, Object(Config\Cache), false)
 9 FCPATH\index.php(55): CodeIgniter\CodeIgniter->run()
CRITICAL - 2022-10-13 16:16:11 --> Undefined variable $datos
in APPPATH\Views\Mantenedor\servicios_tabla_datos.php on line 17.
 1 APPPATH\Views\Mantenedor\servicios_tabla_datos.php(17): CodeIgniter\Debug\Exceptions->errorHandler(2, 'Undefined variable $datos', 'APPPATH\\Views\\Mantenedor\\servicios_tabla_datos.php', 17)
 2 SYSTEMPATH\View\View.php(213): include('APPPATH\\Views\\Mantenedor\\servicios_tabla_datos.php')
 3 SYSTEMPATH\View\View.php(216): CodeIgniter\View\View->CodeIgniter\View\{closure}()
 4 SYSTEMPATH\Common.php(1135): CodeIgniter\View\View->render('Mantenedor/servicios_tabla_datos', [], true)
 5 APPPATH\Controllers\ES_mantenedoresController.php(710): view('Mantenedor/servicios_tabla_datos', [...])
 6 SYSTEMPATH\CodeIgniter.php(896): App\Controllers\ES_mantenedoresController->serviciosObtenerTablaRegistros()
 7 SYSTEMPATH\CodeIgniter.php(466): CodeIgniter\CodeIgniter->runController(Object(App\Controllers\ES_mantenedoresController))
 8 SYSTEMPATH\CodeIgniter.php(349): CodeIgniter\CodeIgniter->handleRequest(null, Object(Config\Cache), false)
 9 FCPATH\index.php(55): CodeIgniter\CodeIgniter->run()
CRITICAL - 2022-10-13 16:29:44 --> Undefined variable $datos
in APPPATH\Views\Mantenedor\servicios_tabla_datos.php on line 17.
 1 APPPATH\Views\Mantenedor\servicios_tabla_datos.php(17): CodeIgniter\Debug\Exceptions->errorHandler(2, 'Undefined variable $datos', 'APPPATH\\Views\\Mantenedor\\servicios_tabla_datos.php', 17)
 2 SYSTEMPATH\View\View.php(213): include('APPPATH\\Views\\Mantenedor\\servicios_tabla_datos.php')
 3 SYSTEMPATH\View\View.php(216): CodeIgniter\View\View->CodeIgniter\View\{closure}()
 4 SYSTEMPATH\Common.php(1135): CodeIgniter\View\View->render('Mantenedor/servicios_tabla_datos', [], true)
 5 APPPATH\Controllers\ES_mantenedoresController.php(710): view('Mantenedor/servicios_tabla_datos', [...])
 6 SYSTEMPATH\CodeIgniter.php(896): App\Controllers\ES_mantenedoresController->serviciosObtenerTablaRegistros()
 7 SYSTEMPATH\CodeIgniter.php(466): CodeIgniter\CodeIgniter->runController(Object(App\Controllers\ES_mantenedoresController))
 8 SYSTEMPATH\CodeIgniter.php(349): CodeIgniter\CodeIgniter->handleRequest(null, Object(Config\Cache), false)
 9 FCPATH\index.php(55): CodeIgniter\CodeIgniter->run()
CRITICAL - 2022-10-13 16:30:23 --> Undefined variable $datos
in APPPATH\Views\Mantenedor\servicios_tabla_datos.php on line 17.
 1 APPPATH\Views\Mantenedor\servicios_tabla_datos.php(17): CodeIgniter\Debug\Exceptions->errorHandler(2, 'Undefined variable $datos', 'APPPATH\\Views\\Mantenedor\\servicios_tabla_datos.php', 17)
 2 SYSTEMPATH\View\View.php(213): include('APPPATH\\Views\\Mantenedor\\servicios_tabla_datos.php')
 3 SYSTEMPATH\View\View.php(216): CodeIgniter\View\View->CodeIgniter\View\{closure}()
 4 SYSTEMPATH\Common.php(1135): CodeIgniter\View\View->render('Mantenedor/servicios_tabla_datos', [], true)
 5 APPPATH\Controllers\ES_mantenedoresController.php(710): view('Mantenedor/servicios_tabla_datos', [...])
 6 SYSTEMPATH\CodeIgniter.php(896): App\Controllers\ES_mantenedoresController->serviciosObtenerTablaRegistros()
 7 SYSTEMPATH\CodeIgniter.php(466): CodeIgniter\CodeIgniter->runController(Object(App\Controllers\ES_mantenedoresController))
 8 SYSTEMPATH\CodeIgniter.php(349): CodeIgniter\CodeIgniter->handleRequest(null, Object(Config\Cache), false)
 9 FCPATH\index.php(55): CodeIgniter\CodeIgniter->run()
CRITICAL - 2022-10-13 16:31:35 --> Undefined variable $row
in APPPATH\Views\Mantenedor\servicios_tabla_datos.php on line 57.
 1 APPPATH\Views\Mantenedor\servicios_tabla_datos.php(57): CodeIgniter\Debug\Exceptions->errorHandler(2, 'Undefined variable $row', 'APPPATH\\Views\\Mantenedor\\servicios_tabla_datos.php', 57)
 2 SYSTEMPATH\View\View.php(213): include('APPPATH\\Views\\Mantenedor\\servicios_tabla_datos.php')
 3 SYSTEMPATH\View\View.php(216): CodeIgniter\View\View->CodeIgniter\View\{closure}()
 4 SYSTEMPATH\Common.php(1135): CodeIgniter\View\View->render('Mantenedor/servicios_tabla_datos', [], true)
 5 APPPATH\Controllers\ES_mantenedoresController.php(710): view('Mantenedor/servicios_tabla_datos', [...])
 6 SYSTEMPATH\CodeIgniter.php(896): App\Controllers\ES_mantenedoresController->serviciosObtenerTablaRegistros()
 7 SYSTEMPATH\CodeIgniter.php(466): CodeIgniter\CodeIgniter->runController(Object(App\Controllers\ES_mantenedoresController))
 8 SYSTEMPATH\CodeIgniter.php(349): CodeIgniter\CodeIgniter->handleRequest(null, Object(Config\Cache), false)
 9 FCPATH\index.php(55): CodeIgniter\CodeIgniter->run()
CRITICAL - 2022-10-13 16:31:44 --> Undefined variable $row
in APPPATH\Views\Mantenedor\servicios_tabla_datos.php on line 57.
 1 APPPATH\Views\Mantenedor\servicios_tabla_datos.php(57): CodeIgniter\Debug\Exceptions->errorHandler(2, 'Undefined variable $row', 'APPPATH\\Views\\Mantenedor\\servicios_tabla_datos.php', 57)
 2 SYSTEMPATH\View\View.php(213): include('APPPATH\\Views\\Mantenedor\\servicios_tabla_datos.php')
 3 SYSTEMPATH\View\View.php(216): CodeIgniter\View\View->CodeIgniter\View\{closure}()
 4 SYSTEMPATH\Common.php(1135): CodeIgniter\View\View->render('Mantenedor/servicios_tabla_datos', [], true)
 5 APPPATH\Controllers\ES_mantenedoresController.php(710): view('Mantenedor/servicios_tabla_datos', [...])
 6 SYSTEMPATH\CodeIgniter.php(896): App\Controllers\ES_mantenedoresController->serviciosObtenerTablaRegistros()
 7 SYSTEMPATH\CodeIgniter.php(466): CodeIgniter\CodeIgniter->runController(Object(App\Controllers\ES_mantenedoresController))
 8 SYSTEMPATH\CodeIgniter.php(349): CodeIgniter\CodeIgniter->handleRequest(null, Object(Config\Cache), false)
 9 FCPATH\index.php(55): CodeIgniter\CodeIgniter->run()
CRITICAL - 2022-10-13 16:31:48 --> Undefined variable $row
in APPPATH\Views\Mantenedor\servicios_tabla_datos.php on line 57.
 1 APPPATH\Views\Mantenedor\servicios_tabla_datos.php(57): CodeIgniter\Debug\Exceptions->errorHandler(2, 'Undefined variable $row', 'APPPATH\\Views\\Mantenedor\\servicios_tabla_datos.php', 57)
 2 SYSTEMPATH\View\View.php(213): include('APPPATH\\Views\\Mantenedor\\servicios_tabla_datos.php')
 3 SYSTEMPATH\View\View.php(216): CodeIgniter\View\View->CodeIgniter\View\{closure}()
 4 SYSTEMPATH\Common.php(1135): CodeIgniter\View\View->render('Mantenedor/servicios_tabla_datos', [], true)
 5 APPPATH\Controllers\ES_mantenedoresController.php(710): view('Mantenedor/servicios_tabla_datos', [...])
 6 SYSTEMPATH\CodeIgniter.php(896): App\Controllers\ES_mantenedoresController->serviciosObtenerTablaRegistros()
 7 SYSTEMPATH\CodeIgniter.php(466): CodeIgniter\CodeIgniter->runController(Object(App\Controllers\ES_mantenedoresController))
 8 SYSTEMPATH\CodeIgniter.php(349): CodeIgniter\CodeIgniter->handleRequest(null, Object(Config\Cache), false)
 9 FCPATH\index.php(55): CodeIgniter\CodeIgniter->run()
CRITICAL - 2022-10-13 16:35:22 --> Undefined variable $row
in APPPATH\Views\Mantenedor\servicios_tabla_datos.php on line 30.
 1 APPPATH\Views\Mantenedor\servicios_tabla_datos.php(30): CodeIgniter\Debug\Exceptions->errorHandler(2, 'Undefined variable $row', 'APPPATH\\Views\\Mantenedor\\servicios_tabla_datos.php', 30)
 2 SYSTEMPATH\View\View.php(213): include('APPPATH\\Views\\Mantenedor\\servicios_tabla_datos.php')
 3 SYSTEMPATH\View\View.php(216): CodeIgniter\View\View->CodeIgniter\View\{closure}()
 4 SYSTEMPATH\Common.php(1135): CodeIgniter\View\View->render('Mantenedor/servicios_tabla_datos', [], true)
 5 APPPATH\Controllers\ES_mantenedoresController.php(710): view('Mantenedor/servicios_tabla_datos', [...])
 6 SYSTEMPATH\CodeIgniter.php(896): App\Controllers\ES_mantenedoresController->serviciosObtenerTablaRegistros()
 7 SYSTEMPATH\CodeIgniter.php(466): CodeIgniter\CodeIgniter->runController(Object(App\Controllers\ES_mantenedoresController))
 8 SYSTEMPATH\CodeIgniter.php(349): CodeIgniter\CodeIgniter->handleRequest(null, Object(Config\Cache), false)
 9 FCPATH\index.php(55): CodeIgniter\CodeIgniter->run()
CRITICAL - 2022-10-13 16:35:38 --> Undefined variable $row
in APPPATH\Views\Mantenedor\servicios_tabla_datos.php on line 30.
 1 APPPATH\Views\Mantenedor\servicios_tabla_datos.php(30): CodeIgniter\Debug\Exceptions->errorHandler(2, 'Undefined variable $row', 'APPPATH\\Views\\Mantenedor\\servicios_tabla_datos.php', 30)
 2 SYSTEMPATH\View\View.php(213): include('APPPATH\\Views\\Mantenedor\\servicios_tabla_datos.php')
 3 SYSTEMPATH\View\View.php(216): CodeIgniter\View\View->CodeIgniter\View\{closure}()
 4 SYSTEMPATH\Common.php(1135): CodeIgniter\View\View->render('Mantenedor/servicios_tabla_datos', [], true)
 5 APPPATH\Controllers\ES_mantenedoresController.php(710): view('Mantenedor/servicios_tabla_datos', [...])
 6 SYSTEMPATH\CodeIgniter.php(896): App\Controllers\ES_mantenedoresController->serviciosObtenerTablaRegistros()
 7 SYSTEMPATH\CodeIgniter.php(466): CodeIgniter\CodeIgniter->runController(Object(App\Controllers\ES_mantenedoresController))
 8 SYSTEMPATH\CodeIgniter.php(349): CodeIgniter\CodeIgniter->handleRequest(null, Object(Config\Cache), false)
 9 FCPATH\index.php(55): CodeIgniter\CodeIgniter->run()
CRITICAL - 2022-10-13 16:40:12 --> Undefined variable $row
in APPPATH\Views\Mantenedor\servicios_tabla_datos.php on line 57.
 1 APPPATH\Views\Mantenedor\servicios_tabla_datos.php(57): CodeIgniter\Debug\Exceptions->errorHandler(2, 'Undefined variable $row', 'APPPATH\\Views\\Mantenedor\\servicios_tabla_datos.php', 57)
 2 SYSTEMPATH\View\View.php(213): include('APPPATH\\Views\\Mantenedor\\servicios_tabla_datos.php')
 3 SYSTEMPATH\View\View.php(216): CodeIgniter\View\View->CodeIgniter\View\{closure}()
 4 SYSTEMPATH\Common.php(1135): CodeIgniter\View\View->render('Mantenedor/servicios_tabla_datos', [], true)
 5 APPPATH\Controllers\ES_mantenedoresController.php(710): view('Mantenedor/servicios_tabla_datos', [...])
 6 SYSTEMPATH\CodeIgniter.php(896): App\Controllers\ES_mantenedoresController->serviciosObtenerTablaRegistros()
 7 SYSTEMPATH\CodeIgniter.php(466): CodeIgniter\CodeIgniter->runController(Object(App\Controllers\ES_mantenedoresController))
 8 SYSTEMPATH\CodeIgniter.php(349): CodeIgniter\CodeIgniter->handleRequest(null, Object(Config\Cache), false)
 9 FCPATH\index.php(55): CodeIgniter\CodeIgniter->run()
CRITICAL - 2022-10-13 16:40:23 --> Undefined variable $row
in APPPATH\Views\Mantenedor\servicios_tabla_datos.php on line 57.
 1 APPPATH\Views\Mantenedor\servicios_tabla_datos.php(57): CodeIgniter\Debug\Exceptions->errorHandler(2, 'Undefined variable $row', 'APPPATH\\Views\\Mantenedor\\servicios_tabla_datos.php', 57)
 2 SYSTEMPATH\View\View.php(213): include('APPPATH\\Views\\Mantenedor\\servicios_tabla_datos.php')
 3 SYSTEMPATH\View\View.php(216): CodeIgniter\View\View->CodeIgniter\View\{closure}()
 4 SYSTEMPATH\Common.php(1135): CodeIgniter\View\View->render('Mantenedor/servicios_tabla_datos', [], true)
 5 APPPATH\Controllers\ES_mantenedoresController.php(710): view('Mantenedor/servicios_tabla_datos', [...])
 6 SYSTEMPATH\CodeIgniter.php(896): App\Controllers\ES_mantenedoresController->serviciosObtenerTablaRegistros()
 7 SYSTEMPATH\CodeIgniter.php(466): CodeIgniter\CodeIgniter->runController(Object(App\Controllers\ES_mantenedoresController))
 8 SYSTEMPATH\CodeIgniter.php(349): CodeIgniter\CodeIgniter->handleRequest(null, Object(Config\Cache), false)
 9 FCPATH\index.php(55): CodeIgniter\CodeIgniter->run()
CRITICAL - 2022-10-13 17:54:59 --> pg_query(): Query failed: ERROR:  duplicate key value violates unique constraint &quot;GRL_servicio_pkey&quot;
DETAIL:  Key (id)=(11) already exists.
in SYSTEMPATH\Database\Postgre\Connection.php on line 135.
 1 [internal function]: CodeIgniter\Debug\Exceptions->errorHandler(2, 'pg_query(): Query failed: ERROR:  duplicate key value violates unique constraint &quot;GRL_servicio_pkey&quot;
DETAIL:  Key (id)=(11) already exists.', 'SYSTEMPATH\\Database\\Postgre\\Connection.php', 135)
 2 SYSTEMPATH\Database\Postgre\Connection.php(135): pg_query(Object(PgSql\Connection), 'INSERT INTO "GRL_servicio" ("cod_deis", "descripcion", "activo_es", "fecha_registro") VALUES (NULL, \'Pruga DEIS\', NULL, \'2022-10-13 17:54:58\')')
 3 SYSTEMPATH\Database\BaseConnection.php(695): CodeIgniter\Database\Postgre\Connection->execute('INSERT INTO "GRL_servicio" ("cod_deis", "descripcion", "activo_es", "fecha_registro") VALUES (NULL, \'Pruga DEIS\', NULL, \'2022-10-13 17:54:58\')')
 4 SYSTEMPATH\Database\BaseConnection.php(609): CodeIgniter\Database\BaseConnection->simpleQuery('INSERT INTO "GRL_servicio" ("cod_deis", "descripcion", "activo_es", "fecha_registro") VALUES (NULL, \'Pruga DEIS\', NULL, \'2022-10-13 17:54:58\')')
 5 SYSTEMPATH\Database\BaseBuilder.php(1904): CodeIgniter\Database\BaseConnection->query('INSERT INTO "GRL_servicio" ("cod_deis", "descripcion", "activo_es", "fecha_registro") VALUES (:cod_deis:, :descripcion:, :activo_es:, :fecha_registro:)', [...], false)
 6 SYSTEMPATH\Model.php(278): CodeIgniter\Database\BaseBuilder->insert()
 7 SYSTEMPATH\BaseModel.php(738): CodeIgniter\Model->doInsert([...])
 8 SYSTEMPATH\Model.php(666): CodeIgniter\BaseModel->insert([...], true)
 9 APPPATH\Models\ES_serviciosModel.php(42): CodeIgniter\Model->insert([...])
10 APPPATH\Controllers\ES_mantenedoresController.php(750): App\Models\ES_serviciosModel->agregarRegistro([...])
11 SYSTEMPATH\CodeIgniter.php(896): App\Controllers\ES_mantenedoresController->serviciosAgregarRegistroGuardar()
12 SYSTEMPATH\CodeIgniter.php(466): CodeIgniter\CodeIgniter->runController(Object(App\Controllers\ES_mantenedoresController))
13 SYSTEMPATH\CodeIgniter.php(349): CodeIgniter\CodeIgniter->handleRequest(null, Object(Config\Cache), false)
14 FCPATH\index.php(55): CodeIgniter\CodeIgniter->run()
CRITICAL - 2022-10-13 18:21:16 --> Undefined constant "f"
in APPPATH\Views\Mantenedor\servicios_formulario.php on line 32.
 1 SYSTEMPATH\View\View.php(213): include()
 2 SYSTEMPATH\View\View.php(216): CodeIgniter\View\View->CodeIgniter\View\{closure}()
 3 SYSTEMPATH\Common.php(1135): CodeIgniter\View\View->render('Mantenedor/servicios_formulario', [], true)
 4 APPPATH\Controllers\ES_mantenedoresController.php(786): view('Mantenedor/servicios_formulario', [...])
 5 SYSTEMPATH\CodeIgniter.php(896): App\Controllers\ES_mantenedoresController->serviciosEditarRegistro('1')
 6 SYSTEMPATH\CodeIgniter.php(466): CodeIgniter\CodeIgniter->runController(Object(App\Controllers\ES_mantenedoresController))
 7 SYSTEMPATH\CodeIgniter.php(349): CodeIgniter\CodeIgniter->handleRequest(null, Object(Config\Cache), false)
 8 FCPATH\index.php(55): CodeIgniter\CodeIgniter->run()
CRITICAL - 2022-10-13 18:23:50 --> Undefined constant "resultado"
in APPPATH\Views\Mantenedor\servicios_formulario.php on line 32.
 1 SYSTEMPATH\View\View.php(213): include()
 2 SYSTEMPATH\View\View.php(216): CodeIgniter\View\View->CodeIgniter\View\{closure}()
 3 SYSTEMPATH\Common.php(1135): CodeIgniter\View\View->render('Mantenedor/servicios_formulario', [], true)
 4 APPPATH\Controllers\ES_mantenedoresController.php(786): view('Mantenedor/servicios_formulario', [...])
 5 SYSTEMPATH\CodeIgniter.php(896): App\Controllers\ES_mantenedoresController->serviciosEditarRegistro('1')
 6 SYSTEMPATH\CodeIgniter.php(466): CodeIgniter\CodeIgniter->runController(Object(App\Controllers\ES_mantenedoresController))
 7 SYSTEMPATH\CodeIgniter.php(349): CodeIgniter\CodeIgniter->handleRequest(null, Object(Config\Cache), false)
 8 FCPATH\index.php(55): CodeIgniter\CodeIgniter->run()
CRITICAL - 2022-10-13 18:25:02 --> Undefined constant "resultado"
in APPPATH\Views\Mantenedor\servicios_formulario.php on line 32.
 1 SYSTEMPATH\View\View.php(213): include()
 2 SYSTEMPATH\View\View.php(216): CodeIgniter\View\View->CodeIgniter\View\{closure}()
 3 SYSTEMPATH\Common.php(1135): CodeIgniter\View\View->render('Mantenedor/servicios_formulario', [], true)
 4 APPPATH\Controllers\ES_mantenedoresController.php(786): view('Mantenedor/servicios_formulario', [...])
 5 SYSTEMPATH\CodeIgniter.php(896): App\Controllers\ES_mantenedoresController->serviciosEditarRegistro('1')
 6 SYSTEMPATH\CodeIgniter.php(466): CodeIgniter\CodeIgniter->runController(Object(App\Controllers\ES_mantenedoresController))
 7 SYSTEMPATH\CodeIgniter.php(349): CodeIgniter\CodeIgniter->handleRequest(null, Object(Config\Cache), false)
 8 FCPATH\index.php(55): CodeIgniter\CodeIgniter->run()
CRITICAL - 2022-10-13 18:32:38 --> Cannot use temporary expression in write context
in APPPATH\Views\Mantenedor\servicios_formulario.php on line 36.
 1 [internal function]: CodeIgniter\Debug\Exceptions->shutdownHandler()
CRITICAL - 2022-10-13 18:33:53 --> Undefined constant "resultado"
in APPPATH\Views\Mantenedor\servicios_formulario.php on line 36.
 1 SYSTEMPATH\View\View.php(213): include()
 2 SYSTEMPATH\View\View.php(216): CodeIgniter\View\View->CodeIgniter\View\{closure}()
 3 SYSTEMPATH\Common.php(1135): CodeIgniter\View\View->render('Mantenedor/servicios_formulario', [], true)
 4 APPPATH\Controllers\ES_mantenedoresController.php(786): view('Mantenedor/servicios_formulario', [...])
 5 SYSTEMPATH\CodeIgniter.php(896): App\Controllers\ES_mantenedoresController->serviciosEditarRegistro('1')
 6 SYSTEMPATH\CodeIgniter.php(466): CodeIgniter\CodeIgniter->runController(Object(App\Controllers\ES_mantenedoresController))
 7 SYSTEMPATH\CodeIgniter.php(349): CodeIgniter\CodeIgniter->handleRequest(null, Object(Config\Cache), false)
 8 FCPATH\index.php(55): CodeIgniter\CodeIgniter->run()
CRITICAL - 2022-10-13 18:35:54 --> Cannot use temporary expression in write context
in APPPATH\Views\Mantenedor\servicios_formulario.php on line 36.
 1 [internal function]: CodeIgniter\Debug\Exceptions->shutdownHandler()
CRITICAL - 2022-10-13 18:38:19 --> Cannot use temporary expression in write context
in APPPATH\Views\Mantenedor\servicios_formulario.php on line 36.
 1 [internal function]: CodeIgniter\Debug\Exceptions->shutdownHandler()
CRITICAL - 2022-10-13 19:06:25 --> Cannot use temporary expression in write context
in APPPATH\Views\Mantenedor\servicios_formulario.php on line 37.
 1 [internal function]: CodeIgniter\Debug\Exceptions->shutdownHandler()
CRITICAL - 2022-10-13 20:14:43 --> Undefined variable $id_servicio
in APPPATH\Controllers\ES_mantenedoresController.php on line 802.
 1 APPPATH\Controllers\ES_mantenedoresController.php(802): CodeIgniter\Debug\Exceptions->errorHandler(2, 'Undefined variable $id_servicio', 'APPPATH\\Controllers\\ES_mantenedoresController.php', 802)
 2 SYSTEMPATH\CodeIgniter.php(896): App\Controllers\ES_mantenedoresController->serviciosEditarRegistroGuardar()
 3 SYSTEMPATH\CodeIgniter.php(466): CodeIgniter\CodeIgniter->runController(Object(App\Controllers\ES_mantenedoresController))
 4 SYSTEMPATH\CodeIgniter.php(349): CodeIgniter\CodeIgniter->handleRequest(null, Object(Config\Cache), false)
 5 FCPATH\index.php(55): CodeIgniter\CodeIgniter->run()
CRITICAL - 2022-10-13 20:26:41 --> pg_query(): Query failed: ERROR:  invalid input syntax for type boolean: &quot;&quot;
LINE 1: ...deis&quot; = '154630', &quot;descripcion&quot; = 'FONASA', &quot;activo_es&quot; = ''
                                                                     ^
in SYSTEMPATH\Database\Postgre\Connection.php on line 135.
 1 [internal function]: CodeIgniter\Debug\Exceptions->errorHandler(2, 'pg_query(): Query failed: ERROR:  invalid input syntax for type boolean: &quot;&quot;
LINE 1: ...deis&quot; = \'154630\', &quot;descripcion&quot; = \'FONASA\', &quot;activo_es&quot; = \'\'
                                                                     ^', 'SYSTEMPATH\\Database\\Postgre\\Connection.php', 135)
 2 SYSTEMPATH\Database\Postgre\Connection.php(135): pg_query(Object(PgSql\Connection), 'UPDATE "GRL_servicio" SET "cod_deis" = \'154630\', "descripcion" = \'FONASA\', "activo_es" = \'\'
WHERE "GRL_servicio"."id" IN (\'5\')')
 3 SYSTEMPATH\Database\BaseConnection.php(695): CodeIgniter\Database\Postgre\Connection->execute('UPDATE "GRL_servicio" SET "cod_deis" = \'154630\', "descripcion" = \'FONASA\', "activo_es" = \'\'
WHERE "GRL_servicio"."id" IN (\'5\')')
 4 SYSTEMPATH\Database\BaseConnection.php(609): CodeIgniter\Database\BaseConnection->simpleQuery('UPDATE "GRL_servicio" SET "cod_deis" = \'154630\', "descripcion" = \'FONASA\', "activo_es" = \'\'
WHERE "GRL_servicio"."id" IN (\'5\')')
 5 SYSTEMPATH\Database\BaseBuilder.php(2046): CodeIgniter\Database\BaseConnection->query('UPDATE "GRL_servicio" SET "cod_deis" = :cod_deis:, "descripcion" = :descripcion:, "activo_es" = :activo_es:
WHERE "GRL_servicio"."id" IN :GRL_servicio.id:', [...], false)
 6 SYSTEMPATH\Model.php(337): CodeIgniter\Database\BaseBuilder->update()
 7 SYSTEMPATH\BaseModel.php(865): CodeIgniter\Model->doUpdate([...], [...])
 8 SYSTEMPATH\Model.php(692): CodeIgniter\BaseModel->update([...], [...])
 9 APPPATH\Models\ES_serviciosModel.php(47): CodeIgniter\Model->update('5', [...])
10 APPPATH\Controllers\ES_mantenedoresController.php(799): App\Models\ES_serviciosModel->editarRegistro('5', [...])
11 SYSTEMPATH\CodeIgniter.php(896): App\Controllers\ES_mantenedoresController->serviciosEditarRegistroGuardar()
12 SYSTEMPATH\CodeIgniter.php(466): CodeIgniter\CodeIgniter->runController(Object(App\Controllers\ES_mantenedoresController))
13 SYSTEMPATH\CodeIgniter.php(349): CodeIgniter\CodeIgniter->handleRequest(null, Object(Config\Cache), false)
14 FCPATH\index.php(55): CodeIgniter\CodeIgniter->run()
CRITICAL - 2022-10-13 20:33:36 --> pg_query(): Query failed: ERROR:  invalid input syntax for type boolean: &quot;&quot;
LINE 1: ...deis&quot; = '154630', &quot;descripcion&quot; = 'FONASA', &quot;activo_es&quot; = ''
                                                                     ^
in SYSTEMPATH\Database\Postgre\Connection.php on line 135.
 1 [internal function]: CodeIgniter\Debug\Exceptions->errorHandler(2, 'pg_query(): Query failed: ERROR:  invalid input syntax for type boolean: &quot;&quot;
LINE 1: ...deis&quot; = \'154630\', &quot;descripcion&quot; = \'FONASA\', &quot;activo_es&quot; = \'\'
                                                                     ^', 'SYSTEMPATH\\Database\\Postgre\\Connection.php', 135)
 2 SYSTEMPATH\Database\Postgre\Connection.php(135): pg_query(Object(PgSql\Connection), 'UPDATE "GRL_servicio" SET "cod_deis" = \'154630\', "descripcion" = \'FONASA\', "activo_es" = \'\'
WHERE "GRL_servicio"."id" IN (\'5\')')
 3 SYSTEMPATH\Database\BaseConnection.php(695): CodeIgniter\Database\Postgre\Connection->execute('UPDATE "GRL_servicio" SET "cod_deis" = \'154630\', "descripcion" = \'FONASA\', "activo_es" = \'\'
WHERE "GRL_servicio"."id" IN (\'5\')')
 4 SYSTEMPATH\Database\BaseConnection.php(609): CodeIgniter\Database\BaseConnection->simpleQuery('UPDATE "GRL_servicio" SET "cod_deis" = \'154630\', "descripcion" = \'FONASA\', "activo_es" = \'\'
WHERE "GRL_servicio"."id" IN (\'5\')')
 5 SYSTEMPATH\Database\BaseBuilder.php(2046): CodeIgniter\Database\BaseConnection->query('UPDATE "GRL_servicio" SET "cod_deis" = :cod_deis:, "descripcion" = :descripcion:, "activo_es" = :activo_es:
WHERE "GRL_servicio"."id" IN :GRL_servicio.id:', [...], false)
 6 SYSTEMPATH\Model.php(337): CodeIgniter\Database\BaseBuilder->update()
 7 SYSTEMPATH\BaseModel.php(865): CodeIgniter\Model->doUpdate([...], [...])
 8 SYSTEMPATH\Model.php(692): CodeIgniter\BaseModel->update([...], [...])
 9 APPPATH\Models\ES_serviciosModel.php(47): CodeIgniter\Model->update('5', [...])
10 APPPATH\Controllers\ES_mantenedoresController.php(799): App\Models\ES_serviciosModel->editarRegistro('5', [...])
11 SYSTEMPATH\CodeIgniter.php(896): App\Controllers\ES_mantenedoresController->serviciosEditarRegistroGuardar()
12 SYSTEMPATH\CodeIgniter.php(466): CodeIgniter\CodeIgniter->runController(Object(App\Controllers\ES_mantenedoresController))
13 SYSTEMPATH\CodeIgniter.php(349): CodeIgniter\CodeIgniter->handleRequest(null, Object(Config\Cache), false)
14 FCPATH\index.php(55): CodeIgniter\CodeIgniter->run()
CRITICAL - 2022-10-13 20:40:10 --> pg_query(): Query failed: ERROR:  invalid input syntax for type boolean: &quot;&quot;
LINE 1: ...deis&quot; = '154630', &quot;descripcion&quot; = 'FONASA', &quot;activo_es&quot; = ''
                                                                     ^
in SYSTEMPATH\Database\Postgre\Connection.php on line 135.
 1 [internal function]: CodeIgniter\Debug\Exceptions->errorHandler(2, 'pg_query(): Query failed: ERROR:  invalid input syntax for type boolean: &quot;&quot;
LINE 1: ...deis&quot; = \'154630\', &quot;descripcion&quot; = \'FONASA\', &quot;activo_es&quot; = \'\'
                                                                     ^', 'SYSTEMPATH\\Database\\Postgre\\Connection.php', 135)
 2 SYSTEMPATH\Database\Postgre\Connection.php(135): pg_query(Object(PgSql\Connection), 'UPDATE "GRL_servicio" SET "cod_deis" = \'154630\', "descripcion" = \'FONASA\', "activo_es" = \'\'
WHERE "GRL_servicio"."id" IN (\'5\')')
 3 SYSTEMPATH\Database\BaseConnection.php(695): CodeIgniter\Database\Postgre\Connection->execute('UPDATE "GRL_servicio" SET "cod_deis" = \'154630\', "descripcion" = \'FONASA\', "activo_es" = \'\'
WHERE "GRL_servicio"."id" IN (\'5\')')
 4 SYSTEMPATH\Database\BaseConnection.php(609): CodeIgniter\Database\BaseConnection->simpleQuery('UPDATE "GRL_servicio" SET "cod_deis" = \'154630\', "descripcion" = \'FONASA\', "activo_es" = \'\'
WHERE "GRL_servicio"."id" IN (\'5\')')
 5 SYSTEMPATH\Database\BaseBuilder.php(2046): CodeIgniter\Database\BaseConnection->query('UPDATE "GRL_servicio" SET "cod_deis" = :cod_deis:, "descripcion" = :descripcion:, "activo_es" = :activo_es:
WHERE "GRL_servicio"."id" IN :GRL_servicio.id:', [...], false)
 6 SYSTEMPATH\Model.php(337): CodeIgniter\Database\BaseBuilder->update()
 7 SYSTEMPATH\BaseModel.php(865): CodeIgniter\Model->doUpdate([...], [...])
 8 SYSTEMPATH\Model.php(692): CodeIgniter\BaseModel->update([...], [...])
 9 APPPATH\Models\ES_serviciosModel.php(47): CodeIgniter\Model->update('5', [...])
10 APPPATH\Controllers\ES_mantenedoresController.php(799): App\Models\ES_serviciosModel->editarRegistro('5', [...])
11 SYSTEMPATH\CodeIgniter.php(896): App\Controllers\ES_mantenedoresController->serviciosEditarRegistroGuardar()
12 SYSTEMPATH\CodeIgniter.php(466): CodeIgniter\CodeIgniter->runController(Object(App\Controllers\ES_mantenedoresController))
13 SYSTEMPATH\CodeIgniter.php(349): CodeIgniter\CodeIgniter->handleRequest(null, Object(Config\Cache), false)
14 FCPATH\index.php(55): CodeIgniter\CodeIgniter->run()
CRITICAL - 2022-10-13 20:44:03 --> pg_query(): Query failed: ERROR:  invalid input syntax for type boolean: &quot;&quot;
LINE 1: ...deis&quot; = '154630', &quot;descripcion&quot; = 'FONASA', &quot;activo_es&quot; = ''
                                                                     ^
in SYSTEMPATH\Database\Postgre\Connection.php on line 135.
 1 [internal function]: CodeIgniter\Debug\Exceptions->errorHandler(2, 'pg_query(): Query failed: ERROR:  invalid input syntax for type boolean: &quot;&quot;
LINE 1: ...deis&quot; = \'154630\', &quot;descripcion&quot; = \'FONASA\', &quot;activo_es&quot; = \'\'
                                                                     ^', 'SYSTEMPATH\\Database\\Postgre\\Connection.php', 135)
 2 SYSTEMPATH\Database\Postgre\Connection.php(135): pg_query(Object(PgSql\Connection), 'UPDATE "GRL_servicio" SET "cod_deis" = \'154630\', "descripcion" = \'FONASA\', "activo_es" = \'\'
WHERE "GRL_servicio"."id" IN (\'5\')')
 3 SYSTEMPATH\Database\BaseConnection.php(695): CodeIgniter\Database\Postgre\Connection->execute('UPDATE "GRL_servicio" SET "cod_deis" = \'154630\', "descripcion" = \'FONASA\', "activo_es" = \'\'
WHERE "GRL_servicio"."id" IN (\'5\')')
 4 SYSTEMPATH\Database\BaseConnection.php(609): CodeIgniter\Database\BaseConnection->simpleQuery('UPDATE "GRL_servicio" SET "cod_deis" = \'154630\', "descripcion" = \'FONASA\', "activo_es" = \'\'
WHERE "GRL_servicio"."id" IN (\'5\')')
 5 SYSTEMPATH\Database\BaseBuilder.php(2046): CodeIgniter\Database\BaseConnection->query('UPDATE "GRL_servicio" SET "cod_deis" = :cod_deis:, "descripcion" = :descripcion:, "activo_es" = :activo_es:
WHERE "GRL_servicio"."id" IN :GRL_servicio.id:', [...], false)
 6 SYSTEMPATH\Model.php(337): CodeIgniter\Database\BaseBuilder->update()
 7 SYSTEMPATH\BaseModel.php(865): CodeIgniter\Model->doUpdate([...], [...])
 8 SYSTEMPATH\Model.php(692): CodeIgniter\BaseModel->update([...], [...])
 9 APPPATH\Models\ES_serviciosModel.php(47): CodeIgniter\Model->update('5', [...])
10 APPPATH\Controllers\ES_mantenedoresController.php(800): App\Models\ES_serviciosModel->editarRegistro('5', [...])
11 SYSTEMPATH\CodeIgniter.php(896): App\Controllers\ES_mantenedoresController->serviciosEditarRegistroGuardar()
12 SYSTEMPATH\CodeIgniter.php(466): CodeIgniter\CodeIgniter->runController(Object(App\Controllers\ES_mantenedoresController))
13 SYSTEMPATH\CodeIgniter.php(349): CodeIgniter\CodeIgniter->handleRequest(null, Object(Config\Cache), false)
14 FCPATH\index.php(55): CodeIgniter\CodeIgniter->run()
CRITICAL - 2022-10-13 20:46:18 --> pg_query(): Query failed: ERROR:  invalid input syntax for type boolean: &quot;&quot;
LINE 1: ...deis&quot; = '154630', &quot;descripcion&quot; = 'FONASA', &quot;activo_es&quot; = ''
                                                                     ^
in SYSTEMPATH\Database\Postgre\Connection.php on line 135.
 1 [internal function]: CodeIgniter\Debug\Exceptions->errorHandler(2, 'pg_query(): Query failed: ERROR:  invalid input syntax for type boolean: &quot;&quot;
LINE 1: ...deis&quot; = \'154630\', &quot;descripcion&quot; = \'FONASA\', &quot;activo_es&quot; = \'\'
                                                                     ^', 'SYSTEMPATH\\Database\\Postgre\\Connection.php', 135)
 2 SYSTEMPATH\Database\Postgre\Connection.php(135): pg_query(Object(PgSql\Connection), 'UPDATE "GRL_servicio" SET "cod_deis" = \'154630\', "descripcion" = \'FONASA\', "activo_es" = \'\'
WHERE "GRL_servicio"."id" IN (\'5\')')
 3 SYSTEMPATH\Database\BaseConnection.php(695): CodeIgniter\Database\Postgre\Connection->execute('UPDATE "GRL_servicio" SET "cod_deis" = \'154630\', "descripcion" = \'FONASA\', "activo_es" = \'\'
WHERE "GRL_servicio"."id" IN (\'5\')')
 4 SYSTEMPATH\Database\BaseConnection.php(609): CodeIgniter\Database\BaseConnection->simpleQuery('UPDATE "GRL_servicio" SET "cod_deis" = \'154630\', "descripcion" = \'FONASA\', "activo_es" = \'\'
WHERE "GRL_servicio"."id" IN (\'5\')')
 5 SYSTEMPATH\Database\BaseBuilder.php(2046): CodeIgniter\Database\BaseConnection->query('UPDATE "GRL_servicio" SET "cod_deis" = :cod_deis:, "descripcion" = :descripcion:, "activo_es" = :activo_es:
WHERE "GRL_servicio"."id" IN :GRL_servicio.id:', [...], false)
 6 SYSTEMPATH\Model.php(337): CodeIgniter\Database\BaseBuilder->update()
 7 SYSTEMPATH\BaseModel.php(865): CodeIgniter\Model->doUpdate([...], [...])
 8 SYSTEMPATH\Model.php(692): CodeIgniter\BaseModel->update([...], [...])
 9 APPPATH\Models\ES_serviciosModel.php(47): CodeIgniter\Model->update('5', [...])
10 APPPATH\Controllers\ES_mantenedoresController.php(800): App\Models\ES_serviciosModel->editarRegistro('5', [...])
11 SYSTEMPATH\CodeIgniter.php(896): App\Controllers\ES_mantenedoresController->serviciosEditarRegistroGuardar()
12 SYSTEMPATH\CodeIgniter.php(466): CodeIgniter\CodeIgniter->runController(Object(App\Controllers\ES_mantenedoresController))
13 SYSTEMPATH\CodeIgniter.php(349): CodeIgniter\CodeIgniter->handleRequest(null, Object(Config\Cache), false)
14 FCPATH\index.php(55): CodeIgniter\CodeIgniter->run()
CRITICAL - 2022-10-13 21:47:43 --> pg_query(): Query failed: ERROR:  invalid input syntax for type boolean: &quot;&quot;
LINE 1: ...deis&quot; = '154630', &quot;descripcion&quot; = 'FONASA', &quot;activo_es&quot; = ''
                                                                     ^
in SYSTEMPATH\Database\Postgre\Connection.php on line 135.
 1 [internal function]: CodeIgniter\Debug\Exceptions->errorHandler(2, 'pg_query(): Query failed: ERROR:  invalid input syntax for type boolean: &quot;&quot;
LINE 1: ...deis&quot; = \'154630\', &quot;descripcion&quot; = \'FONASA\', &quot;activo_es&quot; = \'\'
                                                                     ^', 'SYSTEMPATH\\Database\\Postgre\\Connection.php', 135)
 2 SYSTEMPATH\Database\Postgre\Connection.php(135): pg_query(Object(PgSql\Connection), 'UPDATE "GRL_servicio" SET "cod_deis" = \'154630\', "descripcion" = \'FONASA\', "activo_es" = \'\'
WHERE "GRL_servicio"."id" IN (\'5\')')
 3 SYSTEMPATH\Database\BaseConnection.php(695): CodeIgniter\Database\Postgre\Connection->execute('UPDATE "GRL_servicio" SET "cod_deis" = \'154630\', "descripcion" = \'FONASA\', "activo_es" = \'\'
WHERE "GRL_servicio"."id" IN (\'5\')')
 4 SYSTEMPATH\Database\BaseConnection.php(609): CodeIgniter\Database\BaseConnection->simpleQuery('UPDATE "GRL_servicio" SET "cod_deis" = \'154630\', "descripcion" = \'FONASA\', "activo_es" = \'\'
WHERE "GRL_servicio"."id" IN (\'5\')')
 5 SYSTEMPATH\Database\BaseBuilder.php(2046): CodeIgniter\Database\BaseConnection->query('UPDATE "GRL_servicio" SET "cod_deis" = :cod_deis:, "descripcion" = :descripcion:, "activo_es" = :activo_es:
WHERE "GRL_servicio"."id" IN :GRL_servicio.id:', [...], false)
 6 SYSTEMPATH\Model.php(337): CodeIgniter\Database\BaseBuilder->update()
 7 SYSTEMPATH\BaseModel.php(865): CodeIgniter\Model->doUpdate([...], [...])
 8 SYSTEMPATH\Model.php(692): CodeIgniter\BaseModel->update([...], [...])
 9 APPPATH\Models\ES_serviciosModel.php(47): CodeIgniter\Model->update('5', [...])
10 APPPATH\Controllers\ES_mantenedoresController.php(800): App\Models\ES_serviciosModel->editarRegistro('5', [...])
11 SYSTEMPATH\CodeIgniter.php(896): App\Controllers\ES_mantenedoresController->serviciosEditarRegistroGuardar()
12 SYSTEMPATH\CodeIgniter.php(466): CodeIgniter\CodeIgniter->runController(Object(App\Controllers\ES_mantenedoresController))
13 SYSTEMPATH\CodeIgniter.php(349): CodeIgniter\CodeIgniter->handleRequest(null, Object(Config\Cache), false)
14 FCPATH\index.php(55): CodeIgniter\CodeIgniter->run()
CRITICAL - 2022-10-13 21:49:18 --> pg_query(): Query failed: ERROR:  invalid input syntax for type boolean: &quot;&quot;
LINE 1: ...deis&quot; = '154630', &quot;descripcion&quot; = 'FONASA', &quot;activo_es&quot; = ''
                                                                     ^
in SYSTEMPATH\Database\Postgre\Connection.php on line 135.
 1 [internal function]: CodeIgniter\Debug\Exceptions->errorHandler(2, 'pg_query(): Query failed: ERROR:  invalid input syntax for type boolean: &quot;&quot;
LINE 1: ...deis&quot; = \'154630\', &quot;descripcion&quot; = \'FONASA\', &quot;activo_es&quot; = \'\'
                                                                     ^', 'SYSTEMPATH\\Database\\Postgre\\Connection.php', 135)
 2 SYSTEMPATH\Database\Postgre\Connection.php(135): pg_query(Object(PgSql\Connection), 'UPDATE "GRL_servicio" SET "cod_deis" = \'154630\', "descripcion" = \'FONASA\', "activo_es" = \'\'
WHERE "GRL_servicio"."id" IN (\'5\')')
 3 SYSTEMPATH\Database\BaseConnection.php(695): CodeIgniter\Database\Postgre\Connection->execute('UPDATE "GRL_servicio" SET "cod_deis" = \'154630\', "descripcion" = \'FONASA\', "activo_es" = \'\'
WHERE "GRL_servicio"."id" IN (\'5\')')
 4 SYSTEMPATH\Database\BaseConnection.php(609): CodeIgniter\Database\BaseConnection->simpleQuery('UPDATE "GRL_servicio" SET "cod_deis" = \'154630\', "descripcion" = \'FONASA\', "activo_es" = \'\'
WHERE "GRL_servicio"."id" IN (\'5\')')
 5 SYSTEMPATH\Database\BaseBuilder.php(2046): CodeIgniter\Database\BaseConnection->query('UPDATE "GRL_servicio" SET "cod_deis" = :cod_deis:, "descripcion" = :descripcion:, "activo_es" = :activo_es:
WHERE "GRL_servicio"."id" IN :GRL_servicio.id:', [...], false)
 6 SYSTEMPATH\Model.php(337): CodeIgniter\Database\BaseBuilder->update()
 7 SYSTEMPATH\BaseModel.php(865): CodeIgniter\Model->doUpdate([...], [...])
 8 SYSTEMPATH\Model.php(692): CodeIgniter\BaseModel->update([...], [...])
 9 APPPATH\Models\ES_serviciosModel.php(47): CodeIgniter\Model->update('5', [...])
10 APPPATH\Controllers\ES_mantenedoresController.php(800): App\Models\ES_serviciosModel->editarRegistro('5', [...])
11 SYSTEMPATH\CodeIgniter.php(896): App\Controllers\ES_mantenedoresController->serviciosEditarRegistroGuardar()
12 SYSTEMPATH\CodeIgniter.php(466): CodeIgniter\CodeIgniter->runController(Object(App\Controllers\ES_mantenedoresController))
13 SYSTEMPATH\CodeIgniter.php(349): CodeIgniter\CodeIgniter->handleRequest(null, Object(Config\Cache), false)
14 FCPATH\index.php(55): CodeIgniter\CodeIgniter->run()
CRITICAL - 2022-10-13 21:53:47 --> pg_query(): Query failed: ERROR:  invalid input syntax for type boolean: &quot;&quot;
LINE 1: ...deis&quot; = '154630', &quot;descripcion&quot; = 'FONASA', &quot;activo_es&quot; = ''
                                                                     ^
in SYSTEMPATH\Database\Postgre\Connection.php on line 135.
 1 [internal function]: CodeIgniter\Debug\Exceptions->errorHandler(2, 'pg_query(): Query failed: ERROR:  invalid input syntax for type boolean: &quot;&quot;
LINE 1: ...deis&quot; = \'154630\', &quot;descripcion&quot; = \'FONASA\', &quot;activo_es&quot; = \'\'
                                                                     ^', 'SYSTEMPATH\\Database\\Postgre\\Connection.php', 135)
 2 SYSTEMPATH\Database\Postgre\Connection.php(135): pg_query(Object(PgSql\Connection), 'UPDATE "GRL_servicio" SET "cod_deis" = \'154630\', "descripcion" = \'FONASA\', "activo_es" = \'\'
WHERE "GRL_servicio"."id" IN (\'5\')')
 3 SYSTEMPATH\Database\BaseConnection.php(695): CodeIgniter\Database\Postgre\Connection->execute('UPDATE "GRL_servicio" SET "cod_deis" = \'154630\', "descripcion" = \'FONASA\', "activo_es" = \'\'
WHERE "GRL_servicio"."id" IN (\'5\')')
 4 SYSTEMPATH\Database\BaseConnection.php(609): CodeIgniter\Database\BaseConnection->simpleQuery('UPDATE "GRL_servicio" SET "cod_deis" = \'154630\', "descripcion" = \'FONASA\', "activo_es" = \'\'
WHERE "GRL_servicio"."id" IN (\'5\')')
 5 SYSTEMPATH\Database\BaseBuilder.php(2046): CodeIgniter\Database\BaseConnection->query('UPDATE "GRL_servicio" SET "cod_deis" = :cod_deis:, "descripcion" = :descripcion:, "activo_es" = :activo_es:
WHERE "GRL_servicio"."id" IN :GRL_servicio.id:', [...], false)
 6 SYSTEMPATH\Model.php(337): CodeIgniter\Database\BaseBuilder->update()
 7 SYSTEMPATH\BaseModel.php(865): CodeIgniter\Model->doUpdate([...], [...])
 8 SYSTEMPATH\Model.php(692): CodeIgniter\BaseModel->update([...], [...])
 9 APPPATH\Models\ES_serviciosModel.php(47): CodeIgniter\Model->update('5', [...])
10 APPPATH\Controllers\ES_mantenedoresController.php(800): App\Models\ES_serviciosModel->editarRegistro('5', [...])
11 SYSTEMPATH\CodeIgniter.php(896): App\Controllers\ES_mantenedoresController->serviciosEditarRegistroGuardar()
12 SYSTEMPATH\CodeIgniter.php(466): CodeIgniter\CodeIgniter->runController(Object(App\Controllers\ES_mantenedoresController))
13 SYSTEMPATH\CodeIgniter.php(349): CodeIgniter\CodeIgniter->handleRequest(null, Object(Config\Cache), false)
14 FCPATH\index.php(55): CodeIgniter\CodeIgniter->run()
CRITICAL - 2022-10-13 21:54:56 --> pg_query(): Query failed: ERROR:  invalid input syntax for type boolean: &quot;&quot;
LINE 1: ...deis&quot; = '154630', &quot;descripcion&quot; = 'FONASA', &quot;activo_es&quot; = ''
                                                                     ^
in SYSTEMPATH\Database\Postgre\Connection.php on line 135.
 1 [internal function]: CodeIgniter\Debug\Exceptions->errorHandler(2, 'pg_query(): Query failed: ERROR:  invalid input syntax for type boolean: &quot;&quot;
LINE 1: ...deis&quot; = \'154630\', &quot;descripcion&quot; = \'FONASA\', &quot;activo_es&quot; = \'\'
                                                                     ^', 'SYSTEMPATH\\Database\\Postgre\\Connection.php', 135)
 2 SYSTEMPATH\Database\Postgre\Connection.php(135): pg_query(Object(PgSql\Connection), 'UPDATE "GRL_servicio" SET "cod_deis" = \'154630\', "descripcion" = \'FONASA\', "activo_es" = \'\'
WHERE "GRL_servicio"."id" IN (\'5\')')
 3 SYSTEMPATH\Database\BaseConnection.php(695): CodeIgniter\Database\Postgre\Connection->execute('UPDATE "GRL_servicio" SET "cod_deis" = \'154630\', "descripcion" = \'FONASA\', "activo_es" = \'\'
WHERE "GRL_servicio"."id" IN (\'5\')')
 4 SYSTEMPATH\Database\BaseConnection.php(609): CodeIgniter\Database\BaseConnection->simpleQuery('UPDATE "GRL_servicio" SET "cod_deis" = \'154630\', "descripcion" = \'FONASA\', "activo_es" = \'\'
WHERE "GRL_servicio"."id" IN (\'5\')')
 5 SYSTEMPATH\Database\BaseBuilder.php(2046): CodeIgniter\Database\BaseConnection->query('UPDATE "GRL_servicio" SET "cod_deis" = :cod_deis:, "descripcion" = :descripcion:, "activo_es" = :activo_es:
WHERE "GRL_servicio"."id" IN :GRL_servicio.id:', [...], false)
 6 SYSTEMPATH\Model.php(337): CodeIgniter\Database\BaseBuilder->update()
 7 SYSTEMPATH\BaseModel.php(865): CodeIgniter\Model->doUpdate([...], [...])
 8 SYSTEMPATH\Model.php(692): CodeIgniter\BaseModel->update([...], [...])
 9 APPPATH\Models\ES_serviciosModel.php(47): CodeIgniter\Model->update('5', [...])
10 APPPATH\Controllers\ES_mantenedoresController.php(800): App\Models\ES_serviciosModel->editarRegistro('5', [...])
11 SYSTEMPATH\CodeIgniter.php(896): App\Controllers\ES_mantenedoresController->serviciosEditarRegistroGuardar()
12 SYSTEMPATH\CodeIgniter.php(466): CodeIgniter\CodeIgniter->runController(Object(App\Controllers\ES_mantenedoresController))
13 SYSTEMPATH\CodeIgniter.php(349): CodeIgniter\CodeIgniter->handleRequest(null, Object(Config\Cache), false)
14 FCPATH\index.php(55): CodeIgniter\CodeIgniter->run()
CRITICAL - 2022-10-13 21:57:31 --> pg_query(): Query failed: ERROR:  invalid input syntax for type boolean: &quot;&quot;
LINE 1: ...deis&quot; = '154630', &quot;descripcion&quot; = 'FONASA', &quot;activo_es&quot; = ''
                                                                     ^
in SYSTEMPATH\Database\Postgre\Connection.php on line 135.
 1 [internal function]: CodeIgniter\Debug\Exceptions->errorHandler(2, 'pg_query(): Query failed: ERROR:  invalid input syntax for type boolean: &quot;&quot;
LINE 1: ...deis&quot; = \'154630\', &quot;descripcion&quot; = \'FONASA\', &quot;activo_es&quot; = \'\'
                                                                     ^', 'SYSTEMPATH\\Database\\Postgre\\Connection.php', 135)
 2 SYSTEMPATH\Database\Postgre\Connection.php(135): pg_query(Object(PgSql\Connection), 'UPDATE "GRL_servicio" SET "cod_deis" = \'154630\', "descripcion" = \'FONASA\', "activo_es" = \'\'
WHERE "GRL_servicio"."id" IN (\'5\')')
 3 SYSTEMPATH\Database\BaseConnection.php(695): CodeIgniter\Database\Postgre\Connection->execute('UPDATE "GRL_servicio" SET "cod_deis" = \'154630\', "descripcion" = \'FONASA\', "activo_es" = \'\'
WHERE "GRL_servicio"."id" IN (\'5\')')
 4 SYSTEMPATH\Database\BaseConnection.php(609): CodeIgniter\Database\BaseConnection->simpleQuery('UPDATE "GRL_servicio" SET "cod_deis" = \'154630\', "descripcion" = \'FONASA\', "activo_es" = \'\'
WHERE "GRL_servicio"."id" IN (\'5\')')
 5 SYSTEMPATH\Database\BaseBuilder.php(2046): CodeIgniter\Database\BaseConnection->query('UPDATE "GRL_servicio" SET "cod_deis" = :cod_deis:, "descripcion" = :descripcion:, "activo_es" = :activo_es:
WHERE "GRL_servicio"."id" IN :GRL_servicio.id:', [...], false)
 6 SYSTEMPATH\Model.php(337): CodeIgniter\Database\BaseBuilder->update()
 7 SYSTEMPATH\BaseModel.php(865): CodeIgniter\Model->doUpdate([...], [...])
 8 SYSTEMPATH\Model.php(692): CodeIgniter\BaseModel->update([...], [...])
 9 APPPATH\Models\ES_serviciosModel.php(47): CodeIgniter\Model->update('5', [...])
10 APPPATH\Controllers\ES_mantenedoresController.php(800): App\Models\ES_serviciosModel->editarRegistro('5', [...])
11 SYSTEMPATH\CodeIgniter.php(896): App\Controllers\ES_mantenedoresController->serviciosEditarRegistroGuardar()
12 SYSTEMPATH\CodeIgniter.php(466): CodeIgniter\CodeIgniter->runController(Object(App\Controllers\ES_mantenedoresController))
13 SYSTEMPATH\CodeIgniter.php(349): CodeIgniter\CodeIgniter->handleRequest(null, Object(Config\Cache), false)
14 FCPATH\index.php(55): CodeIgniter\CodeIgniter->run()
CRITICAL - 2022-10-13 22:12:36 --> pg_query(): Query failed: ERROR:  invalid input syntax for type bigint: &quot;&quot;
LINE 1: UPDATE &quot;GRL_servicio&quot; SET &quot;cod_deis&quot; = '', &quot;descripcion&quot; = '...
                                               ^
in SYSTEMPATH\Database\Postgre\Connection.php on line 135.
 1 [internal function]: CodeIgniter\Debug\Exceptions->errorHandler(2, 'pg_query(): Query failed: ERROR:  invalid input syntax for type bigint: &quot;&quot;
LINE 1: UPDATE &quot;GRL_servicio&quot; SET &quot;cod_deis&quot; = \'\', &quot;descripcion&quot; = \'...
                                               ^', 'SYSTEMPATH\\Database\\Postgre\\Connection.php', 135)
 2 SYSTEMPATH\Database\Postgre\Connection.php(135): pg_query(Object(PgSql\Connection), 'UPDATE "GRL_servicio" SET "cod_deis" = \'\', "descripcion" = \'FONASA\', "activo_es" = \'\'
WHERE "GRL_servicio"."id" IN (\'5\')')
 3 SYSTEMPATH\Database\BaseConnection.php(695): CodeIgniter\Database\Postgre\Connection->execute('UPDATE "GRL_servicio" SET "cod_deis" = \'\', "descripcion" = \'FONASA\', "activo_es" = \'\'
WHERE "GRL_servicio"."id" IN (\'5\')')
 4 SYSTEMPATH\Database\BaseConnection.php(609): CodeIgniter\Database\BaseConnection->simpleQuery('UPDATE "GRL_servicio" SET "cod_deis" = \'\', "descripcion" = \'FONASA\', "activo_es" = \'\'
WHERE "GRL_servicio"."id" IN (\'5\')')
 5 SYSTEMPATH\Database\BaseBuilder.php(2046): CodeIgniter\Database\BaseConnection->query('UPDATE "GRL_servicio" SET "cod_deis" = :cod_deis:, "descripcion" = :descripcion:, "activo_es" = :activo_es:
WHERE "GRL_servicio"."id" IN :GRL_servicio.id:', [...], false)
 6 SYSTEMPATH\Model.php(337): CodeIgniter\Database\BaseBuilder->update()
 7 SYSTEMPATH\BaseModel.php(865): CodeIgniter\Model->doUpdate([...], [...])
 8 SYSTEMPATH\Model.php(692): CodeIgniter\BaseModel->update([...], [...])
 9 APPPATH\Models\ES_serviciosModel.php(47): CodeIgniter\Model->update('5', [...])
10 APPPATH\Controllers\ES_mantenedoresController.php(800): App\Models\ES_serviciosModel->editarRegistro('5', [...])
11 SYSTEMPATH\CodeIgniter.php(896): App\Controllers\ES_mantenedoresController->serviciosEditarRegistroGuardar()
12 SYSTEMPATH\CodeIgniter.php(466): CodeIgniter\CodeIgniter->runController(Object(App\Controllers\ES_mantenedoresController))
13 SYSTEMPATH\CodeIgniter.php(349): CodeIgniter\CodeIgniter->handleRequest(null, Object(Config\Cache), false)
14 FCPATH\index.php(55): CodeIgniter\CodeIgniter->run()
CRITICAL - 2022-10-13 22:13:59 --> pg_query(): Query failed: ERROR:  invalid input syntax for type boolean: &quot;&quot;
LINE 1: ...deis&quot; = '123121', &quot;descripcion&quot; = 'FONASA', &quot;activo_es&quot; = ''
                                                                     ^
in SYSTEMPATH\Database\Postgre\Connection.php on line 135.
 1 [internal function]: CodeIgniter\Debug\Exceptions->errorHandler(2, 'pg_query(): Query failed: ERROR:  invalid input syntax for type boolean: &quot;&quot;
LINE 1: ...deis&quot; = \'123121\', &quot;descripcion&quot; = \'FONASA\', &quot;activo_es&quot; = \'\'
                                                                     ^', 'SYSTEMPATH\\Database\\Postgre\\Connection.php', 135)
 2 SYSTEMPATH\Database\Postgre\Connection.php(135): pg_query(Object(PgSql\Connection), 'UPDATE "GRL_servicio" SET "cod_deis" = \'123121\', "descripcion" = \'FONASA\', "activo_es" = \'\'
WHERE "GRL_servicio"."id" IN (\'1\')')
 3 SYSTEMPATH\Database\BaseConnection.php(695): CodeIgniter\Database\Postgre\Connection->execute('UPDATE "GRL_servicio" SET "cod_deis" = \'123121\', "descripcion" = \'FONASA\', "activo_es" = \'\'
WHERE "GRL_servicio"."id" IN (\'1\')')
 4 SYSTEMPATH\Database\BaseConnection.php(609): CodeIgniter\Database\BaseConnection->simpleQuery('UPDATE "GRL_servicio" SET "cod_deis" = \'123121\', "descripcion" = \'FONASA\', "activo_es" = \'\'
WHERE "GRL_servicio"."id" IN (\'1\')')
 5 SYSTEMPATH\Database\BaseBuilder.php(2046): CodeIgniter\Database\BaseConnection->query('UPDATE "GRL_servicio" SET "cod_deis" = :cod_deis:, "descripcion" = :descripcion:, "activo_es" = :activo_es:
WHERE "GRL_servicio"."id" IN :GRL_servicio.id:', [...], false)
 6 SYSTEMPATH\Model.php(337): CodeIgniter\Database\BaseBuilder->update()
 7 SYSTEMPATH\BaseModel.php(865): CodeIgniter\Model->doUpdate([...], [...])
 8 SYSTEMPATH\Model.php(692): CodeIgniter\BaseModel->update([...], [...])
 9 APPPATH\Models\ES_serviciosModel.php(47): CodeIgniter\Model->update('1', [...])
10 APPPATH\Controllers\ES_mantenedoresController.php(800): App\Models\ES_serviciosModel->editarRegistro('1', [...])
11 SYSTEMPATH\CodeIgniter.php(896): App\Controllers\ES_mantenedoresController->serviciosEditarRegistroGuardar()
12 SYSTEMPATH\CodeIgniter.php(466): CodeIgniter\CodeIgniter->runController(Object(App\Controllers\ES_mantenedoresController))
13 SYSTEMPATH\CodeIgniter.php(349): CodeIgniter\CodeIgniter->handleRequest(null, Object(Config\Cache), false)
14 FCPATH\index.php(55): CodeIgniter\CodeIgniter->run()
CRITICAL - 2022-10-13 23:18:18 --> Undefined variable $chk_activo_es
in APPPATH\Views\Mantenedor\servicios_formulario.php on line 31.
 1 APPPATH\Views\Mantenedor\servicios_formulario.php(31): CodeIgniter\Debug\Exceptions->errorHandler(2, 'Undefined variable $chk_activo_es', 'APPPATH\\Views\\Mantenedor\\servicios_formulario.php', 31)
 2 SYSTEMPATH\View\View.php(213): include('APPPATH\\Views\\Mantenedor\\servicios_formulario.php')
 3 SYSTEMPATH\View\View.php(216): CodeIgniter\View\View->CodeIgniter\View\{closure}()
 4 SYSTEMPATH\Common.php(1135): CodeIgniter\View\View->render('Mantenedor/servicios_formulario', [], true)
 5 APPPATH\Controllers\ES_mantenedoresController.php(786): view('Mantenedor/servicios_formulario', [...])
 6 SYSTEMPATH\CodeIgniter.php(896): App\Controllers\ES_mantenedoresController->serviciosEditarRegistro('5')
 7 SYSTEMPATH\CodeIgniter.php(466): CodeIgniter\CodeIgniter->runController(Object(App\Controllers\ES_mantenedoresController))
 8 SYSTEMPATH\CodeIgniter.php(349): CodeIgniter\CodeIgniter->handleRequest(null, Object(Config\Cache), false)
 9 FCPATH\index.php(55): CodeIgniter\CodeIgniter->run()
CRITICAL - 2022-10-13 23:18:36 --> Undefined variable $chk_activo_es
in APPPATH\Views\Mantenedor\servicios_formulario.php on line 31.
 1 APPPATH\Views\Mantenedor\servicios_formulario.php(31): CodeIgniter\Debug\Exceptions->errorHandler(2, 'Undefined variable $chk_activo_es', 'APPPATH\\Views\\Mantenedor\\servicios_formulario.php', 31)
 2 SYSTEMPATH\View\View.php(213): include('APPPATH\\Views\\Mantenedor\\servicios_formulario.php')
 3 SYSTEMPATH\View\View.php(216): CodeIgniter\View\View->CodeIgniter\View\{closure}()
 4 SYSTEMPATH\Common.php(1135): CodeIgniter\View\View->render('Mantenedor/servicios_formulario', [], true)
 5 APPPATH\Controllers\ES_mantenedoresController.php(786): view('Mantenedor/servicios_formulario', [...])
 6 SYSTEMPATH\CodeIgniter.php(896): App\Controllers\ES_mantenedoresController->serviciosEditarRegistro('5')
 7 SYSTEMPATH\CodeIgniter.php(466): CodeIgniter\CodeIgniter->runController(Object(App\Controllers\ES_mantenedoresController))
 8 SYSTEMPATH\CodeIgniter.php(349): CodeIgniter\CodeIgniter->handleRequest(null, Object(Config\Cache), false)
 9 FCPATH\index.php(55): CodeIgniter\CodeIgniter->run()
CRITICAL - 2022-10-13 23:26:21 --> Undefined variable $chk_activo_es
in APPPATH\Views\Mantenedor\servicios_formulario.php on line 31.
 1 APPPATH\Views\Mantenedor\servicios_formulario.php(31): CodeIgniter\Debug\Exceptions->errorHandler(2, 'Undefined variable $chk_activo_es', 'APPPATH\\Views\\Mantenedor\\servicios_formulario.php', 31)
 2 SYSTEMPATH\View\View.php(213): include('APPPATH\\Views\\Mantenedor\\servicios_formulario.php')
 3 SYSTEMPATH\View\View.php(216): CodeIgniter\View\View->CodeIgniter\View\{closure}()
 4 SYSTEMPATH\Common.php(1135): CodeIgniter\View\View->render('Mantenedor/servicios_formulario', [], true)
 5 APPPATH\Controllers\ES_mantenedoresController.php(786): view('Mantenedor/servicios_formulario', [...])
 6 SYSTEMPATH\CodeIgniter.php(896): App\Controllers\ES_mantenedoresController->serviciosEditarRegistro('5')
 7 SYSTEMPATH\CodeIgniter.php(466): CodeIgniter\CodeIgniter->runController(Object(App\Controllers\ES_mantenedoresController))
 8 SYSTEMPATH\CodeIgniter.php(349): CodeIgniter\CodeIgniter->handleRequest(null, Object(Config\Cache), false)
 9 FCPATH\index.php(55): CodeIgniter\CodeIgniter->run()
CRITICAL - 2022-10-13 23:32:10 --> pg_query(): Query failed: ERROR:  invalid input syntax for type boolean: &quot;&quot;
LINE 1: ...&quot; = '154630', &quot;descripcion&quot; = 'FONASA (2)', &quot;activo_es&quot; = ''
                                                                     ^
in SYSTEMPATH\Database\Postgre\Connection.php on line 135.
 1 [internal function]: CodeIgniter\Debug\Exceptions->errorHandler(2, 'pg_query(): Query failed: ERROR:  invalid input syntax for type boolean: &quot;&quot;
LINE 1: ...&quot; = \'154630\', &quot;descripcion&quot; = \'FONASA (2)\', &quot;activo_es&quot; = \'\'
                                                                     ^', 'SYSTEMPATH\\Database\\Postgre\\Connection.php', 135)
 2 SYSTEMPATH\Database\Postgre\Connection.php(135): pg_query(Object(PgSql\Connection), 'UPDATE "GRL_servicio" SET "cod_deis" = \'154630\', "descripcion" = \'FONASA (2)\', "activo_es" = \'\'
WHERE "GRL_servicio"."id" IN (\'5\')')
 3 SYSTEMPATH\Database\BaseConnection.php(695): CodeIgniter\Database\Postgre\Connection->execute('UPDATE "GRL_servicio" SET "cod_deis" = \'154630\', "descripcion" = \'FONASA (2)\', "activo_es" = \'\'
WHERE "GRL_servicio"."id" IN (\'5\')')
 4 SYSTEMPATH\Database\BaseConnection.php(609): CodeIgniter\Database\BaseConnection->simpleQuery('UPDATE "GRL_servicio" SET "cod_deis" = \'154630\', "descripcion" = \'FONASA (2)\', "activo_es" = \'\'
WHERE "GRL_servicio"."id" IN (\'5\')')
 5 SYSTEMPATH\Database\BaseBuilder.php(2046): CodeIgniter\Database\BaseConnection->query('UPDATE "GRL_servicio" SET "cod_deis" = :cod_deis:, "descripcion" = :descripcion:, "activo_es" = :activo_es:
WHERE "GRL_servicio"."id" IN :GRL_servicio.id:', [...], false)
 6 SYSTEMPATH\Model.php(337): CodeIgniter\Database\BaseBuilder->update()
 7 SYSTEMPATH\BaseModel.php(865): CodeIgniter\Model->doUpdate([...], [...])
 8 SYSTEMPATH\Model.php(692): CodeIgniter\BaseModel->update([...], [...])
 9 APPPATH\Models\ES_serviciosModel.php(47): CodeIgniter\Model->update('5', [...])
10 APPPATH\Controllers\ES_mantenedoresController.php(799): App\Models\ES_serviciosModel->editarRegistro('5', [...])
11 SYSTEMPATH\CodeIgniter.php(896): App\Controllers\ES_mantenedoresController->serviciosEditarRegistroGuardar()
12 SYSTEMPATH\CodeIgniter.php(466): CodeIgniter\CodeIgniter->runController(Object(App\Controllers\ES_mantenedoresController))
13 SYSTEMPATH\CodeIgniter.php(349): CodeIgniter\CodeIgniter->handleRequest(null, Object(Config\Cache), false)
14 FCPATH\index.php(55): CodeIgniter\CodeIgniter->run()
CRITICAL - 2022-10-13 23:38:53 --> pg_query(): Query failed: ERROR:  invalid input syntax for type boolean: &quot;&quot;
LINE 1: ...&quot; = '154630', &quot;descripcion&quot; = 'FONASA (2)', &quot;activo_es&quot; = ''
                                                                     ^
in SYSTEMPATH\Database\Postgre\Connection.php on line 135.
 1 [internal function]: CodeIgniter\Debug\Exceptions->errorHandler(2, 'pg_query(): Query failed: ERROR:  invalid input syntax for type boolean: &quot;&quot;
LINE 1: ...&quot; = \'154630\', &quot;descripcion&quot; = \'FONASA (2)\', &quot;activo_es&quot; = \'\'
                                                                     ^', 'SYSTEMPATH\\Database\\Postgre\\Connection.php', 135)
 2 SYSTEMPATH\Database\Postgre\Connection.php(135): pg_query(Object(PgSql\Connection), 'UPDATE "GRL_servicio" SET "cod_deis" = \'154630\', "descripcion" = \'FONASA (2)\', "activo_es" = \'\'
WHERE "GRL_servicio"."id" IN (\'5\')')
 3 SYSTEMPATH\Database\BaseConnection.php(695): CodeIgniter\Database\Postgre\Connection->execute('UPDATE "GRL_servicio" SET "cod_deis" = \'154630\', "descripcion" = \'FONASA (2)\', "activo_es" = \'\'
WHERE "GRL_servicio"."id" IN (\'5\')')
 4 SYSTEMPATH\Database\BaseConnection.php(609): CodeIgniter\Database\BaseConnection->simpleQuery('UPDATE "GRL_servicio" SET "cod_deis" = \'154630\', "descripcion" = \'FONASA (2)\', "activo_es" = \'\'
WHERE "GRL_servicio"."id" IN (\'5\')')
 5 SYSTEMPATH\Database\BaseBuilder.php(2046): CodeIgniter\Database\BaseConnection->query('UPDATE "GRL_servicio" SET "cod_deis" = :cod_deis:, "descripcion" = :descripcion:, "activo_es" = :activo_es:
WHERE "GRL_servicio"."id" IN :GRL_servicio.id:', [...], false)
 6 SYSTEMPATH\Model.php(337): CodeIgniter\Database\BaseBuilder->update()
 7 SYSTEMPATH\BaseModel.php(865): CodeIgniter\Model->doUpdate([...], [...])
 8 SYSTEMPATH\Model.php(692): CodeIgniter\BaseModel->update([...], [...])
 9 APPPATH\Models\ES_serviciosModel.php(47): CodeIgniter\Model->update('5', [...])
10 APPPATH\Controllers\ES_mantenedoresController.php(799): App\Models\ES_serviciosModel->editarRegistro('5', [...])
11 SYSTEMPATH\CodeIgniter.php(896): App\Controllers\ES_mantenedoresController->serviciosEditarRegistroGuardar()
12 SYSTEMPATH\CodeIgniter.php(466): CodeIgniter\CodeIgniter->runController(Object(App\Controllers\ES_mantenedoresController))
13 SYSTEMPATH\CodeIgniter.php(349): CodeIgniter\CodeIgniter->handleRequest(null, Object(Config\Cache), false)
14 FCPATH\index.php(55): CodeIgniter\CodeIgniter->run()
CRITICAL - 2022-10-13 23:40:25 --> pg_query(): Query failed: ERROR:  invalid input syntax for type boolean: &quot;&quot;
LINE 1: ...&quot; = '154630', &quot;descripcion&quot; = 'FONASA (2)', &quot;activo_es&quot; = ''
                                                                     ^
in SYSTEMPATH\Database\Postgre\Connection.php on line 135.
 1 [internal function]: CodeIgniter\Debug\Exceptions->errorHandler(2, 'pg_query(): Query failed: ERROR:  invalid input syntax for type boolean: &quot;&quot;
LINE 1: ...&quot; = \'154630\', &quot;descripcion&quot; = \'FONASA (2)\', &quot;activo_es&quot; = \'\'
                                                                     ^', 'SYSTEMPATH\\Database\\Postgre\\Connection.php', 135)
 2 SYSTEMPATH\Database\Postgre\Connection.php(135): pg_query(Object(PgSql\Connection), 'UPDATE "GRL_servicio" SET "cod_deis" = \'154630\', "descripcion" = \'FONASA (2)\', "activo_es" = \'\'
WHERE "GRL_servicio"."id" IN (\'5\')')
 3 SYSTEMPATH\Database\BaseConnection.php(695): CodeIgniter\Database\Postgre\Connection->execute('UPDATE "GRL_servicio" SET "cod_deis" = \'154630\', "descripcion" = \'FONASA (2)\', "activo_es" = \'\'
WHERE "GRL_servicio"."id" IN (\'5\')')
 4 SYSTEMPATH\Database\BaseConnection.php(609): CodeIgniter\Database\BaseConnection->simpleQuery('UPDATE "GRL_servicio" SET "cod_deis" = \'154630\', "descripcion" = \'FONASA (2)\', "activo_es" = \'\'
WHERE "GRL_servicio"."id" IN (\'5\')')
 5 SYSTEMPATH\Database\BaseBuilder.php(2046): CodeIgniter\Database\BaseConnection->query('UPDATE "GRL_servicio" SET "cod_deis" = :cod_deis:, "descripcion" = :descripcion:, "activo_es" = :activo_es:
WHERE "GRL_servicio"."id" IN :GRL_servicio.id:', [...], false)
 6 SYSTEMPATH\Model.php(337): CodeIgniter\Database\BaseBuilder->update()
 7 SYSTEMPATH\BaseModel.php(865): CodeIgniter\Model->doUpdate([...], [...])
 8 SYSTEMPATH\Model.php(692): CodeIgniter\BaseModel->update([...], [...])
 9 APPPATH\Models\ES_serviciosModel.php(47): CodeIgniter\Model->update('5', [...])
10 APPPATH\Controllers\ES_mantenedoresController.php(799): App\Models\ES_serviciosModel->editarRegistro('5', [...])
11 SYSTEMPATH\CodeIgniter.php(896): App\Controllers\ES_mantenedoresController->serviciosEditarRegistroGuardar()
12 SYSTEMPATH\CodeIgniter.php(466): CodeIgniter\CodeIgniter->runController(Object(App\Controllers\ES_mantenedoresController))
13 SYSTEMPATH\CodeIgniter.php(349): CodeIgniter\CodeIgniter->handleRequest(null, Object(Config\Cache), false)
14 FCPATH\index.php(55): CodeIgniter\CodeIgniter->run()
CRITICAL - 2022-10-13 23:42:34 --> pg_query(): Query failed: ERROR:  invalid input syntax for type boolean: &quot;&quot;
LINE 1: ...&quot; = '154630', &quot;descripcion&quot; = 'FONASA (2)', &quot;activo_es&quot; = ''
                                                                     ^
in SYSTEMPATH\Database\Postgre\Connection.php on line 135.
 1 [internal function]: CodeIgniter\Debug\Exceptions->errorHandler(2, 'pg_query(): Query failed: ERROR:  invalid input syntax for type boolean: &quot;&quot;
LINE 1: ...&quot; = \'154630\', &quot;descripcion&quot; = \'FONASA (2)\', &quot;activo_es&quot; = \'\'
                                                                     ^', 'SYSTEMPATH\\Database\\Postgre\\Connection.php', 135)
 2 SYSTEMPATH\Database\Postgre\Connection.php(135): pg_query(Object(PgSql\Connection), 'UPDATE "GRL_servicio" SET "cod_deis" = \'154630\', "descripcion" = \'FONASA (2)\', "activo_es" = \'\'
WHERE "GRL_servicio"."id" IN (\'5\')')
 3 SYSTEMPATH\Database\BaseConnection.php(695): CodeIgniter\Database\Postgre\Connection->execute('UPDATE "GRL_servicio" SET "cod_deis" = \'154630\', "descripcion" = \'FONASA (2)\', "activo_es" = \'\'
WHERE "GRL_servicio"."id" IN (\'5\')')
 4 SYSTEMPATH\Database\BaseConnection.php(609): CodeIgniter\Database\BaseConnection->simpleQuery('UPDATE "GRL_servicio" SET "cod_deis" = \'154630\', "descripcion" = \'FONASA (2)\', "activo_es" = \'\'
WHERE "GRL_servicio"."id" IN (\'5\')')
 5 SYSTEMPATH\Database\BaseBuilder.php(2046): CodeIgniter\Database\BaseConnection->query('UPDATE "GRL_servicio" SET "cod_deis" = :cod_deis:, "descripcion" = :descripcion:, "activo_es" = :activo_es:
WHERE "GRL_servicio"."id" IN :GRL_servicio.id:', [...], false)
 6 SYSTEMPATH\Model.php(337): CodeIgniter\Database\BaseBuilder->update()
 7 SYSTEMPATH\BaseModel.php(865): CodeIgniter\Model->doUpdate([...], [...])
 8 SYSTEMPATH\Model.php(692): CodeIgniter\BaseModel->update([...], [...])
 9 APPPATH\Models\ES_serviciosModel.php(47): CodeIgniter\Model->update('5', [...])
10 APPPATH\Controllers\ES_mantenedoresController.php(799): App\Models\ES_serviciosModel->editarRegistro('5', [...])
11 SYSTEMPATH\CodeIgniter.php(896): App\Controllers\ES_mantenedoresController->serviciosEditarRegistroGuardar()
12 SYSTEMPATH\CodeIgniter.php(466): CodeIgniter\CodeIgniter->runController(Object(App\Controllers\ES_mantenedoresController))
13 SYSTEMPATH\CodeIgniter.php(349): CodeIgniter\CodeIgniter->handleRequest(null, Object(Config\Cache), false)
14 FCPATH\index.php(55): CodeIgniter\CodeIgniter->run()
CRITICAL - 2022-10-13 23:58:47 --> pg_query(): Query failed: ERROR:  invalid input syntax for type boolean: &quot;&quot;
LINE 1: ...&quot; = '154630', &quot;descripcion&quot; = 'FONASA (2)', &quot;activo_es&quot; = ''
                                                                     ^
in SYSTEMPATH\Database\Postgre\Connection.php on line 135.
 1 [internal function]: CodeIgniter\Debug\Exceptions->errorHandler(2, 'pg_query(): Query failed: ERROR:  invalid input syntax for type boolean: &quot;&quot;
LINE 1: ...&quot; = \'154630\', &quot;descripcion&quot; = \'FONASA (2)\', &quot;activo_es&quot; = \'\'
                                                                     ^', 'SYSTEMPATH\\Database\\Postgre\\Connection.php', 135)
 2 SYSTEMPATH\Database\Postgre\Connection.php(135): pg_query(Object(PgSql\Connection), 'UPDATE "GRL_servicio" SET "cod_deis" = \'154630\', "descripcion" = \'FONASA (2)\', "activo_es" = \'\'
WHERE "GRL_servicio"."id" IN (\'5\')')
 3 SYSTEMPATH\Database\BaseConnection.php(695): CodeIgniter\Database\Postgre\Connection->execute('UPDATE "GRL_servicio" SET "cod_deis" = \'154630\', "descripcion" = \'FONASA (2)\', "activo_es" = \'\'
WHERE "GRL_servicio"."id" IN (\'5\')')
 4 SYSTEMPATH\Database\BaseConnection.php(609): CodeIgniter\Database\BaseConnection->simpleQuery('UPDATE "GRL_servicio" SET "cod_deis" = \'154630\', "descripcion" = \'FONASA (2)\', "activo_es" = \'\'
WHERE "GRL_servicio"."id" IN (\'5\')')
 5 SYSTEMPATH\Database\BaseBuilder.php(2046): CodeIgniter\Database\BaseConnection->query('UPDATE "GRL_servicio" SET "cod_deis" = :cod_deis:, "descripcion" = :descripcion:, "activo_es" = :activo_es:
WHERE "GRL_servicio"."id" IN :GRL_servicio.id:', [...], false)
 6 SYSTEMPATH\Model.php(337): CodeIgniter\Database\BaseBuilder->update()
 7 SYSTEMPATH\BaseModel.php(865): CodeIgniter\Model->doUpdate([...], [...])
 8 SYSTEMPATH\Model.php(692): CodeIgniter\BaseModel->update([...], [...])
 9 APPPATH\Models\ES_serviciosModel.php(47): CodeIgniter\Model->update('5', [...])
10 APPPATH\Controllers\ES_mantenedoresController.php(799): App\Models\ES_serviciosModel->editarRegistro('5', [...])
11 SYSTEMPATH\CodeIgniter.php(896): App\Controllers\ES_mantenedoresController->serviciosEditarRegistroGuardar()
12 SYSTEMPATH\CodeIgniter.php(466): CodeIgniter\CodeIgniter->runController(Object(App\Controllers\ES_mantenedoresController))
13 SYSTEMPATH\CodeIgniter.php(349): CodeIgniter\CodeIgniter->handleRequest(null, Object(Config\Cache), false)
14 FCPATH\index.php(55): CodeIgniter\CodeIgniter->run()
CRITICAL - 2022-10-13 23:59:49 --> pg_query(): Query failed: ERROR:  invalid input syntax for type boolean: &quot;&quot;
LINE 1: ...&quot; = '154630', &quot;descripcion&quot; = 'FONASA (2)', &quot;activo_es&quot; = ''
                                                                     ^
in SYSTEMPATH\Database\Postgre\Connection.php on line 135.
 1 [internal function]: CodeIgniter\Debug\Exceptions->errorHandler(2, 'pg_query(): Query failed: ERROR:  invalid input syntax for type boolean: &quot;&quot;
LINE 1: ...&quot; = \'154630\', &quot;descripcion&quot; = \'FONASA (2)\', &quot;activo_es&quot; = \'\'
                                                                     ^', 'SYSTEMPATH\\Database\\Postgre\\Connection.php', 135)
 2 SYSTEMPATH\Database\Postgre\Connection.php(135): pg_query(Object(PgSql\Connection), 'UPDATE "GRL_servicio" SET "cod_deis" = \'154630\', "descripcion" = \'FONASA (2)\', "activo_es" = \'\'
WHERE "GRL_servicio"."id" IN (\'5\')')
 3 SYSTEMPATH\Database\BaseConnection.php(695): CodeIgniter\Database\Postgre\Connection->execute('UPDATE "GRL_servicio" SET "cod_deis" = \'154630\', "descripcion" = \'FONASA (2)\', "activo_es" = \'\'
WHERE "GRL_servicio"."id" IN (\'5\')')
 4 SYSTEMPATH\Database\BaseConnection.php(609): CodeIgniter\Database\BaseConnection->simpleQuery('UPDATE "GRL_servicio" SET "cod_deis" = \'154630\', "descripcion" = \'FONASA (2)\', "activo_es" = \'\'
WHERE "GRL_servicio"."id" IN (\'5\')')
 5 SYSTEMPATH\Database\BaseBuilder.php(2046): CodeIgniter\Database\BaseConnection->query('UPDATE "GRL_servicio" SET "cod_deis" = :cod_deis:, "descripcion" = :descripcion:, "activo_es" = :activo_es:
WHERE "GRL_servicio"."id" IN :GRL_servicio.id:', [...], false)
 6 SYSTEMPATH\Model.php(337): CodeIgniter\Database\BaseBuilder->update()
 7 SYSTEMPATH\BaseModel.php(865): CodeIgniter\Model->doUpdate([...], [...])
 8 SYSTEMPATH\Model.php(692): CodeIgniter\BaseModel->update([...], [...])
 9 APPPATH\Models\ES_serviciosModel.php(47): CodeIgniter\Model->update('5', [...])
10 APPPATH\Controllers\ES_mantenedoresController.php(799): App\Models\ES_serviciosModel->editarRegistro('5', [...])
11 SYSTEMPATH\CodeIgniter.php(896): App\Controllers\ES_mantenedoresController->serviciosEditarRegistroGuardar()
12 SYSTEMPATH\CodeIgniter.php(466): CodeIgniter\CodeIgniter->runController(Object(App\Controllers\ES_mantenedoresController))
13 SYSTEMPATH\CodeIgniter.php(349): CodeIgniter\CodeIgniter->handleRequest(null, Object(Config\Cache), false)
14 FCPATH\index.php(55): CodeIgniter\CodeIgniter->run()
